# JRE version: Java(TM) SE Runtime Environment (17.0.1+12) (build 17.0.1+12-LTS-39)
# Java VM: Java HotSpot(TM) 64-Bit Server VM (17.0.1+12-LTS-39, mixed mode, sharing, tiered, compressed oops, compressed class ptrs, g1 gc, windows-amd64)
GC Precious Log:
 CPUs: 4 total, 4 available
 Memory: 7880M
 Large Page Support: Disabled
 NUMA Support: Disabled
 Compressed Oops: Enabled (32-bit)
 Heap Region Size: 1M
 Heap Min Capacity: 8M
 Heap Initial Capacity: 124M
 Heap Max Capacity: 1972M
 Pre-touch: Disabled
 Parallel Workers: 4
 Concurrent Workers: 1
 Concurrent Refinement Workers: 4
 Periodic GC: Disabled
Heap:
 garbage-first heap   total 126976K, used 19420K [0x0000000084c00000, 0x0000000100000000)
  region size 1024K, 3 young (3072K), 3 survivors (3072K)
 Metaspace       used 26106K, committed 26432K, reserved 1073152K
  class space    used 3440K, committed 3584K, reserved 1048576K
GC Heap History (13 events):
Event: 0.215 GC heap before
{Heap before GC invocations=0 (full 0):
 garbage-first heap   total 126976K, used 14336K [0x0000000084c00000, 0x0000000100000000)
  region size 1024K, 13 young (13312K), 0 survivors (0K)
 Metaspace       used 1009K, committed 1152K, reserved 1056768K
  class space    used 84K, committed 128K, reserved 1048576K
}
Event: 0.219 GC heap after
{Heap after GC invocations=1 (full 0):
 garbage-first heap   total 126976K, used 6836K [0x0000000084c00000, 0x0000000100000000)
  region size 1024K, 2 young (2048K), 2 survivors (2048K)
 Metaspace       used 1009K, committed 1152K, reserved 1056768K
  class space    used 84K, committed 128K, reserved 1048576K
}
Event: 0.377 GC heap before
{Heap before GC invocations=1 (full 0):
 garbage-first heap   total 126976K, used 21172K [0x0000000084c00000, 0x0000000100000000)
  region size 1024K, 16 young (16384K), 2 survivors (2048K)
 Metaspace       used 2236K, committed 2368K, reserved 1056768K
  class space    used 226K, committed 320K, reserved 1048576K
}
Event: 0.383 GC heap after
{Heap after GC invocations=2 (full 0):
 garbage-first heap   total 126976K, used 10856K [0x0000000084c00000, 0x0000000100000000)
  region size 1024K, 2 young (2048K), 2 survivors (2048K)
 Metaspace       used 2236K, committed 2368K, reserved 1056768K
  class space    used 226K, committed 320K, reserved 1048576K
}
Event: 2.499 GC heap before
{Heap before GC invocations=2 (full 0):
 garbage-first heap   total 126976K, used 83560K [0x0000000084c00000, 0x0000000100000000)
  region size 1024K, 74 young (75776K), 2 survivors (2048K)
 Metaspace       used 17773K, committed 18048K, reserved 1064960K
  class space    used 2428K, committed 2560K, reserved 1048576K
}
Event: 2.506 GC heap after
{Heap after GC invocations=3 (full 0):
 garbage-first heap   total 126976K, used 15617K [0x0000000084c00000, 0x0000000100000000)
  region size 1024K, 7 young (7168K), 7 survivors (7168K)
 Metaspace       used 17773K, committed 18048K, reserved 1064960K
  class space    used 2428K, committed 2560K, reserved 1048576K
}
Event: 2.897 GC heap before
{Heap before GC invocations=3 (full 0):
 garbage-first heap   total 126976K, used 38145K [0x0000000084c00000, 0x0000000100000000)
  region size 1024K, 30 young (30720K), 7 survivors (7168K)
 Metaspace       used 21247K, committed 21504K, reserved 1073152K
  class space    used 2859K, committed 3008K, reserved 1048576K
}
Event: 2.906 GC heap after
{Heap after GC invocations=4 (full 0):
 garbage-first heap   total 126976K, used 17432K [0x0000000084c00000, 0x0000000100000000)
  region size 1024K, 7 young (7168K), 7 survivors (7168K)
 Metaspace       used 21247K, committed 21504K, reserved 1073152K
  class space    used 2859K, committed 3008K, reserved 1048576K
}
Event: 2.940 GC heap before
{Heap before GC invocations=5 (full 0):
 garbage-first heap   total 126976K, used 85016K [0x0000000084c00000, 0x0000000100000000)
  region size 1024K, 74 young (75776K), 7 survivors (7168K)
 Metaspace       used 21412K, committed 21696K, reserved 1073152K
  class space    used 2867K, committed 3008K, reserved 1048576K
}
Event: 2.949 GC heap after
{Heap after GC invocations=6 (full 0):
 garbage-first heap   total 126976K, used 17238K [0x0000000084c00000, 0x0000000100000000)
  region size 1024K, 2 young (2048K), 2 survivors (2048K)
 Metaspace       used 21412K, committed 21696K, reserved 1073152K
  class space    used 2867K, committed 3008K, reserved 1048576K
}
Event: 2.952 GC heap before
{Heap before GC invocations=6 (full 0):
 garbage-first heap   total 126976K, used 20310K [0x0000000084c00000, 0x0000000100000000)
  region size 1024K, 6 young (6144K), 2 survivors (2048K)
 Metaspace       used 21424K, committed 21696K, reserved 1073152K
  class space    used 2870K, committed 3008K, reserved 1048576K
}
Event: 2.958 GC heap after
{Heap after GC invocations=7 (full 0):
 garbage-first heap   total 126976K, used 17250K [0x0000000084c00000, 0x0000000100000000)
  region size 1024K, 1 young (1024K), 1 survivors (1024K)
 Metaspace       used 21424K, committed 21696K, reserved 1073152K
  class space    used 2870K, committed 3008K, reserved 1048576K
}
Event: 3.782 GC heap before
{Heap before GC invocations=7 (full 0):
 garbage-first heap   total 126976K, used 90978K [0x0000000084c00000, 0x0000000100000000)
  region size 1024K, 74 young (75776K), 1 survivors (1024K)
 Metaspace       used 26106K, committed 26432K, reserved 1073152K
  class space    used 3440K, committed 3584K, reserved 1048576K
}

