# JRE version: OpenJDK Runtime Environment Temurin-17.0.6+10 (17.0.6+10) (build 17.0.6+10)
# Java VM: OpenJDK 64-Bit Server VM Temurin-17.0.6+10 (17.0.6+10, mixed mode, tiered, compressed oops, compressed class ptrs, g1 gc, windows-amd64)
GC Precious Log:
 CPUs: 4 total, 4 available
 Memory: 7880M
 Large Page Support: Disabled
 NUMA Support: Disabled
 Compressed Oops: Enabled (32-bit)
 Heap Region Size: 1M
 Heap Min Capacity: 8M
 Heap Initial Capacity: 124M
 Heap Max Capacity: 1972M
 Pre-touch: Disabled
 Parallel Workers: 4
 Concurrent Workers: 1
 Concurrent Refinement Workers: 4
 Periodic GC: Disabled
Heap:
 garbage-first heap   total 131072K, used 82549K [0x0000000084c00000, 0x0000000100000000)
  region size 1024K, 31 young (31744K), 6 survivors (6144K)
 Metaspace       used 100038K, committed 100608K, reserved 1138688K
  class space    used 13457K, committed 13760K, reserved 1048576K
GC Heap History (20 events):
Event: 70.181 GC heap before
{Heap before GC invocations=43 (full 0):
 garbage-first heap   total 131072K, used 101000K [0x0000000084c00000, 0x0000000100000000)
  region size 1024K, 66 young (67584K), 5 survivors (5120K)
 Metaspace       used 85454K, committed 85952K, reserved 1130496K
  class space    used 11244K, committed 11456K, reserved 1048576K
}
Event: 70.205 GC heap after
{Heap after GC invocations=44 (full 0):
 garbage-first heap   total 131072K, used 43331K [0x0000000084c00000, 0x0000000100000000)
  region size 1024K, 8 young (8192K), 8 survivors (8192K)
 Metaspace       used 85454K, committed 85952K, reserved 1130496K
  class space    used 11244K, committed 11456K, reserved 1048576K
}
Event: 72.845 GC heap before
{Heap before GC invocations=44 (full 0):
 garbage-first heap   total 131072K, used 102723K [0x0000000084c00000, 0x0000000100000000)
  region size 1024K, 67 young (68608K), 8 survivors (8192K)
 Metaspace       used 88333K, committed 88832K, reserved 1130496K
  class space    used 11739K, committed 11968K, reserved 1048576K
}
Event: 72.857 GC heap after
{Heap after GC invocations=45 (full 0):
 garbage-first heap   total 131072K, used 45964K [0x0000000084c00000, 0x0000000100000000)
  region size 1024K, 7 young (7168K), 7 survivors (7168K)
 Metaspace       used 88333K, committed 88832K, reserved 1130496K
  class space    used 11739K, committed 11968K, reserved 1048576K
}
Event: 75.423 GC heap before
{Heap before GC invocations=45 (full 0):
 garbage-first heap   total 131072K, used 106380K [0x0000000084c00000, 0x0000000100000000)
  region size 1024K, 66 young (67584K), 7 survivors (7168K)
 Metaspace       used 90004K, committed 90432K, reserved 1130496K
  class space    used 11965K, committed 12160K, reserved 1048576K
}
Event: 75.438 GC heap after
{Heap after GC invocations=46 (full 0):
 garbage-first heap   total 131072K, used 48856K [0x0000000084c00000, 0x0000000100000000)
  region size 1024K, 6 young (6144K), 6 survivors (6144K)
 Metaspace       used 90004K, committed 90432K, reserved 1130496K
  class space    used 11965K, committed 12160K, reserved 1048576K
}
Event: 75.988 GC heap before
{Heap before GC invocations=46 (full 0):
 garbage-first heap   total 131072K, used 68312K [0x0000000084c00000, 0x0000000100000000)
  region size 1024K, 26 young (26624K), 6 survivors (6144K)
 Metaspace       used 90383K, committed 90816K, reserved 1130496K
  class space    used 12017K, committed 12224K, reserved 1048576K
}
Event: 76.009 GC heap after
{Heap after GC invocations=47 (full 0):
 garbage-first heap   total 131072K, used 49837K [0x0000000084c00000, 0x0000000100000000)
  region size 1024K, 4 young (4096K), 4 survivors (4096K)
 Metaspace       used 90383K, committed 90816K, reserved 1130496K
  class space    used 12017K, committed 12224K, reserved 1048576K
}
Event: 79.504 GC heap before
{Heap before GC invocations=48 (full 0):
 garbage-first heap   total 131072K, used 108205K [0x0000000084c00000, 0x0000000100000000)
  region size 1024K, 61 young (62464K), 4 survivors (4096K)
 Metaspace       used 91573K, committed 92096K, reserved 1130496K
  class space    used 12229K, committed 12480K, reserved 1048576K
}
Event: 79.514 GC heap after
{Heap after GC invocations=49 (full 0):
 garbage-first heap   total 131072K, used 51900K [0x0000000084c00000, 0x0000000100000000)
  region size 1024K, 6 young (6144K), 6 survivors (6144K)
 Metaspace       used 91573K, committed 92096K, reserved 1130496K
  class space    used 12229K, committed 12480K, reserved 1048576K
}
Event: 79.523 GC heap before
{Heap before GC invocations=49 (full 0):
 garbage-first heap   total 131072K, used 52924K [0x0000000084c00000, 0x0000000100000000)
  region size 1024K, 7 young (7168K), 6 survivors (6144K)
 Metaspace       used 91580K, committed 92160K, reserved 1130496K
  class space    used 12230K, committed 12480K, reserved 1048576K
}
Event: 79.540 GC heap after
{Heap after GC invocations=50 (full 0):
 garbage-first heap   total 131072K, used 51919K [0x0000000084c00000, 0x0000000100000000)
  region size 1024K, 1 young (1024K), 1 survivors (1024K)
 Metaspace       used 91580K, committed 92160K, reserved 1130496K
  class space    used 12230K, committed 12480K, reserved 1048576K
}
Event: 81.101 GC heap before
{Heap before GC invocations=50 (full 0):
 garbage-first heap   total 131072K, used 108239K [0x0000000084c00000, 0x0000000100000000)
  region size 1024K, 56 young (57344K), 1 survivors (1024K)
 Metaspace       used 92476K, committed 93056K, reserved 1130496K
  class space    used 12358K, committed 12672K, reserved 1048576K
}
Event: 81.111 GC heap after
{Heap after GC invocations=51 (full 0):
 garbage-first heap   total 131072K, used 53770K [0x0000000084c00000, 0x0000000100000000)
  region size 1024K, 3 young (3072K), 3 survivors (3072K)
 Metaspace       used 92476K, committed 93056K, reserved 1130496K
  class space    used 12358K, committed 12672K, reserved 1048576K
}
Event: 82.851 GC heap before
{Heap before GC invocations=51 (full 0):
 garbage-first heap   total 131072K, used 109066K [0x0000000084c00000, 0x0000000100000000)
  region size 1024K, 57 young (58368K), 3 survivors (3072K)
 Metaspace       used 93010K, committed 93568K, reserved 1130496K
  class space    used 12450K, committed 12736K, reserved 1048576K
}
Event: 82.858 GC heap after
{Heap after GC invocations=52 (full 0):
 garbage-first heap   total 131072K, used 55667K [0x0000000084c00000, 0x0000000100000000)
  region size 1024K, 5 young (5120K), 5 survivors (5120K)
 Metaspace       used 93010K, committed 93568K, reserved 1130496K
  class space    used 12450K, committed 12736K, reserved 1048576K
}
Event: 85.149 GC heap before
{Heap before GC invocations=52 (full 0):
 garbage-first heap   total 131072K, used 108915K [0x0000000084c00000, 0x0000000100000000)
  region size 1024K, 57 young (58368K), 5 survivors (5120K)
 Metaspace       used 94037K, committed 94528K, reserved 1138688K
  class space    used 12626K, committed 12864K, reserved 1048576K
}
Event: 85.159 GC heap after
{Heap after GC invocations=53 (full 0):
 garbage-first heap   total 131072K, used 57176K [0x0000000084c00000, 0x0000000100000000)
  region size 1024K, 6 young (6144K), 6 survivors (6144K)
 Metaspace       used 94037K, committed 94528K, reserved 1138688K
  class space    used 12626K, committed 12864K, reserved 1048576K
}
Event: 87.232 GC heap before
{Heap before GC invocations=53 (full 0):
 garbage-first heap   total 131072K, used 110424K [0x0000000084c00000, 0x0000000100000000)
  region size 1024K, 58 young (59392K), 6 survivors (6144K)
 Metaspace       used 96587K, committed 97152K, reserved 1138688K
  class space    used 12996K, committed 13248K, reserved 1048576K
}
Event: 87.244 GC heap after
{Heap after GC invocations=54 (full 0):
 garbage-first heap   total 131072K, used 58997K [0x0000000084c00000, 0x0000000100000000)
  region size 1024K, 6 young (6144K), 6 survivors (6144K)
 Metaspace       used 96587K, committed 97152K, reserved 1138688K
  class space    used 12996K, committed 13248K, reserved 1048576K
}

