# JRE version: OpenJDK Runtime Environment Temurin-17.0.6+10 (17.0.6+10) (build 17.0.6+10)
# Java VM: OpenJDK 64-Bit Server VM Temurin-17.0.6+10 (17.0.6+10, mixed mode, emulated-client, tiered, compressed oops, compressed class ptrs, g1 gc, windows-amd64)
GC Precious Log:
 CPUs: 4 total, 4 available
 Memory: 7880M
 Large Page Support: Disabled
 NUMA Support: Disabled
 Compressed Oops: Enabled (32-bit)
 Heap Region Size: 1M
 Heap Min Capacity: 8M
 Heap Initial Capacity: 124M
 Heap Max Capacity: 1972M
 Pre-touch: Disabled
 Parallel Workers: 4
 Concurrent Workers: 1
 Concurrent Refinement Workers: 4
 Periodic GC: Disabled
Heap:
 garbage-first heap   total 71680K, used 34355K [0x0000000084c00000, 0x0000000100000000)
  region size 1024K, 13 young (13312K), 6 survivors (6144K)
 Metaspace       used 40243K, committed 40640K, reserved 1089536K
  class space    used 5218K, committed 5376K, reserved 1048576K
GC Heap History (20 events):
Event: 1.893 GC heap before
{Heap before GC invocations=0 (full 0):
 garbage-first heap   total 126976K, used 15360K [0x0000000084c00000, 0x0000000100000000)
  region size 1024K, 13 young (13312K), 0 survivors (0K)
 Metaspace       used 11122K, committed 11328K, reserved 1064960K
  class space    used 1113K, committed 1216K, reserved 1048576K
}
Event: 1.910 GC heap after
{Heap after GC invocations=1 (full 0):
 garbage-first heap   total 126976K, used 9105K [0x0000000084c00000, 0x0000000100000000)
  region size 1024K, 2 young (2048K), 2 survivors (2048K)
 Metaspace       used 11122K, committed 11328K, reserved 1064960K
  class space    used 1113K, committed 1216K, reserved 1048576K
}
Event: 2.421 GC heap before
{Heap before GC invocations=1 (full 0):
 garbage-first heap   total 126976K, used 16273K [0x0000000084c00000, 0x0000000100000000)
  region size 1024K, 9 young (9216K), 2 survivors (2048K)
 Metaspace       used 15043K, committed 15296K, reserved 1064960K
  class space    used 1573K, committed 1664K, reserved 1048576K
}
Event: 2.426 GC heap after
{Heap after GC invocations=2 (full 0):
 garbage-first heap   total 126976K, used 10552K [0x0000000084c00000, 0x0000000100000000)
  region size 1024K, 2 young (2048K), 2 survivors (2048K)
 Metaspace       used 15043K, committed 15296K, reserved 1064960K
  class space    used 1573K, committed 1664K, reserved 1048576K
}
Event: 4.307 GC heap before
{Heap before GC invocations=2 (full 0):
 garbage-first heap   total 126976K, used 28984K [0x0000000084c00000, 0x0000000100000000)
  region size 1024K, 20 young (20480K), 2 survivors (2048K)
 Metaspace       used 17127K, committed 17408K, reserved 1064960K
  class space    used 1873K, committed 1984K, reserved 1048576K
}
Event: 4.312 GC heap after
{Heap after GC invocations=3 (full 0):
 garbage-first heap   total 126976K, used 11035K [0x0000000084c00000, 0x0000000100000000)
  region size 1024K, 2 young (2048K), 2 survivors (2048K)
 Metaspace       used 17127K, committed 17408K, reserved 1064960K
  class space    used 1873K, committed 1984K, reserved 1048576K
}
Event: 10.807 GC heap before
{Heap before GC invocations=3 (full 0):
 garbage-first heap   total 126976K, used 30491K [0x0000000084c00000, 0x0000000100000000)
  region size 1024K, 23 young (23552K), 2 survivors (2048K)
 Metaspace       used 21268K, committed 21568K, reserved 1073152K
  class space    used 2516K, committed 2624K, reserved 1048576K
}
Event: 10.811 GC heap after
{Heap after GC invocations=4 (full 0):
 garbage-first heap   total 126976K, used 12565K [0x0000000084c00000, 0x0000000100000000)
  region size 1024K, 4 young (4096K), 4 survivors (4096K)
 Metaspace       used 21268K, committed 21568K, reserved 1073152K
  class space    used 2516K, committed 2624K, reserved 1048576K
}
Event: 11.211 GC heap before
{Heap before GC invocations=5 (full 0):
 garbage-first heap   total 48128K, used 36117K [0x0000000084c00000, 0x0000000100000000)
  region size 1024K, 28 young (28672K), 4 survivors (4096K)
 Metaspace       used 26788K, committed 27072K, reserved 1073152K
  class space    used 3180K, committed 3328K, reserved 1048576K
}
Event: 11.218 GC heap after
{Heap after GC invocations=6 (full 0):
 garbage-first heap   total 48128K, used 13931K [0x0000000084c00000, 0x0000000100000000)
  region size 1024K, 4 young (4096K), 4 survivors (4096K)
 Metaspace       used 26788K, committed 27072K, reserved 1073152K
  class space    used 3180K, committed 3328K, reserved 1048576K
}
Event: 11.238 GC heap before
{Heap before GC invocations=6 (full 0):
 garbage-first heap   total 48128K, used 14955K [0x0000000084c00000, 0x0000000100000000)
  region size 1024K, 5 young (5120K), 4 survivors (4096K)
 Metaspace       used 26943K, committed 27264K, reserved 1073152K
  class space    used 3196K, committed 3392K, reserved 1048576K
}
Event: 11.243 GC heap after
{Heap after GC invocations=7 (full 0):
 garbage-first heap   total 48128K, used 13884K [0x0000000084c00000, 0x0000000100000000)
  region size 1024K, 1 young (1024K), 1 survivors (1024K)
 Metaspace       used 26943K, committed 27264K, reserved 1073152K
  class space    used 3196K, committed 3392K, reserved 1048576K
}
Event: 11.883 GC heap before
{Heap before GC invocations=7 (full 0):
 garbage-first heap   total 48128K, used 31292K [0x0000000084c00000, 0x0000000100000000)
  region size 1024K, 18 young (18432K), 1 survivors (1024K)
 Metaspace       used 29583K, committed 29888K, reserved 1081344K
  class space    used 3549K, committed 3648K, reserved 1048576K
}
Event: 11.894 GC heap after
{Heap after GC invocations=8 (full 0):
 garbage-first heap   total 79872K, used 15302K [0x0000000084c00000, 0x0000000100000000)
  region size 1024K, 2 young (2048K), 2 survivors (2048K)
 Metaspace       used 29583K, committed 29888K, reserved 1081344K
  class space    used 3549K, committed 3648K, reserved 1048576K
}
Event: 15.123 GC heap before
{Heap before GC invocations=8 (full 0):
 garbage-first heap   total 79872K, used 58310K [0x0000000084c00000, 0x0000000100000000)
  region size 1024K, 44 young (45056K), 2 survivors (2048K)
 Metaspace       used 32954K, committed 33280K, reserved 1081344K
  class space    used 4056K, committed 4224K, reserved 1048576K
}
Event: 15.129 GC heap after
{Heap after GC invocations=9 (full 0):
 garbage-first heap   total 79872K, used 18108K [0x0000000084c00000, 0x0000000100000000)
  region size 1024K, 5 young (5120K), 5 survivors (5120K)
 Metaspace       used 32954K, committed 33280K, reserved 1081344K
  class space    used 4056K, committed 4224K, reserved 1048576K
}
Event: 16.744 GC heap before
{Heap before GC invocations=9 (full 0):
 garbage-first heap   total 79872K, used 39612K [0x0000000084c00000, 0x0000000100000000)
  region size 1024K, 28 young (28672K), 5 survivors (5120K)
 Metaspace       used 35681K, committed 36096K, reserved 1081344K
  class space    used 4583K, committed 4800K, reserved 1048576K
}
Event: 16.752 GC heap after
{Heap after GC invocations=10 (full 0):
 garbage-first heap   total 79872K, used 19491K [0x0000000084c00000, 0x0000000100000000)
  region size 1024K, 5 young (5120K), 5 survivors (5120K)
 Metaspace       used 35681K, committed 36096K, reserved 1081344K
  class space    used 4583K, committed 4800K, reserved 1048576K
}
Event: 17.906 GC heap before
{Heap before GC invocations=11 (full 0):
 garbage-first heap   total 71680K, used 59427K [0x0000000084c00000, 0x0000000100000000)
  region size 1024K, 41 young (41984K), 5 survivors (5120K)
 Metaspace       used 39614K, committed 40064K, reserved 1089536K
  class space    used 5159K, committed 5376K, reserved 1048576K
}
Event: 17.915 GC heap after
{Heap after GC invocations=12 (full 0):
 garbage-first heap   total 71680K, used 27187K [0x0000000084c00000, 0x0000000100000000)
  region size 1024K, 6 young (6144K), 6 survivors (6144K)
 Metaspace       used 39614K, committed 40064K, reserved 1089536K
  class space    used 5159K, committed 5376K, reserved 1048576K
}

