# JRE version: OpenJDK Runtime Environment Temurin-17.0.6+10 (17.0.6+10) (build 17.0.6+10)
# Java VM: OpenJDK 64-Bit Server VM Temurin-17.0.6+10 (17.0.6+10, mixed mode, tiered, compressed oops, compressed class ptrs, g1 gc, windows-amd64)
GC Precious Log:
 CPUs: 4 total, 4 available
 Memory: 7880M
 Large Page Support: Disabled
 NUMA Support: Disabled
 Compressed Oops: Enabled (32-bit)
 Heap Region Size: 1M
 Heap Min Capacity: 8M
 Heap Initial Capacity: 124M
 Heap Max Capacity: 1972M
 Pre-touch: Disabled
 Parallel Workers: 4
 Concurrent Workers: 1
 Concurrent Refinement Workers: 4
 Periodic GC: Disabled
Heap:
 garbage-first heap   total 61440K, used 35463K [0x0000000084c00000, 0x0000000100000000)
  region size 1024K, 7 young (7168K), 2 survivors (2048K)
 Metaspace       used 61472K, committed 61952K, reserved 1105920K
  class space    used 7684K, committed 7872K, reserved 1048576K
GC Heap History (20 events):
Event: 12.626 GC heap before
{Heap before GC invocations=10 (full 0):
 garbage-first heap   total 45056K, used 28014K [0x0000000084c00000, 0x0000000100000000)
  region size 1024K, 12 young (12288K), 2 survivors (2048K)
 Metaspace       used 35651K, committed 35968K, reserved 1081344K
  class space    used 4240K, committed 4352K, reserved 1048576K
}
Event: 12.631 GC heap after
{Heap after GC invocations=11 (full 0):
 garbage-first heap   total 45056K, used 19637K [0x0000000084c00000, 0x0000000100000000)
  region size 1024K, 2 young (2048K), 2 survivors (2048K)
 Metaspace       used 35651K, committed 35968K, reserved 1081344K
  class space    used 4240K, committed 4352K, reserved 1048576K
}
Event: 13.813 GC heap before
{Heap before GC invocations=12 (full 0):
 garbage-first heap   total 45056K, used 31925K [0x0000000084c00000, 0x0000000100000000)
  region size 1024K, 15 young (15360K), 2 survivors (2048K)
 Metaspace       used 37760K, committed 38144K, reserved 1089536K
  class space    used 4555K, committed 4736K, reserved 1048576K
}
Event: 13.823 GC heap after
{Heap after GC invocations=13 (full 0):
 garbage-first heap   total 45056K, used 21137K [0x0000000084c00000, 0x0000000100000000)
  region size 1024K, 2 young (2048K), 2 survivors (2048K)
 Metaspace       used 37760K, committed 38144K, reserved 1089536K
  class space    used 4555K, committed 4736K, reserved 1048576K
}
Event: 14.695 GC heap before
{Heap before GC invocations=13 (full 0):
 garbage-first heap   total 45056K, used 33425K [0x0000000084c00000, 0x0000000100000000)
  region size 1024K, 14 young (14336K), 2 survivors (2048K)
 Metaspace       used 39896K, committed 40320K, reserved 1089536K
  class space    used 4839K, committed 5056K, reserved 1048576K
}
Event: 14.700 GC heap after
{Heap after GC invocations=14 (full 0):
 garbage-first heap   total 45056K, used 22382K [0x0000000084c00000, 0x0000000100000000)
  region size 1024K, 2 young (2048K), 2 survivors (2048K)
 Metaspace       used 39896K, committed 40320K, reserved 1089536K
  class space    used 4839K, committed 5056K, reserved 1048576K
}
Event: 14.762 GC heap before
{Heap before GC invocations=15 (full 0):
 garbage-first heap   total 45056K, used 23406K [0x0000000084c00000, 0x0000000100000000)
  region size 1024K, 5 young (5120K), 2 survivors (2048K)
 Metaspace       used 39898K, committed 40320K, reserved 1089536K
  class space    used 4839K, committed 5056K, reserved 1048576K
}
Event: 14.766 GC heap after
{Heap after GC invocations=16 (full 0):
 garbage-first heap   total 45056K, used 23071K [0x0000000084c00000, 0x0000000100000000)
  region size 1024K, 2 young (2048K), 2 survivors (2048K)
 Metaspace       used 39898K, committed 40320K, reserved 1089536K
  class space    used 4839K, committed 5056K, reserved 1048576K
}
Event: 14.859 GC heap before
{Heap before GC invocations=17 (full 0):
 garbage-first heap   total 48128K, used 30239K [0x0000000084c00000, 0x0000000100000000)
  region size 1024K, 9 young (9216K), 2 survivors (2048K)
 Metaspace       used 39909K, committed 40384K, reserved 1089536K
  class space    used 4840K, committed 5056K, reserved 1048576K
}
Event: 14.864 GC heap after
{Heap after GC invocations=18 (full 0):
 garbage-first heap   total 48128K, used 25979K [0x0000000084c00000, 0x0000000100000000)
  region size 1024K, 2 young (2048K), 2 survivors (2048K)
 Metaspace       used 39909K, committed 40384K, reserved 1089536K
  class space    used 4840K, committed 5056K, reserved 1048576K
}
Event: 15.264 GC heap before
{Heap before GC invocations=19 (full 0):
 garbage-first heap   total 51200K, used 39291K [0x0000000084c00000, 0x0000000100000000)
  region size 1024K, 12 young (12288K), 2 survivors (2048K)
 Metaspace       used 41055K, committed 41472K, reserved 1089536K
  class space    used 4949K, committed 5120K, reserved 1048576K
}
Event: 15.269 GC heap after
{Heap after GC invocations=20 (full 0):
 garbage-first heap   total 61440K, used 27000K [0x0000000084c00000, 0x0000000100000000)
  region size 1024K, 2 young (2048K), 2 survivors (2048K)
 Metaspace       used 41055K, committed 41472K, reserved 1089536K
  class space    used 4949K, committed 5120K, reserved 1048576K
}
Event: 17.489 GC heap before
{Heap before GC invocations=20 (full 0):
 garbage-first heap   total 61440K, used 46456K [0x0000000084c00000, 0x0000000100000000)
  region size 1024K, 21 young (21504K), 2 survivors (2048K)
 Metaspace       used 43033K, committed 43456K, reserved 1089536K
  class space    used 5222K, committed 5440K, reserved 1048576K
}
Event: 17.493 GC heap after
{Heap after GC invocations=21 (full 0):
 garbage-first heap   total 61440K, used 27097K [0x0000000084c00000, 0x0000000100000000)
  region size 1024K, 1 young (1024K), 1 survivors (1024K)
 Metaspace       used 43033K, committed 43456K, reserved 1089536K
  class space    used 5222K, committed 5440K, reserved 1048576K
}
Event: 20.552 GC heap before
{Heap before GC invocations=21 (full 0):
 garbage-first heap   total 61440K, used 46553K [0x0000000084c00000, 0x0000000100000000)
  region size 1024K, 21 young (21504K), 1 survivors (1024K)
 Metaspace       used 48207K, committed 48704K, reserved 1097728K
  class space    used 6010K, committed 6272K, reserved 1048576K
}
Event: 20.555 GC heap after
{Heap after GC invocations=22 (full 0):
 garbage-first heap   total 61440K, used 27959K [0x0000000084c00000, 0x0000000100000000)
  region size 1024K, 2 young (2048K), 2 survivors (2048K)
 Metaspace       used 48207K, committed 48704K, reserved 1097728K
  class space    used 6010K, committed 6272K, reserved 1048576K
}
Event: 22.210 GC heap before
{Heap before GC invocations=22 (full 0):
 garbage-first heap   total 61440K, used 47415K [0x0000000084c00000, 0x0000000100000000)
  region size 1024K, 22 young (22528K), 2 survivors (2048K)
 Metaspace       used 56595K, committed 57088K, reserved 1105920K
  class space    used 7067K, committed 7296K, reserved 1048576K
}
Event: 22.220 GC heap after
{Heap after GC invocations=23 (full 0):
 garbage-first heap   total 61440K, used 30085K [0x0000000084c00000, 0x0000000100000000)
  region size 1024K, 3 young (3072K), 3 survivors (3072K)
 Metaspace       used 56595K, committed 57088K, reserved 1105920K
  class space    used 7067K, committed 7296K, reserved 1048576K
}
Event: 23.530 GC heap before
{Heap before GC invocations=23 (full 0):
 garbage-first heap   total 61440K, used 47493K [0x0000000084c00000, 0x0000000100000000)
  region size 1024K, 21 young (21504K), 3 survivors (3072K)
 Metaspace       used 59934K, committed 60416K, reserved 1105920K
  class space    used 7515K, committed 7744K, reserved 1048576K
}
Event: 23.535 GC heap after
{Heap after GC invocations=24 (full 0):
 garbage-first heap   total 61440K, used 31367K [0x0000000084c00000, 0x0000000100000000)
  region size 1024K, 2 young (2048K), 2 survivors (2048K)
 Metaspace       used 59934K, committed 60416K, reserved 1105920K
  class space    used 7515K, committed 7744K, reserved 1048576K
}

