# JRE version: OpenJDK Runtime Environment Temurin-17.0.6+10 (17.0.6+10) (build 17.0.6+10)
# Java VM: OpenJDK 64-Bit Server VM Temurin-17.0.6+10 (17.0.6+10, mixed mode, emulated-client, tiered, compressed oops, compressed class ptrs, g1 gc, windows-amd64)
GC Precious Log:
 CPUs: 4 total, 4 available
 Memory: 7880M
 Large Page Support: Disabled
 NUMA Support: Disabled
 Compressed Oops: Enabled (32-bit)
 Heap Region Size: 1M
 Heap Min Capacity: 8M
 Heap Initial Capacity: 124M
 Heap Max Capacity: 1972M
 Pre-touch: Disabled
 Parallel Workers: 4
 Concurrent Workers: 1
 Concurrent Refinement Workers: 4
 Periodic GC: Disabled
Heap:
 garbage-first heap   total 126976K, used 97188K [0x0000000084c00000, 0x0000000100000000)
  region size 1024K, 54 young (55296K), 3 survivors (3072K)
 Metaspace       used 91405K, committed 92032K, reserved 1130496K
  class space    used 12944K, committed 13248K, reserved 1048576K
GC Heap History (20 events):
Event: 40.380 GC heap before
{Heap before GC invocations=30 (full 0):
 garbage-first heap   total 60416K, used 48121K [0x0000000084c00000, 0x0000000100000000)
  region size 1024K, 17 young (17408K), 2 survivors (2048K)
 Metaspace       used 69187K, committed 69760K, reserved 1114112K
  class space    used 9467K, committed 9728K, reserved 1048576K
}
Event: 40.386 GC heap after
{Heap after GC invocations=31 (full 0):
 garbage-first heap   total 60416K, used 33978K [0x0000000084c00000, 0x0000000100000000)
  region size 1024K, 3 young (3072K), 3 survivors (3072K)
 Metaspace       used 69187K, committed 69760K, reserved 1114112K
  class space    used 9467K, committed 9728K, reserved 1048576K
}
Event: 41.487 GC heap before
{Heap before GC invocations=31 (full 0):
 garbage-first heap   total 60416K, used 47290K [0x0000000084c00000, 0x0000000100000000)
  region size 1024K, 17 young (17408K), 3 survivors (3072K)
 Metaspace       used 72189K, committed 72704K, reserved 1114112K
  class space    used 9913K, committed 10176K, reserved 1048576K
}
Event: 41.494 GC heap after
{Heap after GC invocations=32 (full 0):
 garbage-first heap   total 60416K, used 35367K [0x0000000084c00000, 0x0000000100000000)
  region size 1024K, 3 young (3072K), 3 survivors (3072K)
 Metaspace       used 72189K, committed 72704K, reserved 1114112K
  class space    used 9913K, committed 10176K, reserved 1048576K
}
Event: 41.896 GC heap before
{Heap before GC invocations=33 (full 0):
 garbage-first heap   total 61440K, used 48679K [0x0000000084c00000, 0x0000000100000000)
  region size 1024K, 16 young (16384K), 3 survivors (3072K)
 Metaspace       used 72749K, committed 73216K, reserved 1114112K
  class space    used 10081K, committed 10304K, reserved 1048576K
}
Event: 41.902 GC heap after
{Heap after GC invocations=34 (full 0):
 garbage-first heap   total 61440K, used 36048K [0x0000000084c00000, 0x0000000100000000)
  region size 1024K, 1 young (1024K), 1 survivors (1024K)
 Metaspace       used 72749K, committed 73216K, reserved 1114112K
  class space    used 10081K, committed 10304K, reserved 1048576K
}
Event: 41.969 GC heap before
{Heap before GC invocations=34 (full 0):
 garbage-first heap   total 61440K, used 37072K [0x0000000084c00000, 0x0000000100000000)
  region size 1024K, 3 young (3072K), 1 survivors (1024K)
 Metaspace       used 73049K, committed 73600K, reserved 1114112K
  class space    used 10104K, committed 10368K, reserved 1048576K
}
Event: 41.973 GC heap after
{Heap after GC invocations=35 (full 0):
 garbage-first heap   total 61440K, used 35114K [0x0000000084c00000, 0x0000000100000000)
  region size 1024K, 1 young (1024K), 1 survivors (1024K)
 Metaspace       used 73049K, committed 73600K, reserved 1114112K
  class space    used 10104K, committed 10368K, reserved 1048576K
}
Event: 42.657 GC heap before
{Heap before GC invocations=35 (full 0):
 garbage-first heap   total 61440K, used 48426K [0x0000000084c00000, 0x0000000100000000)
  region size 1024K, 15 young (15360K), 1 survivors (1024K)
 Metaspace       used 74448K, committed 74944K, reserved 1114112K
  class space    used 10455K, committed 10688K, reserved 1048576K
}
Event: 42.660 GC heap after
{Heap after GC invocations=36 (full 0):
 garbage-first heap   total 61440K, used 36116K [0x0000000084c00000, 0x0000000100000000)
  region size 1024K, 2 young (2048K), 2 survivors (2048K)
 Metaspace       used 74448K, committed 74944K, reserved 1114112K
  class space    used 10455K, committed 10688K, reserved 1048576K
}
Event: 42.990 GC heap before
{Heap before GC invocations=37 (full 0):
 garbage-first heap   total 71680K, used 49428K [0x0000000084c00000, 0x0000000100000000)
  region size 1024K, 15 young (15360K), 2 survivors (2048K)
 Metaspace       used 74450K, committed 74944K, reserved 1114112K
  class space    used 10455K, committed 10688K, reserved 1048576K
}
Event: 42.992 GC heap after
{Heap after GC invocations=38 (full 0):
 garbage-first heap   total 71680K, used 36384K [0x0000000084c00000, 0x0000000100000000)
  region size 1024K, 1 young (1024K), 1 survivors (1024K)
 Metaspace       used 74450K, committed 74944K, reserved 1114112K
  class space    used 10455K, committed 10688K, reserved 1048576K
}
Event: 43.002 GC heap before
{Heap before GC invocations=38 (full 0):
 garbage-first heap   total 71680K, used 38432K [0x0000000084c00000, 0x0000000100000000)
  region size 1024K, 3 young (3072K), 1 survivors (1024K)
 Metaspace       used 74452K, committed 74944K, reserved 1114112K
  class space    used 10455K, committed 10688K, reserved 1048576K
}
Event: 43.004 GC heap after
{Heap after GC invocations=39 (full 0):
 garbage-first heap   total 71680K, used 36441K [0x0000000084c00000, 0x0000000100000000)
  region size 1024K, 1 young (1024K), 1 survivors (1024K)
 Metaspace       used 74452K, committed 74944K, reserved 1114112K
  class space    used 10455K, committed 10688K, reserved 1048576K
}
Event: 45.208 GC heap before
{Heap before GC invocations=39 (full 0):
 garbage-first heap   total 71680K, used 57945K [0x0000000084c00000, 0x0000000100000000)
  region size 1024K, 22 young (22528K), 1 survivors (1024K)
 Metaspace       used 78188K, committed 78720K, reserved 1122304K
  class space    used 10983K, committed 11200K, reserved 1048576K
}
Event: 45.212 GC heap after
{Heap after GC invocations=40 (full 0):
 garbage-first heap   total 126976K, used 37664K [0x0000000084c00000, 0x0000000100000000)
  region size 1024K, 2 young (2048K), 2 survivors (2048K)
 Metaspace       used 78188K, committed 78720K, reserved 1122304K
  class space    used 10983K, committed 11200K, reserved 1048576K
}
Event: 71.611 GC heap before
{Heap before GC invocations=40 (full 0):
 garbage-first heap   total 126976K, used 100128K [0x0000000084c00000, 0x0000000100000000)
  region size 1024K, 63 young (64512K), 2 survivors (2048K)
 Metaspace       used 83912K, committed 84480K, reserved 1122304K
  class space    used 11879K, committed 12160K, reserved 1048576K
}
Event: 71.628 GC heap after
{Heap after GC invocations=41 (full 0):
 garbage-first heap   total 126976K, used 44078K [0x0000000084c00000, 0x0000000100000000)
  region size 1024K, 8 young (8192K), 8 survivors (8192K)
 Metaspace       used 83912K, committed 84480K, reserved 1122304K
  class space    used 11879K, committed 12160K, reserved 1048576K
}
Event: 368.213 GC heap before
{Heap before GC invocations=41 (full 0):
 garbage-first heap   total 126976K, used 94254K [0x0000000084c00000, 0x0000000100000000)
  region size 1024K, 58 young (59392K), 8 survivors (8192K)
 Metaspace       used 91159K, committed 91712K, reserved 1130496K
  class space    used 12899K, committed 13184K, reserved 1048576K
}
Event: 368.310 GC heap after
{Heap after GC invocations=42 (full 0):
 garbage-first heap   total 126976K, used 47012K [0x0000000084c00000, 0x0000000100000000)
  region size 1024K, 3 young (3072K), 3 survivors (3072K)
 Metaspace       used 91159K, committed 91712K, reserved 1130496K
  class space    used 12899K, committed 13184K, reserved 1048576K
}

