# JRE version: OpenJDK Runtime Environment Temurin-17.0.6+10 (17.0.6+10) (build 17.0.6+10)
# Java VM: OpenJDK 64-Bit Server VM Temurin-17.0.6+10 (17.0.6+10, mixed mode, emulated-client, tiered, compressed oops, compressed class ptrs, g1 gc, windows-amd64)
GC Precious Log:
 CPUs: 4 total, 4 available
 Memory: 7880M
 Large Page Support: Disabled
 NUMA Support: Disabled
 Compressed Oops: Enabled (32-bit)
 Heap Region Size: 1M
 Heap Min Capacity: 8M
 Heap Initial Capacity: 124M
 Heap Max Capacity: 1972M
 Pre-touch: Disabled
 Parallel Workers: 4
 Concurrent Workers: 1
 Concurrent Refinement Workers: 4
 Periodic GC: Disabled
Heap:
 garbage-first heap   total 122880K, used 70450K [0x0000000084c00000, 0x0000000100000000)
  region size 1024K, 31 young (31744K), 8 survivors (8192K)
 Metaspace       used 94374K, committed 95104K, reserved 1130496K
  class space    used 13222K, committed 13568K, reserved 1048576K
GC Heap History (20 events):
Event: 3079.019 GC heap before
{Heap before GC invocations=54 (full 6):
 garbage-first heap   total 122880K, used 97136K [0x0000000084c00000, 0x0000000100000000)
  region size 1024K, 57 young (58368K), 4 survivors (4096K)
 Metaspace       used 93210K, committed 93888K, reserved 1130496K
  class space    used 13104K, committed 13440K, reserved 1048576K
}
Event: 3079.030 GC heap after
{Heap after GC invocations=55 (full 6):
 garbage-first heap   total 122880K, used 45936K [0x0000000084c00000, 0x0000000100000000)
  region size 1024K, 7 young (7168K), 7 survivors (7168K)
 Metaspace       used 93210K, committed 93888K, reserved 1130496K
  class space    used 13104K, committed 13440K, reserved 1048576K
}
Event: 3136.922 GC heap before
{Heap before GC invocations=55 (full 6):
 garbage-first heap   total 122880K, used 56176K [0x0000000084c00000, 0x0000000100000000)
  region size 1024K, 18 young (18432K), 7 survivors (7168K)
 Metaspace       used 93244K, committed 93888K, reserved 1130496K
  class space    used 13112K, committed 13440K, reserved 1048576K
}
Event: 3136.985 GC heap after
{Heap after GC invocations=56 (full 7):
 garbage-first heap   total 122880K, used 39732K [0x0000000084c00000, 0x0000000100000000)
  region size 1024K, 0 young (0K), 0 survivors (0K)
 Metaspace       used 93234K, committed 93888K, reserved 1130496K
  class space    used 13110K, committed 13440K, reserved 1048576K
}
Event: 3138.171 GC heap before
{Heap before GC invocations=56 (full 7):
 garbage-first heap   total 122880K, used 96052K [0x0000000084c00000, 0x0000000100000000)
  region size 1024K, 55 young (56320K), 0 survivors (0K)
 Metaspace       used 93314K, committed 93952K, reserved 1130496K
  class space    used 13122K, committed 13440K, reserved 1048576K
}
Event: 3138.175 GC heap after
{Heap after GC invocations=57 (full 7):
 garbage-first heap   total 122880K, used 43725K [0x0000000084c00000, 0x0000000100000000)
  region size 1024K, 4 young (4096K), 4 survivors (4096K)
 Metaspace       used 93314K, committed 93952K, reserved 1130496K
  class space    used 13122K, committed 13440K, reserved 1048576K
}
Event: 3139.236 GC heap before
{Heap before GC invocations=57 (full 7):
 garbage-first heap   total 122880K, used 96973K [0x0000000084c00000, 0x0000000100000000)
  region size 1024K, 56 young (57344K), 4 survivors (4096K)
 Metaspace       used 93596K, committed 94208K, reserved 1130496K
  class space    used 13143K, committed 13440K, reserved 1048576K
}
Event: 3139.242 GC heap after
{Heap after GC invocations=58 (full 7):
 garbage-first heap   total 122880K, used 46695K [0x0000000084c00000, 0x0000000100000000)
  region size 1024K, 7 young (7168K), 7 survivors (7168K)
 Metaspace       used 93596K, committed 94208K, reserved 1130496K
  class space    used 13143K, committed 13440K, reserved 1048576K
}
Event: 3143.465 GC heap before
{Heap before GC invocations=58 (full 7):
 garbage-first heap   total 122880K, used 55911K [0x0000000084c00000, 0x0000000100000000)
  region size 1024K, 17 young (17408K), 7 survivors (7168K)
 Metaspace       used 93679K, committed 94400K, reserved 1130496K
  class space    used 13164K, committed 13504K, reserved 1048576K
}
Event: 3143.529 GC heap after
{Heap after GC invocations=59 (full 8):
 garbage-first heap   total 122880K, used 40080K [0x0000000084c00000, 0x0000000100000000)
  region size 1024K, 0 young (0K), 0 survivors (0K)
 Metaspace       used 93676K, committed 94400K, reserved 1130496K
  class space    used 13163K, committed 13504K, reserved 1048576K
}
Event: 3144.334 GC heap before
{Heap before GC invocations=59 (full 8):
 garbage-first heap   total 122880K, used 96400K [0x0000000084c00000, 0x0000000100000000)
  region size 1024K, 55 young (56320K), 0 survivors (0K)
 Metaspace       used 93778K, committed 94464K, reserved 1130496K
  class space    used 13178K, committed 13504K, reserved 1048576K
}
Event: 3144.338 GC heap after
{Heap after GC invocations=60 (full 8):
 garbage-first heap   total 122880K, used 44176K [0x0000000084c00000, 0x0000000100000000)
  region size 1024K, 4 young (4096K), 4 survivors (4096K)
 Metaspace       used 93778K, committed 94464K, reserved 1130496K
  class space    used 13178K, committed 13504K, reserved 1048576K
}
Event: 3145.343 GC heap before
{Heap before GC invocations=60 (full 8):
 garbage-first heap   total 122880K, used 97424K [0x0000000084c00000, 0x0000000100000000)
  region size 1024K, 56 young (57344K), 4 survivors (4096K)
 Metaspace       used 94027K, committed 94784K, reserved 1130496K
  class space    used 13193K, committed 13568K, reserved 1048576K
}
Event: 3145.350 GC heap after
{Heap after GC invocations=61 (full 8):
 garbage-first heap   total 122880K, used 47040K [0x0000000084c00000, 0x0000000100000000)
  region size 1024K, 7 young (7168K), 7 survivors (7168K)
 Metaspace       used 94027K, committed 94784K, reserved 1130496K
  class space    used 13193K, committed 13568K, reserved 1048576K
}
Event: 3212.205 GC heap before
{Heap before GC invocations=61 (full 8):
 garbage-first heap   total 122880K, used 59328K [0x0000000084c00000, 0x0000000100000000)
  region size 1024K, 20 young (20480K), 7 survivors (7168K)
 Metaspace       used 94053K, committed 94784K, reserved 1130496K
  class space    used 13198K, committed 13568K, reserved 1048576K
}
Event: 3212.265 GC heap after
{Heap after GC invocations=62 (full 9):
 garbage-first heap   total 122880K, used 40348K [0x0000000084c00000, 0x0000000100000000)
  region size 1024K, 0 young (0K), 0 survivors (0K)
 Metaspace       used 94050K, committed 94784K, reserved 1130496K
  class space    used 13197K, committed 13568K, reserved 1048576K
}
Event: 3213.321 GC heap before
{Heap before GC invocations=62 (full 9):
 garbage-first heap   total 122880K, used 97692K [0x0000000084c00000, 0x0000000100000000)
  region size 1024K, 56 young (57344K), 0 survivors (0K)
 Metaspace       used 94125K, committed 94848K, reserved 1130496K
  class space    used 13207K, committed 13568K, reserved 1048576K
}
Event: 3213.325 GC heap after
{Heap after GC invocations=63 (full 9):
 garbage-first heap   total 122880K, used 44444K [0x0000000084c00000, 0x0000000100000000)
  region size 1024K, 4 young (4096K), 4 survivors (4096K)
 Metaspace       used 94125K, committed 94848K, reserved 1130496K
  class space    used 13207K, committed 13568K, reserved 1048576K
}
Event: 3214.512 GC heap before
{Heap before GC invocations=63 (full 9):
 garbage-first heap   total 122880K, used 98716K [0x0000000084c00000, 0x0000000100000000)
  region size 1024K, 57 young (58368K), 4 survivors (4096K)
 Metaspace       used 94371K, committed 95104K, reserved 1130496K
  class space    used 13221K, committed 13568K, reserved 1048576K
}
Event: 3214.524 GC heap after
{Heap after GC invocations=64 (full 9):
 garbage-first heap   total 122880K, used 47922K [0x0000000084c00000, 0x0000000100000000)
  region size 1024K, 8 young (8192K), 8 survivors (8192K)
 Metaspace       used 94371K, committed 95104K, reserved 1130496K
  class space    used 13221K, committed 13568K, reserved 1048576K
}

