# JRE version: OpenJDK Runtime Environment Temurin-17.0.6+10 (17.0.6+10) (build 17.0.6+10)
# Java VM: OpenJDK 64-Bit Server VM Temurin-17.0.6+10 (17.0.6+10, mixed mode, emulated-client, tiered, compressed oops, compressed class ptrs, g1 gc, windows-amd64)
GC Precious Log:
 CPUs: 4 total, 4 available
 Memory: 7880M
 Large Page Support: Disabled
 NUMA Support: Disabled
 Compressed Oops: Enabled (32-bit)
 Heap Region Size: 1M
 Heap Min Capacity: 8M
 Heap Initial Capacity: 124M
 Heap Max Capacity: 1972M
 Pre-touch: Disabled
 Parallel Workers: 4
 Concurrent Workers: 1
 Concurrent Refinement Workers: 4
 Periodic GC: Disabled
Heap:
 garbage-first heap   total 94208K, used 45893K [0x0000000084c00000, 0x0000000100000000)
  region size 1024K, 2 young (2048K), 2 survivors (2048K)
 Metaspace       used 87627K, committed 88192K, reserved 1130496K
  class space    used 12412K, committed 12672K, reserved 1048576K
GC Heap History (20 events):
Event: 4.941 GC heap after
{Heap after GC invocations=13 (full 0):
 garbage-first heap   total 77824K, used 27969K [0x0000000084c00000, 0x0000000100000000)
  region size 1024K, 3 young (3072K), 3 survivors (3072K)
 Metaspace       used 43197K, committed 43648K, reserved 1089536K
  class space    used 5597K, committed 5824K, reserved 1048576K
}
Event: 5.506 GC heap before
{Heap before GC invocations=13 (full 0):
 garbage-first heap   total 77824K, used 57665K [0x0000000084c00000, 0x0000000100000000)
  region size 1024K, 32 young (32768K), 3 survivors (3072K)
 Metaspace       used 50331K, committed 50880K, reserved 1097728K
  class space    used 6695K, committed 6976K, reserved 1048576K
}
Event: 5.511 GC heap after
{Heap after GC invocations=14 (full 0):
 garbage-first heap   total 77824K, used 29654K [0x0000000084c00000, 0x0000000100000000)
  region size 1024K, 4 young (4096K), 4 survivors (4096K)
 Metaspace       used 50331K, committed 50880K, reserved 1097728K
  class space    used 6695K, committed 6976K, reserved 1048576K
}
Event: 6.139 GC heap before
{Heap before GC invocations=14 (full 0):
 garbage-first heap   total 77824K, used 59350K [0x0000000084c00000, 0x0000000100000000)
  region size 1024K, 33 young (33792K), 4 survivors (4096K)
 Metaspace       used 59289K, committed 59776K, reserved 1105920K
  class space    used 7878K, committed 8128K, reserved 1048576K
}
Event: 6.144 GC heap after
{Heap after GC invocations=15 (full 0):
 garbage-first heap   total 77824K, used 31725K [0x0000000084c00000, 0x0000000100000000)
  region size 1024K, 5 young (5120K), 5 survivors (5120K)
 Metaspace       used 59289K, committed 59776K, reserved 1105920K
  class space    used 7878K, committed 8128K, reserved 1048576K
}
Event: 6.180 GC heap before
{Heap before GC invocations=15 (full 0):
 garbage-first heap   total 77824K, used 33773K [0x0000000084c00000, 0x0000000100000000)
  region size 1024K, 8 young (8192K), 5 survivors (5120K)
 Metaspace       used 59672K, committed 60160K, reserved 1105920K
  class space    used 7933K, committed 8192K, reserved 1048576K
}
Event: 6.183 GC heap after
{Heap after GC invocations=16 (full 0):
 garbage-first heap   total 77824K, used 32303K [0x0000000084c00000, 0x0000000100000000)
  region size 1024K, 1 young (1024K), 1 survivors (1024K)
 Metaspace       used 59672K, committed 60160K, reserved 1105920K
  class space    used 7933K, committed 8192K, reserved 1048576K
}
Event: 6.718 GC heap before
{Heap before GC invocations=17 (full 0):
 garbage-first heap   total 77824K, used 58927K [0x0000000084c00000, 0x0000000100000000)
  region size 1024K, 29 young (29696K), 1 survivors (1024K)
 Metaspace       used 67724K, committed 68288K, reserved 1114112K
  class space    used 9264K, committed 9536K, reserved 1048576K
}
Event: 6.720 GC heap after
{Heap after GC invocations=18 (full 0):
 garbage-first heap   total 77824K, used 31916K [0x0000000084c00000, 0x0000000100000000)
  region size 1024K, 2 young (2048K), 2 survivors (2048K)
 Metaspace       used 67724K, committed 68288K, reserved 1114112K
  class space    used 9264K, committed 9536K, reserved 1048576K
}
Event: 7.193 GC heap before
{Heap before GC invocations=19 (full 0):
 garbage-first heap   total 77824K, used 61612K [0x0000000084c00000, 0x0000000100000000)
  region size 1024K, 31 young (31744K), 2 survivors (2048K)
 Metaspace       used 72758K, committed 73216K, reserved 1114112K
  class space    used 10081K, committed 10304K, reserved 1048576K
}
Event: 7.198 GC heap after
{Heap after GC invocations=20 (full 0):
 garbage-first heap   total 77824K, used 34616K [0x0000000084c00000, 0x0000000100000000)
  region size 1024K, 4 young (4096K), 4 survivors (4096K)
 Metaspace       used 72758K, committed 73216K, reserved 1114112K
  class space    used 10081K, committed 10304K, reserved 1048576K
}
Event: 7.331 GC heap before
{Heap before GC invocations=20 (full 0):
 garbage-first heap   total 77824K, used 61240K [0x0000000084c00000, 0x0000000100000000)
  region size 1024K, 30 young (30720K), 4 survivors (4096K)
 Metaspace       used 74461K, committed 74944K, reserved 1114112K
  class space    used 10450K, committed 10688K, reserved 1048576K
}
Event: 7.337 GC heap after
{Heap after GC invocations=21 (full 0):
 garbage-first heap   total 94208K, used 36771K [0x0000000084c00000, 0x0000000100000000)
  region size 1024K, 3 young (3072K), 3 survivors (3072K)
 Metaspace       used 74461K, committed 74944K, reserved 1114112K
  class space    used 10450K, committed 10688K, reserved 1048576K
}
Event: 7.765 GC heap before
{Heap before GC invocations=21 (full 0):
 garbage-first heap   total 94208K, used 72611K [0x0000000084c00000, 0x0000000100000000)
  region size 1024K, 39 young (39936K), 3 survivors (3072K)
 Metaspace       used 78610K, committed 79168K, reserved 1122304K
  class space    used 11053K, committed 11328K, reserved 1048576K
}
Event: 7.770 GC heap after
{Heap after GC invocations=22 (full 0):
 garbage-first heap   total 94208K, used 37952K [0x0000000084c00000, 0x0000000100000000)
  region size 1024K, 4 young (4096K), 4 survivors (4096K)
 Metaspace       used 78610K, committed 79168K, reserved 1122304K
  class space    used 11053K, committed 11328K, reserved 1048576K
}
Event: 8.738 GC heap before
{Heap before GC invocations=22 (full 0):
 garbage-first heap   total 94208K, used 73792K [0x0000000084c00000, 0x0000000100000000)
  region size 1024K, 39 young (39936K), 4 survivors (4096K)
 Metaspace       used 81799K, committed 82432K, reserved 1122304K
  class space    used 11547K, committed 11840K, reserved 1048576K
}
Event: 8.751 GC heap after
{Heap after GC invocations=23 (full 0):
 garbage-first heap   total 94208K, used 41102K [0x0000000084c00000, 0x0000000100000000)
  region size 1024K, 5 young (5120K), 5 survivors (5120K)
 Metaspace       used 81799K, committed 82432K, reserved 1122304K
  class space    used 11547K, committed 11840K, reserved 1048576K
}
Event: 9.372 GC heap before
{Heap before GC invocations=23 (full 0):
 garbage-first heap   total 94208K, used 74894K [0x0000000084c00000, 0x0000000100000000)
  region size 1024K, 38 young (38912K), 5 survivors (5120K)
 Metaspace       used 86792K, committed 87360K, reserved 1130496K
  class space    used 12283K, committed 12544K, reserved 1048576K
}
Event: 9.383 GC heap after
{Heap after GC invocations=24 (full 0):
 garbage-first heap   total 94208K, used 44755K [0x0000000084c00000, 0x0000000100000000)
  region size 1024K, 4 young (4096K), 4 survivors (4096K)
 Metaspace       used 86792K, committed 87360K, reserved 1130496K
  class space    used 12283K, committed 12544K, reserved 1048576K
}
Event: 624.990 GC heap before
{Heap before GC invocations=24 (full 0):
 garbage-first heap   total 94208K, used 74451K [0x0000000084c00000, 0x0000000100000000)
  region size 1024K, 33 young (33792K), 4 survivors (4096K)
 Metaspace       used 87627K, committed 88192K, reserved 1130496K
  class space    used 12412K, committed 12672K, reserved 1048576K
}

