# JRE version: OpenJDK Runtime Environment Temurin-17.0.6+10 (17.0.6+10) (build 17.0.6+10)
# Java VM: OpenJDK 64-Bit Server VM Temurin-17.0.6+10 (17.0.6+10, mixed mode, tiered, compressed oops, compressed class ptrs, g1 gc, windows-amd64)
GC Precious Log:
 CPUs: 4 total, 4 available
 Memory: 7880M
 Large Page Support: Disabled
 NUMA Support: Disabled
 Compressed Oops: Enabled (32-bit)
 Heap Region Size: 1M
 Heap Min Capacity: 8M
 Heap Initial Capacity: 124M
 Heap Max Capacity: 1972M
 Pre-touch: Disabled
 Parallel Workers: 4
 Concurrent Workers: 1
 Concurrent Refinement Workers: 4
 Periodic GC: Disabled
Heap:
 garbage-first heap   total 126976K, used 44539K [0x0000000084c00000, 0x0000000100000000)
  region size 1024K, 2 young (2048K), 2 survivors (2048K)
 Metaspace       used 84606K, committed 85184K, reserved 1122304K
  class space    used 11186K, committed 11456K, reserved 1048576K
GC Heap History (20 events):
Event: 16.344 GC heap after
{Heap after GC invocations=26 (full 0):
 garbage-first heap   total 82944K, used 33875K [0x0000000084c00000, 0x0000000100000000)
  region size 1024K, 3 young (3072K), 3 survivors (3072K)
 Metaspace       used 49966K, committed 50432K, reserved 1097728K
  class space    used 6052K, committed 6272K, reserved 1048576K
}
Event: 18.031 GC heap before
{Heap before GC invocations=26 (full 0):
 garbage-first heap   total 82944K, used 65619K [0x0000000084c00000, 0x0000000100000000)
  region size 1024K, 34 young (34816K), 3 survivors (3072K)
 Metaspace       used 56084K, committed 56512K, reserved 1105920K
  class space    used 6997K, committed 7232K, reserved 1048576K
}
Event: 18.038 GC heap after
{Heap after GC invocations=27 (full 0):
 garbage-first heap   total 82944K, used 35277K [0x0000000084c00000, 0x0000000100000000)
  region size 1024K, 4 young (4096K), 4 survivors (4096K)
 Metaspace       used 56084K, committed 56512K, reserved 1105920K
  class space    used 6997K, committed 7232K, reserved 1048576K
}
Event: 19.986 GC heap before
{Heap before GC invocations=27 (full 0):
 garbage-first heap   total 82944K, used 67021K [0x0000000084c00000, 0x0000000100000000)
  region size 1024K, 35 young (35840K), 4 survivors (4096K)
 Metaspace       used 66705K, committed 67136K, reserved 1114112K
  class space    used 8305K, committed 8512K, reserved 1048576K
}
Event: 20.003 GC heap after
{Heap after GC invocations=28 (full 0):
 garbage-first heap   total 82944K, used 38000K [0x0000000084c00000, 0x0000000100000000)
  region size 1024K, 5 young (5120K), 5 survivors (5120K)
 Metaspace       used 66705K, committed 67136K, reserved 1114112K
  class space    used 8305K, committed 8512K, reserved 1048576K
}
Event: 21.300 GC heap before
{Heap before GC invocations=28 (full 0):
 garbage-first heap   total 82944K, used 65648K [0x0000000084c00000, 0x0000000100000000)
  region size 1024K, 33 young (33792K), 5 survivors (5120K)
 Metaspace       used 74400K, committed 74880K, reserved 1114112K
  class space    used 9548K, committed 9792K, reserved 1048576K
}
Event: 21.307 GC heap after
{Heap after GC invocations=29 (full 0):
 garbage-first heap   total 82944K, used 39305K [0x0000000084c00000, 0x0000000100000000)
  region size 1024K, 2 young (2048K), 2 survivors (2048K)
 Metaspace       used 74400K, committed 74880K, reserved 1114112K
  class space    used 9548K, committed 9792K, reserved 1048576K
}
Event: 21.312 GC heap before
{Heap before GC invocations=29 (full 0):
 garbage-first heap   total 82944K, used 39305K [0x0000000084c00000, 0x0000000100000000)
  region size 1024K, 3 young (3072K), 2 survivors (2048K)
 Metaspace       used 74434K, committed 74880K, reserved 1114112K
  class space    used 9554K, committed 9792K, reserved 1048576K
}
Event: 21.314 GC heap after
{Heap after GC invocations=30 (full 0):
 garbage-first heap   total 82944K, used 38998K [0x0000000084c00000, 0x0000000100000000)
  region size 1024K, 2 young (2048K), 2 survivors (2048K)
 Metaspace       used 74434K, committed 74880K, reserved 1114112K
  class space    used 9554K, committed 9792K, reserved 1048576K
}
Event: 22.039 GC heap before
{Heap before GC invocations=31 (full 0):
 garbage-first heap   total 82944K, used 67670K [0x0000000084c00000, 0x0000000100000000)
  region size 1024K, 30 young (30720K), 2 survivors (2048K)
 Metaspace       used 76778K, committed 77248K, reserved 1122304K
  class space    used 9903K, committed 10112K, reserved 1048576K
}
Event: 22.045 GC heap after
{Heap after GC invocations=32 (full 0):
 garbage-first heap   total 82944K, used 40878K [0x0000000084c00000, 0x0000000100000000)
  region size 1024K, 3 young (3072K), 3 survivors (3072K)
 Metaspace       used 76778K, committed 77248K, reserved 1122304K
  class space    used 9903K, committed 10112K, reserved 1048576K
}
Event: 22.058 GC heap before
{Heap before GC invocations=32 (full 0):
 garbage-first heap   total 82944K, used 41902K [0x0000000084c00000, 0x0000000100000000)
  region size 1024K, 4 young (4096K), 3 survivors (3072K)
 Metaspace       used 76778K, committed 77248K, reserved 1122304K
  class space    used 9903K, committed 10112K, reserved 1048576K
}
Event: 22.064 GC heap after
{Heap after GC invocations=33 (full 0):
 garbage-first heap   total 82944K, used 40821K [0x0000000084c00000, 0x0000000100000000)
  region size 1024K, 1 young (1024K), 1 survivors (1024K)
 Metaspace       used 76778K, committed 77248K, reserved 1122304K
  class space    used 9903K, committed 10112K, reserved 1048576K
}
Event: 22.976 GC heap before
{Heap before GC invocations=33 (full 0):
 garbage-first heap   total 82944K, used 67445K [0x0000000084c00000, 0x0000000100000000)
  region size 1024K, 27 young (27648K), 1 survivors (1024K)
 Metaspace       used 80351K, committed 80832K, reserved 1122304K
  class space    used 10474K, committed 10688K, reserved 1048576K
}
Event: 22.979 GC heap after
{Heap after GC invocations=34 (full 0):
 garbage-first heap   total 82944K, used 42116K [0x0000000084c00000, 0x0000000100000000)
  region size 1024K, 2 young (2048K), 2 survivors (2048K)
 Metaspace       used 80351K, committed 80832K, reserved 1122304K
  class space    used 10474K, committed 10688K, reserved 1048576K
}
Event: 23.463 GC heap before
{Heap before GC invocations=35 (full 0):
 garbage-first heap   total 82944K, used 66692K [0x0000000084c00000, 0x0000000100000000)
  region size 1024K, 27 young (27648K), 2 survivors (2048K)
 Metaspace       used 84092K, committed 84608K, reserved 1122304K
  class space    used 11125K, committed 11392K, reserved 1048576K
}
Event: 23.468 GC heap after
{Heap after GC invocations=36 (full 0):
 garbage-first heap   total 82944K, used 43870K [0x0000000084c00000, 0x0000000100000000)
  region size 1024K, 4 young (4096K), 4 survivors (4096K)
 Metaspace       used 84092K, committed 84608K, reserved 1122304K
  class space    used 11125K, committed 11392K, reserved 1048576K
}
Event: 23.477 GC heap before
{Heap before GC invocations=36 (full 0):
 garbage-first heap   total 82944K, used 43870K [0x0000000084c00000, 0x0000000100000000)
  region size 1024K, 5 young (5120K), 4 survivors (4096K)
 Metaspace       used 84092K, committed 84608K, reserved 1122304K
  class space    used 11125K, committed 11392K, reserved 1048576K
}
Event: 23.483 GC heap after
{Heap after GC invocations=37 (full 0):
 garbage-first heap   total 82944K, used 43854K [0x0000000084c00000, 0x0000000100000000)
  region size 1024K, 1 young (1024K), 1 survivors (1024K)
 Metaspace       used 84092K, committed 84608K, reserved 1122304K
  class space    used 11125K, committed 11392K, reserved 1048576K
}
Event: 23.773 GC heap before
{Heap before GC invocations=37 (full 0):
 garbage-first heap   total 82944K, used 67406K [0x0000000084c00000, 0x0000000100000000)
  region size 1024K, 24 young (24576K), 1 survivors (1024K)
 Metaspace       used 84606K, committed 85184K, reserved 1122304K
  class space    used 11186K, committed 11456K, reserved 1048576K
}

