# JRE version: OpenJDK Runtime Environment Temurin-17.0.6+10 (17.0.6+10) (build 17.0.6+10)
# Java VM: OpenJDK 64-Bit Server VM Temurin-17.0.6+10 (17.0.6+10, mixed mode, emulated-client, tiered, compressed oops, compressed class ptrs, g1 gc, windows-amd64)
GC Precious Log:
 CPUs: 4 total, 4 available
 Memory: 7880M
 Large Page Support: Disabled
 NUMA Support: Disabled
 Compressed Oops: Enabled (32-bit)
 Heap Region Size: 1M
 Heap Min Capacity: 8M
 Heap Initial Capacity: 124M
 Heap Max Capacity: 1972M
 Pre-touch: Disabled
 Parallel Workers: 4
 Concurrent Workers: 1
 Concurrent Refinement Workers: 4
 Periodic GC: Disabled
Heap:
 garbage-first heap   total 146432K, used 59392K [0x0000000084c00000, 0x0000000100000000)
  region size 1024K, 5 young (5120K), 5 survivors (5120K)
 Metaspace       used 89185K, committed 89792K, reserved 1130496K
  class space    used 12520K, committed 12800K, reserved 1048576K
GC Heap History (20 events):
Event: 5.299 GC heap after
{Heap after GC invocations=15 (full 0):
 garbage-first heap   total 121856K, used 29127K [0x0000000084c00000, 0x0000000100000000)
  region size 1024K, 7 young (7168K), 7 survivors (7168K)
 Metaspace       used 44461K, committed 44864K, reserved 1089536K
  class space    used 5875K, committed 6080K, reserved 1048576K
}
Event: 5.955 GC heap before
{Heap before GC invocations=15 (full 0):
 garbage-first heap   total 121856K, used 100807K [0x0000000084c00000, 0x0000000100000000)
  region size 1024K, 71 young (72704K), 7 survivors (7168K)
 Metaspace       used 49641K, committed 50176K, reserved 1097728K
  class space    used 6502K, committed 6720K, reserved 1048576K
}
Event: 5.966 GC heap after
{Heap after GC invocations=16 (full 0):
 garbage-first heap   total 121856K, used 35452K [0x0000000084c00000, 0x0000000100000000)
  region size 1024K, 9 young (9216K), 9 survivors (9216K)
 Metaspace       used 49641K, committed 50176K, reserved 1097728K
  class space    used 6502K, committed 6720K, reserved 1048576K
}
Event: 6.414 GC heap before
{Heap before GC invocations=16 (full 0):
 garbage-first heap   total 121856K, used 93820K [0x0000000084c00000, 0x0000000100000000)
  region size 1024K, 66 young (67584K), 9 survivors (9216K)
 Metaspace       used 51433K, committed 51968K, reserved 1097728K
  class space    used 6778K, committed 7040K, reserved 1048576K
}
Event: 6.424 GC heap after
{Heap after GC invocations=17 (full 0):
 garbage-first heap   total 121856K, used 38610K [0x0000000084c00000, 0x0000000100000000)
  region size 1024K, 3 young (3072K), 3 survivors (3072K)
 Metaspace       used 51433K, committed 51968K, reserved 1097728K
  class space    used 6778K, committed 7040K, reserved 1048576K
}
Event: 7.124 GC heap before
{Heap before GC invocations=17 (full 0):
 garbage-first heap   total 121856K, used 85714K [0x0000000084c00000, 0x0000000100000000)
  region size 1024K, 50 young (51200K), 3 survivors (3072K)
 Metaspace       used 60505K, committed 60928K, reserved 1105920K
  class space    used 8047K, committed 8256K, reserved 1048576K
}
Event: 7.130 GC heap after
{Heap after GC invocations=18 (full 0):
 garbage-first heap   total 121856K, used 40658K [0x0000000084c00000, 0x0000000100000000)
  region size 1024K, 5 young (5120K), 5 survivors (5120K)
 Metaspace       used 60505K, committed 60928K, reserved 1105920K
  class space    used 8047K, committed 8256K, reserved 1048576K
}
Event: 8.187 GC heap before
{Heap before GC invocations=19 (full 0):
 garbage-first heap   total 121856K, used 96978K [0x0000000084c00000, 0x0000000100000000)
  region size 1024K, 61 young (62464K), 5 survivors (5120K)
 Metaspace       used 74946K, committed 75520K, reserved 1122304K
  class space    used 10261K, committed 10560K, reserved 1048576K
}
Event: 8.194 GC heap after
{Heap after GC invocations=20 (full 0):
 garbage-first heap   total 121856K, used 43586K [0x0000000084c00000, 0x0000000100000000)
  region size 1024K, 6 young (6144K), 6 survivors (6144K)
 Metaspace       used 74946K, committed 75520K, reserved 1122304K
  class space    used 10261K, committed 10560K, reserved 1048576K
}
Event: 8.769 GC heap before
{Heap before GC invocations=21 (full 0):
 garbage-first heap   total 121856K, used 98882K [0x0000000084c00000, 0x0000000100000000)
  region size 1024K, 60 young (61440K), 6 survivors (6144K)
 Metaspace       used 80327K, committed 80896K, reserved 1122304K
  class space    used 11141K, committed 11392K, reserved 1048576K
}
Event: 8.778 GC heap after
{Heap after GC invocations=22 (full 0):
 garbage-first heap   total 121856K, used 47102K [0x0000000084c00000, 0x0000000100000000)
  region size 1024K, 7 young (7168K), 7 survivors (7168K)
 Metaspace       used 80327K, committed 80896K, reserved 1122304K
  class space    used 11141K, committed 11392K, reserved 1048576K
}
Event: 9.206 GC heap before
{Heap before GC invocations=22 (full 0):
 garbage-first heap   total 121856K, used 99326K [0x0000000084c00000, 0x0000000100000000)
  region size 1024K, 58 young (59392K), 7 survivors (7168K)
 Metaspace       used 84162K, committed 84800K, reserved 1122304K
  class space    used 11801K, committed 12096K, reserved 1048576K
}
Event: 9.215 GC heap after
{Heap after GC invocations=23 (full 0):
 garbage-first heap   total 146432K, used 49978K [0x0000000084c00000, 0x0000000100000000)
  region size 1024K, 7 young (7168K), 7 survivors (7168K)
 Metaspace       used 84162K, committed 84800K, reserved 1122304K
  class space    used 11801K, committed 12096K, reserved 1048576K
}
Event: 9.612 GC heap before
{Heap before GC invocations=23 (full 0):
 garbage-first heap   total 146432K, used 117562K [0x0000000084c00000, 0x0000000100000000)
  region size 1024K, 73 young (74752K), 7 survivors (7168K)
 Metaspace       used 85421K, committed 86016K, reserved 1130496K
  class space    used 12007K, committed 12288K, reserved 1048576K
}
Event: 9.621 GC heap after
{Heap after GC invocations=24 (full 0):
 garbage-first heap   total 146432K, used 51873K [0x0000000084c00000, 0x0000000100000000)
  region size 1024K, 5 young (5120K), 5 survivors (5120K)
 Metaspace       used 85421K, committed 86016K, reserved 1130496K
  class space    used 12007K, committed 12288K, reserved 1048576K
}
Event: 10.098 GC heap before
{Heap before GC invocations=24 (full 0):
 garbage-first heap   total 146432K, used 119457K [0x0000000084c00000, 0x0000000100000000)
  region size 1024K, 71 young (72704K), 5 survivors (5120K)
 Metaspace       used 87279K, committed 87872K, reserved 1130496K
  class space    used 12252K, committed 12544K, reserved 1048576K
}
Event: 10.107 GC heap after
{Heap after GC invocations=25 (full 0):
 garbage-first heap   total 146432K, used 54727K [0x0000000084c00000, 0x0000000100000000)
  region size 1024K, 8 young (8192K), 8 survivors (8192K)
 Metaspace       used 87279K, committed 87872K, reserved 1130496K
  class space    used 12252K, committed 12544K, reserved 1048576K
}
Event: 10.541 GC heap before
{Heap before GC invocations=25 (full 0):
 garbage-first heap   total 146432K, used 120263K [0x0000000084c00000, 0x0000000100000000)
  region size 1024K, 72 young (73728K), 8 survivors (8192K)
 Metaspace       used 88537K, committed 89088K, reserved 1130496K
  class space    used 12434K, committed 12672K, reserved 1048576K
}
Event: 10.551 GC heap after
{Heap after GC invocations=26 (full 0):
 garbage-first heap   total 146432K, used 57584K [0x0000000084c00000, 0x0000000100000000)
  region size 1024K, 7 young (7168K), 7 survivors (7168K)
 Metaspace       used 88537K, committed 89088K, reserved 1130496K
  class space    used 12434K, committed 12672K, reserved 1048576K
}
Event: 10.950 GC heap before
{Heap before GC invocations=26 (full 0):
 garbage-first heap   total 146432K, used 121072K [0x0000000084c00000, 0x0000000100000000)
  region size 1024K, 69 young (70656K), 7 survivors (7168K)
 Metaspace       used 89185K, committed 89792K, reserved 1130496K
  class space    used 12520K, committed 12800K, reserved 1048576K
}

