# JRE version: OpenJDK Runtime Environment Temurin-17.0.6+10 (17.0.6+10) (build 17.0.6+10)
# Java VM: OpenJDK 64-Bit Server VM Temurin-17.0.6+10 (17.0.6+10, mixed mode, emulated-client, tiered, compressed oops, compressed class ptrs, g1 gc, windows-amd64)
GC Precious Log:
 CPUs: 4 total, 4 available
 Memory: 7880M
 Large Page Support: Disabled
 NUMA Support: Disabled
 Compressed Oops: Enabled (32-bit)
 Heap Region Size: 1M
 Heap Min Capacity: 8M
 Heap Initial Capacity: 124M
 Heap Max Capacity: 1972M
 Pre-touch: Disabled
 Parallel Workers: 4
 Concurrent Workers: 1
 Concurrent Refinement Workers: 4
 Periodic GC: Disabled
Heap:
 garbage-first heap   total 75776K, used 38759K [0x0000000084c00000, 0x0000000100000000)
  region size 1024K, 8 young (8192K), 4 survivors (4096K)
 Metaspace       used 72055K, committed 72512K, reserved 1114112K
  class space    used 9847K, committed 10048K, reserved 1048576K
GC Heap History (20 events):
Event: 3.178 GC heap before
{Heap before GC invocations=8 (full 0):
 garbage-first heap   total 61440K, used 43624K [0x0000000084c00000, 0x0000000100000000)
  region size 1024K, 27 young (27648K), 2 survivors (2048K)
 Metaspace       used 33743K, committed 34112K, reserved 1081344K
  class space    used 4153K, committed 4352K, reserved 1048576K
}
Event: 3.181 GC heap after
{Heap after GC invocations=9 (full 0):
 garbage-first heap   total 61440K, used 19512K [0x0000000084c00000, 0x0000000100000000)
  region size 1024K, 3 young (3072K), 3 survivors (3072K)
 Metaspace       used 33743K, committed 34112K, reserved 1081344K
  class space    used 4153K, committed 4352K, reserved 1048576K
}
Event: 3.478 GC heap before
{Heap before GC invocations=9 (full 0):
 garbage-first heap   total 61440K, used 38968K [0x0000000084c00000, 0x0000000100000000)
  region size 1024K, 23 young (23552K), 3 survivors (3072K)
 Metaspace       used 35879K, committed 36288K, reserved 1081344K
  class space    used 4572K, committed 4736K, reserved 1048576K
}
Event: 3.483 GC heap after
{Heap after GC invocations=10 (full 0):
 garbage-first heap   total 61440K, used 20695K [0x0000000084c00000, 0x0000000100000000)
  region size 1024K, 3 young (3072K), 3 survivors (3072K)
 Metaspace       used 35879K, committed 36288K, reserved 1081344K
  class space    used 4572K, committed 4736K, reserved 1048576K
}
Event: 4.007 GC heap before
{Heap before GC invocations=11 (full 0):
 garbage-first heap   total 61440K, used 47319K [0x0000000084c00000, 0x0000000100000000)
  region size 1024K, 29 young (29696K), 3 survivors (3072K)
 Metaspace       used 39179K, committed 39616K, reserved 1089536K
  class space    used 5130K, committed 5312K, reserved 1048576K
}
Event: 4.013 GC heap after
{Heap after GC invocations=12 (full 0):
 garbage-first heap   total 61440K, used 23145K [0x0000000084c00000, 0x0000000100000000)
  region size 1024K, 4 young (4096K), 4 survivors (4096K)
 Metaspace       used 39179K, committed 39616K, reserved 1089536K
  class space    used 5130K, committed 5312K, reserved 1048576K
}
Event: 4.250 GC heap before
{Heap before GC invocations=12 (full 0):
 garbage-first heap   total 61440K, used 51817K [0x0000000084c00000, 0x0000000100000000)
  region size 1024K, 28 young (28672K), 4 survivors (4096K)
 Metaspace       used 41617K, committed 42048K, reserved 1089536K
  class space    used 5378K, committed 5568K, reserved 1048576K
}
Event: 4.257 GC heap after
{Heap after GC invocations=13 (full 0):
 garbage-first heap   total 62464K, used 28346K [0x0000000084c00000, 0x0000000100000000)
  region size 1024K, 4 young (4096K), 4 survivors (4096K)
 Metaspace       used 41617K, committed 42048K, reserved 1089536K
  class space    used 5378K, committed 5568K, reserved 1048576K
}
Event: 4.686 GC heap before
{Heap before GC invocations=13 (full 0):
 garbage-first heap   total 62464K, used 45754K [0x0000000084c00000, 0x0000000100000000)
  region size 1024K, 21 young (21504K), 4 survivors (4096K)
 Metaspace       used 43187K, committed 43648K, reserved 1089536K
  class space    used 5615K, committed 5824K, reserved 1048576K
}
Event: 4.692 GC heap after
{Heap after GC invocations=14 (full 0):
 garbage-first heap   total 62464K, used 28865K [0x0000000084c00000, 0x0000000100000000)
  region size 1024K, 2 young (2048K), 2 survivors (2048K)
 Metaspace       used 43187K, committed 43648K, reserved 1089536K
  class space    used 5615K, committed 5824K, reserved 1048576K
}
Event: 5.046 GC heap before
{Heap before GC invocations=14 (full 0):
 garbage-first heap   total 62464K, used 45249K [0x0000000084c00000, 0x0000000100000000)
  region size 1024K, 19 young (19456K), 2 survivors (2048K)
 Metaspace       used 47709K, committed 48256K, reserved 1097728K
  class space    used 6263K, committed 6528K, reserved 1048576K
}
Event: 5.049 GC heap after
{Heap after GC invocations=15 (full 0):
 garbage-first heap   total 75776K, used 29400K [0x0000000084c00000, 0x0000000100000000)
  region size 1024K, 2 young (2048K), 2 survivors (2048K)
 Metaspace       used 47709K, committed 48256K, reserved 1097728K
  class space    used 6263K, committed 6528K, reserved 1048576K
}
Event: 5.823 GC heap before
{Heap before GC invocations=15 (full 0):
 garbage-first heap   total 75776K, used 59096K [0x0000000084c00000, 0x0000000100000000)
  region size 1024K, 31 young (31744K), 2 survivors (2048K)
 Metaspace       used 57248K, committed 57792K, reserved 1105920K
  class space    used 7541K, committed 7808K, reserved 1048576K
}
Event: 5.827 GC heap after
{Heap after GC invocations=16 (full 0):
 garbage-first heap   total 75776K, used 31973K [0x0000000084c00000, 0x0000000100000000)
  region size 1024K, 4 young (4096K), 4 survivors (4096K)
 Metaspace       used 57248K, committed 57792K, reserved 1105920K
  class space    used 7541K, committed 7808K, reserved 1048576K
}
Event: 6.065 GC heap before
{Heap before GC invocations=16 (full 0):
 garbage-first heap   total 75776K, used 46309K [0x0000000084c00000, 0x0000000100000000)
  region size 1024K, 19 young (19456K), 4 survivors (4096K)
 Metaspace       used 60299K, committed 60800K, reserved 1105920K
  class space    used 7930K, committed 8128K, reserved 1048576K
}
Event: 6.070 GC heap after
{Heap after GC invocations=17 (full 0):
 garbage-first heap   total 75776K, used 33215K [0x0000000084c00000, 0x0000000100000000)
  region size 1024K, 2 young (2048K), 2 survivors (2048K)
 Metaspace       used 60299K, committed 60800K, reserved 1105920K
  class space    used 7930K, committed 8128K, reserved 1048576K
}
Event: 6.519 GC heap before
{Heap before GC invocations=18 (full 0):
 garbage-first heap   total 75776K, used 57791K [0x0000000084c00000, 0x0000000100000000)
  region size 1024K, 27 young (27648K), 2 survivors (2048K)
 Metaspace       used 66962K, committed 67520K, reserved 1114112K
  class space    used 9106K, committed 9344K, reserved 1048576K
}
Event: 6.522 GC heap after
{Heap after GC invocations=19 (full 0):
 garbage-first heap   total 75776K, used 33865K [0x0000000084c00000, 0x0000000100000000)
  region size 1024K, 2 young (2048K), 2 survivors (2048K)
 Metaspace       used 66962K, committed 67520K, reserved 1114112K
  class space    used 9106K, committed 9344K, reserved 1048576K
}
Event: 7.002 GC heap before
{Heap before GC invocations=20 (full 0):
 garbage-first heap   total 75776K, used 59465K [0x0000000084c00000, 0x0000000100000000)
  region size 1024K, 28 young (28672K), 2 survivors (2048K)
 Metaspace       used 71075K, committed 71552K, reserved 1114112K
  class space    used 9702K, committed 9920K, reserved 1048576K
}
Event: 7.006 GC heap after
{Heap after GC invocations=21 (full 0):
 garbage-first heap   total 75776K, used 35687K [0x0000000084c00000, 0x0000000100000000)
  region size 1024K, 4 young (4096K), 4 survivors (4096K)
 Metaspace       used 71075K, committed 71552K, reserved 1114112K
  class space    used 9702K, committed 9920K, reserved 1048576K
}

