# JRE version: OpenJDK Runtime Environment Temurin-17.0.6+10 (17.0.6+10) (build 17.0.6+10)
# Java VM: OpenJDK 64-Bit Server VM Temurin-17.0.6+10 (17.0.6+10, mixed mode, emulated-client, tiered, compressed oops, compressed class ptrs, g1 gc, windows-amd64)
GC Precious Log:
 CPUs: 4 total, 4 available
 Memory: 7880M
 Large Page Support: Disabled
 NUMA Support: Disabled
 Compressed Oops: Enabled (32-bit)
 Heap Region Size: 1M
 Heap Min Capacity: 8M
 Heap Initial Capacity: 124M
 Heap Max Capacity: 1972M
 Pre-touch: Disabled
 Parallel Workers: 4
 Concurrent Workers: 1
 Concurrent Refinement Workers: 4
 Periodic GC: Disabled
Heap:
 garbage-first heap   total 126976K, used 51805K [0x0000000084c00000, 0x0000000100000000)
  region size 1024K, 3 young (3072K), 3 survivors (3072K)
 Metaspace       used 85746K, committed 86336K, reserved 1130496K
  class space    used 12013K, committed 12288K, reserved 1048576K
GC Heap History (20 events):
Event: 15.170 GC heap after
{Heap after GC invocations=24 (full 0):
 garbage-first heap   total 82944K, used 36652K [0x0000000084c00000, 0x0000000100000000)
  region size 1024K, 4 young (4096K), 4 survivors (4096K)
 Metaspace       used 49963K, committed 50496K, reserved 1097728K
  class space    used 6563K, committed 6848K, reserved 1048576K
}
Event: 15.598 GC heap before
{Heap before GC invocations=24 (full 0):
 garbage-first heap   total 82944K, used 60204K [0x0000000084c00000, 0x0000000100000000)
  region size 1024K, 27 young (27648K), 4 survivors (4096K)
 Metaspace       used 50439K, committed 50944K, reserved 1097728K
  class space    used 6652K, committed 6912K, reserved 1048576K
}
Event: 15.604 GC heap after
{Heap after GC invocations=25 (full 0):
 garbage-first heap   total 82944K, used 37589K [0x0000000084c00000, 0x0000000100000000)
  region size 1024K, 3 young (3072K), 3 survivors (3072K)
 Metaspace       used 50439K, committed 50944K, reserved 1097728K
  class space    used 6652K, committed 6912K, reserved 1048576K
}
Event: 16.077 GC heap before
{Heap before GC invocations=25 (full 0):
 garbage-first heap   total 82944K, used 62165K [0x0000000084c00000, 0x0000000100000000)
  region size 1024K, 27 young (27648K), 3 survivors (3072K)
 Metaspace       used 51413K, committed 51904K, reserved 1097728K
  class space    used 6787K, committed 7040K, reserved 1048576K
}
Event: 16.082 GC heap after
{Heap after GC invocations=26 (full 0):
 garbage-first heap   total 82944K, used 38581K [0x0000000084c00000, 0x0000000100000000)
  region size 1024K, 2 young (2048K), 2 survivors (2048K)
 Metaspace       used 51413K, committed 51904K, reserved 1097728K
  class space    used 6787K, committed 7040K, reserved 1048576K
}
Event: 16.597 GC heap before
{Heap before GC invocations=26 (full 0):
 garbage-first heap   total 82944K, used 63157K [0x0000000084c00000, 0x0000000100000000)
  region size 1024K, 26 young (26624K), 2 survivors (2048K)
 Metaspace       used 54628K, committed 55168K, reserved 1097728K
  class space    used 7241K, committed 7488K, reserved 1048576K
}
Event: 16.603 GC heap after
{Heap after GC invocations=27 (full 0):
 garbage-first heap   total 109568K, used 39626K [0x0000000084c00000, 0x0000000100000000)
  region size 1024K, 3 young (3072K), 3 survivors (3072K)
 Metaspace       used 54628K, committed 55168K, reserved 1097728K
  class space    used 7241K, committed 7488K, reserved 1048576K
}
Event: 17.918 GC heap before
{Heap before GC invocations=28 (full 0):
 garbage-first heap   total 109568K, used 82634K [0x0000000084c00000, 0x0000000100000000)
  region size 1024K, 45 young (46080K), 3 survivors (3072K)
 Metaspace       used 65849K, committed 66432K, reserved 1114112K
  class space    used 8825K, committed 9088K, reserved 1048576K
}
Event: 17.926 GC heap after
{Heap after GC invocations=29 (full 0):
 garbage-first heap   total 109568K, used 42451K [0x0000000084c00000, 0x0000000100000000)
  region size 1024K, 6 young (6144K), 6 survivors (6144K)
 Metaspace       used 65849K, committed 66432K, reserved 1114112K
  class space    used 8825K, committed 9088K, reserved 1048576K
}
Event: 17.947 GC heap before
{Heap before GC invocations=29 (full 0):
 garbage-first heap   total 109568K, used 43475K [0x0000000084c00000, 0x0000000100000000)
  region size 1024K, 7 young (7168K), 6 survivors (6144K)
 Metaspace       used 65940K, committed 66496K, reserved 1114112K
  class space    used 8843K, committed 9088K, reserved 1048576K
}
Event: 17.955 GC heap after
{Heap after GC invocations=30 (full 0):
 garbage-first heap   total 109568K, used 43209K [0x0000000084c00000, 0x0000000100000000)
  region size 1024K, 1 young (1024K), 1 survivors (1024K)
 Metaspace       used 65940K, committed 66496K, reserved 1114112K
  class space    used 8843K, committed 9088K, reserved 1048576K
}
Event: 19.359 GC heap before
{Heap before GC invocations=30 (full 0):
 garbage-first heap   total 109568K, used 85193K [0x0000000084c00000, 0x0000000100000000)
  region size 1024K, 43 young (44032K), 1 survivors (1024K)
 Metaspace       used 76276K, committed 76864K, reserved 1122304K
  class space    used 10473K, committed 10752K, reserved 1048576K
}
Event: 19.363 GC heap after
{Heap after GC invocations=31 (full 0):
 garbage-first heap   total 109568K, used 44023K [0x0000000084c00000, 0x0000000100000000)
  region size 1024K, 2 young (2048K), 2 survivors (2048K)
 Metaspace       used 76276K, committed 76864K, reserved 1122304K
  class space    used 10473K, committed 10752K, reserved 1048576K
}
Event: 19.831 GC heap before
{Heap before GC invocations=31 (full 0):
 garbage-first heap   total 109568K, used 87031K [0x0000000084c00000, 0x0000000100000000)
  region size 1024K, 44 young (45056K), 2 survivors (2048K)
 Metaspace       used 79074K, committed 79616K, reserved 1122304K
  class space    used 10826K, committed 11072K, reserved 1048576K
}
Event: 19.837 GC heap after
{Heap after GC invocations=32 (full 0):
 garbage-first heap   total 109568K, used 46332K [0x0000000084c00000, 0x0000000100000000)
  region size 1024K, 4 young (4096K), 4 survivors (4096K)
 Metaspace       used 79074K, committed 79616K, reserved 1122304K
  class space    used 10826K, committed 11072K, reserved 1048576K
}
Event: 20.236 GC heap before
{Heap before GC invocations=32 (full 0):
 garbage-first heap   total 109568K, used 88316K [0x0000000084c00000, 0x0000000100000000)
  region size 1024K, 45 young (46080K), 4 survivors (4096K)
 Metaspace       used 84168K, committed 84736K, reserved 1122304K
  class space    used 11759K, committed 12032K, reserved 1048576K
}
Event: 20.243 GC heap after
{Heap after GC invocations=33 (full 0):
 garbage-first heap   total 109568K, used 49048K [0x0000000084c00000, 0x0000000100000000)
  region size 1024K, 5 young (5120K), 5 survivors (5120K)
 Metaspace       used 84168K, committed 84736K, reserved 1122304K
  class space    used 11759K, committed 12032K, reserved 1048576K
}
Event: 20.385 GC heap before
{Heap before GC invocations=33 (full 0):
 garbage-first heap   total 109568K, used 88984K [0x0000000084c00000, 0x0000000100000000)
  region size 1024K, 44 young (45056K), 5 survivors (5120K)
 Metaspace       used 84598K, committed 85184K, reserved 1122304K
  class space    used 11820K, committed 12096K, reserved 1048576K
}
Event: 20.392 GC heap after
{Heap after GC invocations=34 (full 0):
 garbage-first heap   total 109568K, used 50065K [0x0000000084c00000, 0x0000000100000000)
  region size 1024K, 4 young (4096K), 4 survivors (4096K)
 Metaspace       used 84598K, committed 85184K, reserved 1122304K
  class space    used 11820K, committed 12096K, reserved 1048576K
}
Event: 20.693 GC heap before
{Heap before GC invocations=34 (full 0):
 garbage-first heap   total 109568K, used 90001K [0x0000000084c00000, 0x0000000100000000)
  region size 1024K, 43 young (44032K), 4 survivors (4096K)
 Metaspace       used 85746K, committed 86336K, reserved 1130496K
  class space    used 12013K, committed 12288K, reserved 1048576K
}

