# JRE version: OpenJDK Runtime Environment Temurin-17.0.6+10 (17.0.6+10) (build 17.0.6+10)
# Java VM: OpenJDK 64-Bit Server VM Temurin-17.0.6+10 (17.0.6+10, mixed mode, emulated-client, tiered, compressed oops, compressed class ptrs, g1 gc, windows-amd64)
GC Precious Log:
 CPUs: 4 total, 4 available
 Memory: 7880M
 Large Page Support: Disabled
 NUMA Support: Disabled
 Compressed Oops: Enabled (32-bit)
 Heap Region Size: 1M
 Heap Min Capacity: 8M
 Heap Initial Capacity: 124M
 Heap Max Capacity: 1972M
 Pre-touch: Disabled
 Parallel Workers: 4
 Concurrent Workers: 1
 Concurrent Refinement Workers: 4
 Periodic GC: Disabled
Heap:
 garbage-first heap   total 139264K, used 60546K [0x0000000084c00000, 0x0000000100000000)
  region size 1024K, 4 young (4096K), 4 survivors (4096K)
 Metaspace       used 89596K, committed 90176K, reserved 1130496K
  class space    used 12640K, committed 12928K, reserved 1048576K
GC Heap History (20 events):
Event: 8.719 GC heap after
{Heap after GC invocations=23 (full 0):
 garbage-first heap   total 96256K, used 42855K [0x0000000084c00000, 0x0000000100000000)
  region size 1024K, 3 young (3072K), 3 survivors (3072K)
 Metaspace       used 60455K, committed 60928K, reserved 1105920K
  class space    used 8063K, committed 8320K, reserved 1048576K
}
Event: 9.653 GC heap before
{Heap before GC invocations=24 (full 0):
 garbage-first heap   total 96256K, used 77671K [0x0000000084c00000, 0x0000000100000000)
  region size 1024K, 38 young (38912K), 3 survivors (3072K)
 Metaspace       used 71447K, committed 72064K, reserved 1114112K
  class space    used 9618K, committed 9920K, reserved 1048576K
}
Event: 9.658 GC heap after
{Heap after GC invocations=25 (full 0):
 garbage-first heap   total 96256K, used 44863K [0x0000000084c00000, 0x0000000100000000)
  region size 1024K, 5 young (5120K), 5 survivors (5120K)
 Metaspace       used 71447K, committed 72064K, reserved 1114112K
  class space    used 9618K, committed 9920K, reserved 1048576K
}
Event: 9.691 GC heap before
{Heap before GC invocations=25 (full 0):
 garbage-first heap   total 96256K, used 45887K [0x0000000084c00000, 0x0000000100000000)
  region size 1024K, 6 young (6144K), 5 survivors (5120K)
 Metaspace       used 71692K, committed 72256K, reserved 1114112K
  class space    used 9664K, committed 9920K, reserved 1048576K
}
Event: 9.696 GC heap after
{Heap after GC invocations=26 (full 0):
 garbage-first heap   total 96256K, used 44760K [0x0000000084c00000, 0x0000000100000000)
  region size 1024K, 1 young (1024K), 1 survivors (1024K)
 Metaspace       used 71692K, committed 72256K, reserved 1114112K
  class space    used 9664K, committed 9920K, reserved 1048576K
}
Event: 10.360 GC heap before
{Heap before GC invocations=26 (full 0):
 garbage-first heap   total 96256K, used 78552K [0x0000000084c00000, 0x0000000100000000)
  region size 1024K, 34 young (34816K), 1 survivors (1024K)
 Metaspace       used 76891K, committed 77504K, reserved 1122304K
  class space    used 10567K, committed 10880K, reserved 1048576K
}
Event: 10.364 GC heap after
{Heap after GC invocations=27 (full 0):
 garbage-first heap   total 139264K, used 45808K [0x0000000084c00000, 0x0000000100000000)
  region size 1024K, 2 young (2048K), 2 survivors (2048K)
 Metaspace       used 76891K, committed 77504K, reserved 1122304K
  class space    used 10567K, committed 10880K, reserved 1048576K
}
Event: 11.550 GC heap before
{Heap before GC invocations=28 (full 0):
 garbage-first heap   total 139264K, used 111344K [0x0000000084c00000, 0x0000000100000000)
  region size 1024K, 66 young (67584K), 2 survivors (2048K)
 Metaspace       used 84071K, committed 84608K, reserved 1122304K
  class space    used 11804K, committed 12096K, reserved 1048576K
}
Event: 11.557 GC heap after
{Heap after GC invocations=29 (full 0):
 garbage-first heap   total 139264K, used 49684K [0x0000000084c00000, 0x0000000100000000)
  region size 1024K, 6 young (6144K), 6 survivors (6144K)
 Metaspace       used 84071K, committed 84608K, reserved 1122304K
  class space    used 11804K, committed 12096K, reserved 1048576K
}
Event: 11.571 GC heap before
{Heap before GC invocations=29 (full 0):
 garbage-first heap   total 139264K, used 50708K [0x0000000084c00000, 0x0000000100000000)
  region size 1024K, 7 young (7168K), 6 survivors (6144K)
 Metaspace       used 84127K, committed 84672K, reserved 1122304K
  class space    used 11811K, committed 12096K, reserved 1048576K
}
Event: 11.577 GC heap after
{Heap after GC invocations=30 (full 0):
 garbage-first heap   total 139264K, used 50028K [0x0000000084c00000, 0x0000000100000000)
  region size 1024K, 1 young (1024K), 1 survivors (1024K)
 Metaspace       used 84127K, committed 84672K, reserved 1122304K
  class space    used 11811K, committed 12096K, reserved 1048576K
}
Event: 12.154 GC heap before
{Heap before GC invocations=30 (full 0):
 garbage-first heap   total 139264K, used 111468K [0x0000000084c00000, 0x0000000100000000)
  region size 1024K, 61 young (62464K), 1 survivors (1024K)
 Metaspace       used 85003K, committed 85568K, reserved 1122304K
  class space    used 11951K, committed 12224K, reserved 1048576K
}
Event: 12.159 GC heap after
{Heap after GC invocations=31 (full 0):
 garbage-first heap   total 139264K, used 50915K [0x0000000084c00000, 0x0000000100000000)
  region size 1024K, 2 young (2048K), 2 survivors (2048K)
 Metaspace       used 85003K, committed 85568K, reserved 1122304K
  class space    used 11951K, committed 12224K, reserved 1048576K
}
Event: 12.784 GC heap before
{Heap before GC invocations=31 (full 0):
 garbage-first heap   total 139264K, used 113379K [0x0000000084c00000, 0x0000000100000000)
  region size 1024K, 63 young (64512K), 2 survivors (2048K)
 Metaspace       used 86523K, committed 87104K, reserved 1130496K
  class space    used 12167K, committed 12416K, reserved 1048576K
}
Event: 12.793 GC heap after
{Heap after GC invocations=32 (full 0):
 garbage-first heap   total 139264K, used 53315K [0x0000000084c00000, 0x0000000100000000)
  region size 1024K, 5 young (5120K), 5 survivors (5120K)
 Metaspace       used 86523K, committed 87104K, reserved 1130496K
  class space    used 12167K, committed 12416K, reserved 1048576K
}
Event: 13.367 GC heap before
{Heap before GC invocations=32 (full 0):
 garbage-first heap   total 139264K, used 113731K [0x0000000084c00000, 0x0000000100000000)
  region size 1024K, 64 young (65536K), 5 survivors (5120K)
 Metaspace       used 88506K, committed 89088K, reserved 1130496K
  class space    used 12451K, committed 12736K, reserved 1048576K
}
Event: 13.376 GC heap after
{Heap after GC invocations=33 (full 0):
 garbage-first heap   total 139264K, used 56537K [0x0000000084c00000, 0x0000000100000000)
  region size 1024K, 8 young (8192K), 8 survivors (8192K)
 Metaspace       used 88506K, committed 89088K, reserved 1130496K
  class space    used 12451K, committed 12736K, reserved 1048576K
}
Event: 14.071 GC heap before
{Heap before GC invocations=33 (full 0):
 garbage-first heap   total 139264K, used 114905K [0x0000000084c00000, 0x0000000100000000)
  region size 1024K, 65 young (66560K), 8 survivors (8192K)
 Metaspace       used 89053K, committed 89600K, reserved 1130496K
  class space    used 12549K, committed 12800K, reserved 1048576K
}
Event: 14.081 GC heap after
{Heap after GC invocations=34 (full 0):
 garbage-first heap   total 139264K, used 58189K [0x0000000084c00000, 0x0000000100000000)
  region size 1024K, 5 young (5120K), 5 survivors (5120K)
 Metaspace       used 89053K, committed 89600K, reserved 1130496K
  class space    used 12549K, committed 12800K, reserved 1048576K
}
Event: 14.581 GC heap before
{Heap before GC invocations=34 (full 0):
 garbage-first heap   total 139264K, used 115533K [0x0000000084c00000, 0x0000000100000000)
  region size 1024K, 61 young (62464K), 5 survivors (5120K)
 Metaspace       used 89596K, committed 90176K, reserved 1130496K
  class space    used 12640K, committed 12928K, reserved 1048576K
}

