# JRE version: OpenJDK Runtime Environment Temurin-17.0.6+10 (17.0.6+10) (build 17.0.6+10)
# Java VM: OpenJDK 64-Bit Server VM Temurin-17.0.6+10 (17.0.6+10, mixed mode, emulated-client, tiered, compressed oops, compressed class ptrs, g1 gc, windows-amd64)
GC Precious Log:
 CPUs: 4 total, 4 available
 Memory: 7880M
 Large Page Support: Disabled
 NUMA Support: Disabled
 Compressed Oops: Enabled (32-bit)
 Heap Region Size: 1M
 Heap Min Capacity: 8M
 Heap Initial Capacity: 124M
 Heap Max Capacity: 1972M
 Pre-touch: Disabled
 Parallel Workers: 4
 Concurrent Workers: 1
 Concurrent Refinement Workers: 4
 Periodic GC: Disabled
Heap:
 garbage-first heap   total 126976K, used 16198K [0x0000000084c00000, 0x0000000100000000)
  region size 1024K, 8 young (8192K), 2 survivors (2048K)
 Metaspace       used 17900K, committed 18112K, reserved 1073152K
  class space    used 1962K, committed 2048K, reserved 1048576K
GC Heap History (6 events):
Event: 5.660 GC heap before
{Heap before GC invocations=0 (full 0):
 garbage-first heap   total 126976K, used 15360K [0x0000000084c00000, 0x0000000100000000)
  region size 1024K, 13 young (13312K), 0 survivors (0K)
 Metaspace       used 11428K, committed 11648K, reserved 1064960K
  class space    used 1141K, committed 1280K, reserved 1048576K
}
Event: 5.689 GC heap after
{Heap after GC invocations=1 (full 0):
 garbage-first heap   total 126976K, used 9160K [0x0000000084c00000, 0x0000000100000000)
  region size 1024K, 2 young (2048K), 2 survivors (2048K)
 Metaspace       used 11428K, committed 11648K, reserved 1064960K
  class space    used 1141K, committed 1280K, reserved 1048576K
}
Event: 6.181 GC heap before
{Heap before GC invocations=1 (full 0):
 garbage-first heap   total 126976K, used 16328K [0x0000000084c00000, 0x0000000100000000)
  region size 1024K, 9 young (9216K), 2 survivors (2048K)
 Metaspace       used 14724K, committed 14848K, reserved 1064960K
  class space    used 1516K, committed 1600K, reserved 1048576K
}
Event: 6.186 GC heap after
{Heap after GC invocations=2 (full 0):
 garbage-first heap   total 126976K, used 10554K [0x0000000084c00000, 0x0000000100000000)
  region size 1024K, 2 young (2048K), 2 survivors (2048K)
 Metaspace       used 14724K, committed 14848K, reserved 1064960K
  class space    used 1516K, committed 1600K, reserved 1048576K
}
Event: 6.704 GC heap before
{Heap before GC invocations=2 (full 0):
 garbage-first heap   total 126976K, used 27962K [0x0000000084c00000, 0x0000000100000000)
  region size 1024K, 19 young (19456K), 2 survivors (2048K)
 Metaspace       used 16661K, committed 16896K, reserved 1064960K
  class space    used 1794K, committed 1920K, reserved 1048576K
}
Event: 6.706 GC heap after
{Heap after GC invocations=3 (full 0):
 garbage-first heap   total 126976K, used 11078K [0x0000000084c00000, 0x0000000100000000)
  region size 1024K, 2 young (2048K), 2 survivors (2048K)
 Metaspace       used 16661K, committed 16896K, reserved 1064960K
  class space    used 1794K, committed 1920K, reserved 1048576K
}

