# JRE version: OpenJDK Runtime Environment Temurin-17.0.6+10 (17.0.6+10) (build 17.0.6+10)
# Java VM: OpenJDK 64-Bit Server VM Temurin-17.0.6+10 (17.0.6+10, mixed mode, emulated-client, tiered, compressed oops, compressed class ptrs, g1 gc, windows-amd64)
GC Precious Log:
 CPUs: 4 total, 4 available
 Memory: 7880M
 Large Page Support: Disabled
 NUMA Support: Disabled
 Compressed Oops: Enabled (32-bit)
 Heap Region Size: 1M
 Heap Min Capacity: 8M
 Heap Initial Capacity: 124M
 Heap Max Capacity: 1972M
 Pre-touch: Disabled
 Parallel Workers: 4
 Concurrent Workers: 1
 Concurrent Refinement Workers: 4
 Periodic GC: Disabled
Heap:
 garbage-first heap   total 71680K, used 36485K [0x0000000084c00000, 0x0000000100000000)
  region size 1024K, 7 young (7168K), 1 survivors (1024K)
 Metaspace       used 60935K, committed 61440K, reserved 1105920K
  class space    used 8059K, committed 8320K, reserved 1048576K
GC Heap History (20 events):
Event: 6.357 GC heap before
{Heap before GC invocations=6 (full 0):
 garbage-first heap   total 51200K, used 15026K [0x0000000084c00000, 0x0000000100000000)
  region size 1024K, 6 young (6144K), 5 survivors (5120K)
 Metaspace       used 27678K, committed 28032K, reserved 1073152K
  class space    used 3323K, committed 3520K, reserved 1048576K
}
Event: 6.363 GC heap after
{Heap after GC invocations=7 (full 0):
 garbage-first heap   total 51200K, used 14405K [0x0000000084c00000, 0x0000000100000000)
  region size 1024K, 1 young (1024K), 1 survivors (1024K)
 Metaspace       used 27678K, committed 28032K, reserved 1073152K
  class space    used 3323K, committed 3520K, reserved 1048576K
}
Event: 6.831 GC heap before
{Heap before GC invocations=7 (full 0):
 garbage-first heap   total 51200K, used 33861K [0x0000000084c00000, 0x0000000100000000)
  region size 1024K, 21 young (21504K), 1 survivors (1024K)
 Metaspace       used 29932K, committed 30272K, reserved 1081344K
  class space    used 3609K, committed 3776K, reserved 1048576K
}
Event: 6.834 GC heap after
{Heap after GC invocations=8 (full 0):
 garbage-first heap   total 51200K, used 16324K [0x0000000084c00000, 0x0000000100000000)
  region size 1024K, 3 young (3072K), 3 survivors (3072K)
 Metaspace       used 29932K, committed 30272K, reserved 1081344K
  class space    used 3609K, committed 3776K, reserved 1048576K
}
Event: 7.275 GC heap before
{Heap before GC invocations=8 (full 0):
 garbage-first heap   total 51200K, used 34756K [0x0000000084c00000, 0x0000000100000000)
  region size 1024K, 22 young (22528K), 3 survivors (3072K)
 Metaspace       used 30582K, committed 30912K, reserved 1081344K
  class space    used 3718K, committed 3840K, reserved 1048576K
}
Event: 7.280 GC heap after
{Heap after GC invocations=9 (full 0):
 garbage-first heap   total 51200K, used 17749K [0x0000000084c00000, 0x0000000100000000)
  region size 1024K, 2 young (2048K), 2 survivors (2048K)
 Metaspace       used 30582K, committed 30912K, reserved 1081344K
  class space    used 3718K, committed 3840K, reserved 1048576K
}
Event: 7.691 GC heap before
{Heap before GC invocations=9 (full 0):
 garbage-first heap   total 51200K, used 36181K [0x0000000084c00000, 0x0000000100000000)
  region size 1024K, 21 young (21504K), 2 survivors (2048K)
 Metaspace       used 32914K, committed 33216K, reserved 1081344K
  class space    used 4022K, committed 4160K, reserved 1048576K
}
Event: 7.695 GC heap after
{Heap after GC invocations=10 (full 0):
 garbage-first heap   total 86016K, used 18860K [0x0000000084c00000, 0x0000000100000000)
  region size 1024K, 3 young (3072K), 3 survivors (3072K)
 Metaspace       used 32914K, committed 33216K, reserved 1081344K
  class space    used 4022K, committed 4160K, reserved 1048576K
}
Event: 8.163 GC heap before
{Heap before GC invocations=10 (full 0):
 garbage-first heap   total 86016K, used 38316K [0x0000000084c00000, 0x0000000100000000)
  region size 1024K, 23 young (23552K), 3 survivors (3072K)
 Metaspace       used 35563K, committed 35968K, reserved 1081344K
  class space    used 4515K, committed 4736K, reserved 1048576K
}
Event: 8.167 GC heap after
{Heap after GC invocations=11 (full 0):
 garbage-first heap   total 86016K, used 19936K [0x0000000084c00000, 0x0000000100000000)
  region size 1024K, 4 young (4096K), 4 survivors (4096K)
 Metaspace       used 35563K, committed 35968K, reserved 1081344K
  class space    used 4515K, committed 4736K, reserved 1048576K
}
Event: 9.270 GC heap before
{Heap before GC invocations=12 (full 0):
 garbage-first heap   total 71680K, used 58848K [0x0000000084c00000, 0x0000000100000000)
  region size 1024K, 42 young (43008K), 4 survivors (4096K)
 Metaspace       used 40363K, committed 40768K, reserved 1089536K
  class space    used 5253K, committed 5440K, reserved 1048576K
}
Event: 9.278 GC heap after
{Heap after GC invocations=13 (full 0):
 garbage-first heap   total 71680K, used 23586K [0x0000000084c00000, 0x0000000100000000)
  region size 1024K, 6 young (6144K), 6 survivors (6144K)
 Metaspace       used 40363K, committed 40768K, reserved 1089536K
  class space    used 5253K, committed 5440K, reserved 1048576K
}
Event: 9.690 GC heap before
{Heap before GC invocations=13 (full 0):
 garbage-first heap   total 71680K, used 60450K [0x0000000084c00000, 0x0000000100000000)
  region size 1024K, 36 young (36864K), 6 survivors (6144K)
 Metaspace       used 42900K, committed 43328K, reserved 1089536K
  class space    used 5557K, committed 5760K, reserved 1048576K
}
Event: 9.698 GC heap after
{Heap after GC invocations=14 (full 0):
 garbage-first heap   total 71680K, used 27043K [0x0000000084c00000, 0x0000000100000000)
  region size 1024K, 4 young (4096K), 4 survivors (4096K)
 Metaspace       used 42900K, committed 43328K, reserved 1089536K
  class space    used 5557K, committed 5760K, reserved 1048576K
}
Event: 10.332 GC heap before
{Heap before GC invocations=14 (full 0):
 garbage-first heap   total 71680K, used 53667K [0x0000000084c00000, 0x0000000100000000)
  region size 1024K, 31 young (31744K), 4 survivors (4096K)
 Metaspace       used 49219K, committed 49728K, reserved 1097728K
  class space    used 6534K, committed 6784K, reserved 1048576K
}
Event: 10.338 GC heap after
{Heap after GC invocations=15 (full 0):
 garbage-first heap   total 71680K, used 28264K [0x0000000084c00000, 0x0000000100000000)
  region size 1024K, 2 young (2048K), 2 survivors (2048K)
 Metaspace       used 49219K, committed 49728K, reserved 1097728K
  class space    used 6534K, committed 6784K, reserved 1048576K
}
Event: 11.184 GC heap before
{Heap before GC invocations=15 (full 0):
 garbage-first heap   total 71680K, used 53864K [0x0000000084c00000, 0x0000000100000000)
  region size 1024K, 28 young (28672K), 2 survivors (2048K)
 Metaspace       used 57930K, committed 58432K, reserved 1105920K
  class space    used 7651K, committed 7872K, reserved 1048576K
}
Event: 11.189 GC heap after
{Heap after GC invocations=16 (full 0):
 garbage-first heap   total 71680K, used 30625K [0x0000000084c00000, 0x0000000100000000)
  region size 1024K, 4 young (4096K), 4 survivors (4096K)
 Metaspace       used 57930K, committed 58432K, reserved 1105920K
  class space    used 7651K, committed 7872K, reserved 1048576K
}
Event: 11.373 GC heap before
{Heap before GC invocations=16 (full 0):
 garbage-first heap   total 71680K, used 38817K [0x0000000084c00000, 0x0000000100000000)
  region size 1024K, 13 young (13312K), 4 survivors (4096K)
 Metaspace       used 59595K, committed 60096K, reserved 1105920K
  class space    used 7870K, committed 8128K, reserved 1048576K
}
Event: 11.378 GC heap after
{Heap after GC invocations=17 (full 0):
 garbage-first heap   total 71680K, used 31365K [0x0000000084c00000, 0x0000000100000000)
  region size 1024K, 1 young (1024K), 1 survivors (1024K)
 Metaspace       used 59595K, committed 60096K, reserved 1105920K
  class space    used 7870K, committed 8128K, reserved 1048576K
}

