# JRE version: OpenJDK Runtime Environment Temurin-17.0.6+10 (17.0.6+10) (build 17.0.6+10)
# Java VM: OpenJDK 64-Bit Server VM Temurin-17.0.6+10 (17.0.6+10, mixed mode, emulated-client, tiered, compressed oops, compressed class ptrs, g1 gc, windows-amd64)
GC Precious Log:
 CPUs: 4 total, 4 available
 Memory: 7880M
 Large Page Support: Disabled
 NUMA Support: Disabled
 Compressed Oops: Enabled (32-bit)
 Heap Region Size: 1M
 Heap Min Capacity: 8M
 Heap Initial Capacity: 124M
 Heap Max Capacity: 1972M
 Pre-touch: Disabled
 Parallel Workers: 4
 Concurrent Workers: 1
 Concurrent Refinement Workers: 4
 Periodic GC: Disabled
Heap:
 garbage-first heap   total 86016K, used 45798K [0x0000000084c00000, 0x0000000100000000)
  region size 1024K, 3 young (3072K), 1 survivors (1024K)
 Metaspace       used 91597K, committed 92224K, reserved 1130496K
  class space    used 12835K, committed 13120K, reserved 1048576K
GC Heap History (20 events):
Event: 13620.681 GC heap before
{Heap before GC invocations=98 (full 0):
 garbage-first heap   total 86016K, used 73315K [0x0000000084c00000, 0x0000000100000000)
  region size 1024K, 30 young (30720K), 1 survivors (1024K)
 Metaspace       used 91616K, committed 92224K, reserved 1130496K
  class space    used 12837K, committed 13120K, reserved 1048576K
}
Event: 13620.684 GC heap after
{Heap after GC invocations=99 (full 0):
 garbage-first heap   total 86016K, used 43617K [0x0000000084c00000, 0x0000000100000000)
  region size 1024K, 1 young (1024K), 1 survivors (1024K)
 Metaspace       used 91616K, committed 92224K, reserved 1130496K
  class space    used 12837K, committed 13120K, reserved 1048576K
}
Event: 13622.643 GC heap before
{Heap before GC invocations=99 (full 0):
 garbage-first heap   total 86016K, used 46689K [0x0000000084c00000, 0x0000000100000000)
  region size 1024K, 4 young (4096K), 1 survivors (1024K)
 Metaspace       used 91616K, committed 92224K, reserved 1130496K
  class space    used 12837K, committed 13120K, reserved 1048576K
}
Event: 13622.650 GC heap after
{Heap after GC invocations=100 (full 0):
 garbage-first heap   total 86016K, used 43088K [0x0000000084c00000, 0x0000000100000000)
  region size 1024K, 1 young (1024K), 1 survivors (1024K)
 Metaspace       used 91616K, committed 92224K, reserved 1130496K
  class space    used 12837K, committed 13120K, reserved 1048576K
}
Event: 13807.198 GC heap before
{Heap before GC invocations=100 (full 0):
 garbage-first heap   total 86016K, used 73808K [0x0000000084c00000, 0x0000000100000000)
  region size 1024K, 31 young (31744K), 1 survivors (1024K)
 Metaspace       used 91621K, committed 92224K, reserved 1130496K
  class space    used 12838K, committed 13120K, reserved 1048576K
}
Event: 13807.209 GC heap after
{Heap after GC invocations=101 (full 0):
 garbage-first heap   total 86016K, used 43268K [0x0000000084c00000, 0x0000000100000000)
  region size 1024K, 1 young (1024K), 1 survivors (1024K)
 Metaspace       used 91621K, committed 92224K, reserved 1130496K
  class space    used 12838K, committed 13120K, reserved 1048576K
}
Event: 13920.037 GC heap before
{Heap before GC invocations=102 (full 0):
 garbage-first heap   total 86016K, used 72964K [0x0000000084c00000, 0x0000000100000000)
  region size 1024K, 31 young (31744K), 1 survivors (1024K)
 Metaspace       used 91616K, committed 92224K, reserved 1130496K
  class space    used 12837K, committed 13120K, reserved 1048576K
}
Event: 13920.048 GC heap after
{Heap after GC invocations=103 (full 0):
 garbage-first heap   total 86016K, used 43401K [0x0000000084c00000, 0x0000000100000000)
  region size 1024K, 1 young (1024K), 1 survivors (1024K)
 Metaspace       used 91616K, committed 92224K, reserved 1130496K
  class space    used 12837K, committed 13120K, reserved 1048576K
}
Event: 13921.986 GC heap before
{Heap before GC invocations=103 (full 0):
 garbage-first heap   total 86016K, used 45449K [0x0000000084c00000, 0x0000000100000000)
  region size 1024K, 4 young (4096K), 1 survivors (1024K)
 Metaspace       used 91616K, committed 92224K, reserved 1130496K
  class space    used 12837K, committed 13120K, reserved 1048576K
}
Event: 13922.002 GC heap after
{Heap after GC invocations=104 (full 0):
 garbage-first heap   total 86016K, used 42880K [0x0000000084c00000, 0x0000000100000000)
  region size 1024K, 1 young (1024K), 1 survivors (1024K)
 Metaspace       used 91616K, committed 92224K, reserved 1130496K
  class space    used 12837K, committed 13120K, reserved 1048576K
}
Event: 14184.100 GC heap before
{Heap before GC invocations=104 (full 0):
 garbage-first heap   total 86016K, used 72576K [0x0000000084c00000, 0x0000000100000000)
  region size 1024K, 31 young (31744K), 1 survivors (1024K)
 Metaspace       used 91632K, committed 92224K, reserved 1130496K
  class space    used 12840K, committed 13120K, reserved 1048576K
}
Event: 14184.122 GC heap after
{Heap after GC invocations=105 (full 0):
 garbage-first heap   total 86016K, used 43560K [0x0000000084c00000, 0x0000000100000000)
  region size 1024K, 1 young (1024K), 1 survivors (1024K)
 Metaspace       used 91632K, committed 92224K, reserved 1130496K
  class space    used 12840K, committed 13120K, reserved 1048576K
}
Event: 14757.907 GC heap before
{Heap before GC invocations=106 (full 0):
 garbage-first heap   total 86016K, used 73256K [0x0000000084c00000, 0x0000000100000000)
  region size 1024K, 31 young (31744K), 1 survivors (1024K)
 Metaspace       used 91619K, committed 92224K, reserved 1130496K
  class space    used 12838K, committed 13120K, reserved 1048576K
}
Event: 14757.967 GC heap after
{Heap after GC invocations=107 (full 0):
 garbage-first heap   total 86016K, used 44366K [0x0000000084c00000, 0x0000000100000000)
  region size 1024K, 2 young (2048K), 2 survivors (2048K)
 Metaspace       used 91619K, committed 92224K, reserved 1130496K
  class space    used 12838K, committed 13120K, reserved 1048576K
}
Event: 14758.227 GC heap before
{Heap before GC invocations=107 (full 0):
 garbage-first heap   total 86016K, used 45390K [0x0000000084c00000, 0x0000000100000000)
  region size 1024K, 4 young (4096K), 2 survivors (2048K)
 Metaspace       used 91619K, committed 92224K, reserved 1130496K
  class space    used 12838K, committed 13120K, reserved 1048576K
}
Event: 14758.261 GC heap after
{Heap after GC invocations=108 (full 0):
 garbage-first heap   total 86016K, used 44247K [0x0000000084c00000, 0x0000000100000000)
  region size 1024K, 1 young (1024K), 1 survivors (1024K)
 Metaspace       used 91619K, committed 92224K, reserved 1130496K
  class space    used 12838K, committed 13120K, reserved 1048576K
}
Event: 14928.830 GC heap before
{Heap before GC invocations=108 (full 0):
 garbage-first heap   total 86016K, used 71895K [0x0000000084c00000, 0x0000000100000000)
  region size 1024K, 28 young (28672K), 1 survivors (1024K)
 Metaspace       used 91619K, committed 92224K, reserved 1130496K
  class space    used 12838K, committed 13120K, reserved 1048576K
}
Event: 14928.865 GC heap after
{Heap after GC invocations=109 (full 0):
 garbage-first heap   total 86016K, used 44276K [0x0000000084c00000, 0x0000000100000000)
  region size 1024K, 1 young (1024K), 1 survivors (1024K)
 Metaspace       used 91619K, committed 92224K, reserved 1130496K
  class space    used 12838K, committed 13120K, reserved 1048576K
}
Event: 14966.596 GC heap before
{Heap before GC invocations=110 (full 0):
 garbage-first heap   total 86016K, used 71924K [0x0000000084c00000, 0x0000000100000000)
  region size 1024K, 29 young (29696K), 1 survivors (1024K)
 Metaspace       used 91596K, committed 92224K, reserved 1130496K
  class space    used 12835K, committed 13120K, reserved 1048576K
}
Event: 14966.601 GC heap after
{Heap after GC invocations=111 (full 0):
 garbage-first heap   total 86016K, used 44774K [0x0000000084c00000, 0x0000000100000000)
  region size 1024K, 1 young (1024K), 1 survivors (1024K)
 Metaspace       used 91596K, committed 92224K, reserved 1130496K
  class space    used 12835K, committed 13120K, reserved 1048576K
}

