# JRE version: Java(TM) SE Runtime Environment (17.0.1+12) (build 17.0.1+12-LTS-39)
# Java VM: Java HotSpot(TM) 64-Bit Server VM (17.0.1+12-LTS-39, mixed mode, sharing, tiered, compressed oops, compressed class ptrs, g1 gc, windows-amd64)
GC Precious Log:
 CPUs: 4 total, 4 available
 Memory: 7880M
 Large Page Support: Disabled
 NUMA Support: Disabled
 Compressed Oops: Enabled (32-bit)
 Heap Region Size: 1M
 Heap Min Capacity: 8M
 Heap Initial Capacity: 124M
 Heap Max Capacity: 1972M
 Pre-touch: Disabled
 Parallel Workers: 4
 Concurrent Workers: 1
 Concurrent Refinement Workers: 4
 Periodic GC: Disabled
Heap:
 garbage-first heap   total 322560K, used 72679K [0x0000000084c00000, 0x0000000100000000)
  region size 1024K, 14 young (14336K), 8 survivors (8192K)
 Metaspace       used 35779K, committed 36160K, reserved 1081344K
  class space    used 4004K, committed 4160K, reserved 1048576K
GC Heap History (20 events):
Event: 9.754 GC heap before
{Heap before GC invocations=7 (full 0):
 garbage-first heap   total 126976K, used 90443K [0x0000000084c00000, 0x0000000100000000)
  region size 1024K, 68 young (69632K), 4 survivors (4096K)
 Metaspace       used 21225K, committed 21504K, reserved 1073152K
  class space    used 2469K, committed 2624K, reserved 1048576K
}
Event: 9.767 GC heap after
{Heap after GC invocations=8 (full 0):
 garbage-first heap   total 253952K, used 26776K [0x0000000084c00000, 0x0000000100000000)
  region size 1024K, 7 young (7168K), 7 survivors (7168K)
 Metaspace       used 21225K, committed 21504K, reserved 1073152K
  class space    used 2469K, committed 2624K, reserved 1048576K
}
Event: 10.740 GC heap before
{Heap before GC invocations=9 (full 0):
 garbage-first heap   total 96256K, used 80024K [0x0000000084c00000, 0x0000000100000000)
  region size 1024K, 56 young (57344K), 7 survivors (7168K)
 Metaspace       used 25778K, committed 26176K, reserved 1073152K
  class space    used 2959K, committed 3136K, reserved 1048576K
}
Event: 10.759 GC heap after
{Heap after GC invocations=10 (full 0):
 garbage-first heap   total 99328K, used 37926K [0x0000000084c00000, 0x0000000100000000)
  region size 1024K, 7 young (7168K), 7 survivors (7168K)
 Metaspace       used 25778K, committed 26176K, reserved 1073152K
  class space    used 2959K, committed 3136K, reserved 1048576K
}
Event: 10.760 GC heap before
{Heap before GC invocations=10 (full 0):
 garbage-first heap   total 99328K, used 38950K [0x0000000084c00000, 0x0000000100000000)
  region size 1024K, 9 young (9216K), 7 survivors (7168K)
 Metaspace       used 25778K, committed 26176K, reserved 1073152K
  class space    used 2959K, committed 3136K, reserved 1048576K
}
Event: 10.766 GC heap after
{Heap after GC invocations=11 (full 0):
 garbage-first heap   total 99328K, used 37939K [0x0000000084c00000, 0x0000000100000000)
  region size 1024K, 1 young (1024K), 1 survivors (1024K)
 Metaspace       used 25778K, committed 26176K, reserved 1073152K
  class space    used 2959K, committed 3136K, reserved 1048576K
}
Event: 10.772 GC heap before
{Heap before GC invocations=11 (full 0):
 garbage-first heap   total 99328K, used 72755K [0x0000000084c00000, 0x0000000100000000)
  region size 1024K, 36 young (36864K), 1 survivors (1024K)
 Metaspace       used 25778K, committed 26176K, reserved 1073152K
  class space    used 2959K, committed 3136K, reserved 1048576K
}
Event: 10.773 GC heap after
{Heap after GC invocations=12 (full 0):
 garbage-first heap   total 99328K, used 37973K [0x0000000084c00000, 0x0000000100000000)
  region size 1024K, 1 young (1024K), 1 survivors (1024K)
 Metaspace       used 25778K, committed 26176K, reserved 1073152K
  class space    used 2959K, committed 3136K, reserved 1048576K
}
Event: 10.785 GC heap before
{Heap before GC invocations=12 (full 0):
 garbage-first heap   total 99328K, used 74837K [0x0000000084c00000, 0x0000000100000000)
  region size 1024K, 38 young (38912K), 1 survivors (1024K)
 Metaspace       used 25778K, committed 26176K, reserved 1073152K
  class space    used 2959K, committed 3136K, reserved 1048576K
}
Event: 10.785 GC heap after
{Heap after GC invocations=13 (full 0):
 garbage-first heap   total 99328K, used 37998K [0x0000000084c00000, 0x0000000100000000)
  region size 1024K, 1 young (1024K), 1 survivors (1024K)
 Metaspace       used 25778K, committed 26176K, reserved 1073152K
  class space    used 2959K, committed 3136K, reserved 1048576K
}
Event: 11.070 GC heap before
{Heap before GC invocations=14 (full 0):
 garbage-first heap   total 111616K, used 78958K [0x0000000084c00000, 0x0000000100000000)
  region size 1024K, 41 young (41984K), 1 survivors (1024K)
 Metaspace       used 25791K, committed 26176K, reserved 1073152K
  class space    used 2959K, committed 3136K, reserved 1048576K
}
Event: 11.073 GC heap after
{Heap after GC invocations=15 (full 0):
 garbage-first heap   total 111616K, used 42633K [0x0000000084c00000, 0x0000000100000000)
  region size 1024K, 4 young (4096K), 4 survivors (4096K)
 Metaspace       used 25791K, committed 26176K, reserved 1073152K
  class space    used 2959K, committed 3136K, reserved 1048576K
}
Event: 11.832 GC heap before
{Heap before GC invocations=15 (full 0):
 garbage-first heap   total 111616K, used 88713K [0x0000000084c00000, 0x0000000100000000)
  region size 1024K, 48 young (49152K), 4 survivors (4096K)
 Metaspace       used 26573K, committed 26944K, reserved 1073152K
  class space    used 3029K, committed 3200K, reserved 1048576K
}
Event: 11.848 GC heap after
{Heap after GC invocations=16 (full 0):
 garbage-first heap   total 322560K, used 51841K [0x0000000084c00000, 0x0000000100000000)
  region size 1024K, 6 young (6144K), 6 survivors (6144K)
 Metaspace       used 26573K, committed 26944K, reserved 1073152K
  class space    used 3029K, committed 3200K, reserved 1048576K
}
Event: 16.389 GC heap before
{Heap before GC invocations=16 (full 0):
 garbage-first heap   total 322560K, used 234113K [0x0000000084c00000, 0x0000000100000000)
  region size 1024K, 184 young (188416K), 6 survivors (6144K)
 Metaspace       used 31066K, committed 31424K, reserved 1081344K
  class space    used 3518K, committed 3648K, reserved 1048576K
}
Event: 16.399 GC heap after
{Heap after GC invocations=17 (full 0):
 garbage-first heap   total 322560K, used 53688K [0x0000000084c00000, 0x0000000100000000)
  region size 1024K, 9 young (9216K), 9 survivors (9216K)
 Metaspace       used 31066K, committed 31424K, reserved 1081344K
  class space    used 3518K, committed 3648K, reserved 1048576K
}
Event: 17.234 GC heap before
{Heap before GC invocations=17 (full 0):
 garbage-first heap   total 322560K, used 245176K [0x0000000084c00000, 0x0000000100000000)
  region size 1024K, 189 young (193536K), 9 survivors (9216K)
 Metaspace       used 31178K, committed 31488K, reserved 1081344K
  class space    used 3518K, committed 3648K, reserved 1048576K
}
Event: 17.257 GC heap after
{Heap after GC invocations=18 (full 0):
 garbage-first heap   total 322560K, used 71641K [0x0000000084c00000, 0x0000000100000000)
  region size 1024K, 23 young (23552K), 23 survivors (23552K)
 Metaspace       used 31178K, committed 31488K, reserved 1081344K
  class space    used 3518K, committed 3648K, reserved 1048576K
}
Event: 21.502 GC heap before
{Heap before GC invocations=18 (full 0):
 garbage-first heap   total 322560K, used 243673K [0x0000000084c00000, 0x0000000100000000)
  region size 1024K, 189 young (193536K), 23 survivors (23552K)
 Metaspace       used 35159K, committed 35520K, reserved 1081344K
  class space    used 3926K, committed 4096K, reserved 1048576K
}
Event: 21.513 GC heap after
{Heap after GC invocations=19 (full 0):
 garbage-first heap   total 322560K, used 67559K [0x0000000084c00000, 0x0000000100000000)
  region size 1024K, 8 young (8192K), 8 survivors (8192K)
 Metaspace       used 35159K, committed 35520K, reserved 1081344K
  class space    used 3926K, committed 4096K, reserved 1048576K
}

