# JRE version: OpenJDK Runtime Environment Temurin-17.0.6+10 (17.0.6+10) (build 17.0.6+10)
# Java VM: OpenJDK 64-Bit Server VM Temurin-17.0.6+10 (17.0.6+10, mixed mode, emulated-client, tiered, compressed oops, compressed class ptrs, g1 gc, windows-amd64)
GC Precious Log:
 CPUs: 4 total, 4 available
 Memory: 7880M
 Large Page Support: Disabled
 NUMA Support: Disabled
 Compressed Oops: Enabled (32-bit)
 Heap Region Size: 1M
 Heap Min Capacity: 8M
 Heap Initial Capacity: 124M
 Heap Max Capacity: 1972M
 Pre-touch: Disabled
 Parallel Workers: 4
 Concurrent Workers: 1
 Concurrent Refinement Workers: 4
 Periodic GC: Disabled
Heap:
 garbage-first heap   total 71680K, used 35832K [0x0000000084c00000, 0x0000000100000000)
  region size 1024K, 6 young (6144K), 3 survivors (3072K)
 Metaspace       used 77113K, committed 77632K, reserved 1122304K
  class space    used 10881K, committed 11136K, reserved 1048576K
GC Heap History (20 events):
Event: 7.851 GC heap before
{Heap before GC invocations=10 (full 0):
 garbage-first heap   total 83968K, used 38569K [0x0000000084c00000, 0x0000000100000000)
  region size 1024K, 24 young (24576K), 3 survivors (3072K)
 Metaspace       used 35615K, committed 35968K, reserved 1081344K
  class space    used 4477K, committed 4672K, reserved 1048576K
}
Event: 7.860 GC heap after
{Heap after GC invocations=11 (full 0):
 garbage-first heap   total 83968K, used 19642K [0x0000000084c00000, 0x0000000100000000)
  region size 1024K, 5 young (5120K), 5 survivors (5120K)
 Metaspace       used 35615K, committed 35968K, reserved 1081344K
  class space    used 4477K, committed 4672K, reserved 1048576K
}
Event: 9.466 GC heap before
{Heap before GC invocations=12 (full 0):
 garbage-first heap   total 71680K, used 57530K [0x0000000084c00000, 0x0000000100000000)
  region size 1024K, 42 young (43008K), 5 survivors (5120K)
 Metaspace       used 40631K, committed 41088K, reserved 1089536K
  class space    used 5357K, committed 5568K, reserved 1048576K
}
Event: 9.481 GC heap after
{Heap after GC invocations=13 (full 0):
 garbage-first heap   total 71680K, used 22296K [0x0000000084c00000, 0x0000000100000000)
  region size 1024K, 6 young (6144K), 6 survivors (6144K)
 Metaspace       used 40631K, committed 41088K, reserved 1089536K
  class space    used 5357K, committed 5568K, reserved 1048576K
}
Event: 9.514 GC heap before
{Heap before GC invocations=13 (full 0):
 garbage-first heap   total 71680K, used 23320K [0x0000000084c00000, 0x0000000100000000)
  region size 1024K, 7 young (7168K), 6 survivors (6144K)
 Metaspace       used 40737K, committed 41152K, reserved 1089536K
  class space    used 5375K, committed 5568K, reserved 1048576K
}
Event: 9.524 GC heap after
{Heap after GC invocations=14 (full 0):
 garbage-first heap   total 71680K, used 22732K [0x0000000084c00000, 0x0000000100000000)
  region size 1024K, 1 young (1024K), 1 survivors (1024K)
 Metaspace       used 40737K, committed 41152K, reserved 1089536K
  class space    used 5375K, committed 5568K, reserved 1048576K
}
Event: 10.304 GC heap before
{Heap before GC invocations=14 (full 0):
 garbage-first heap   total 71680K, used 54476K [0x0000000084c00000, 0x0000000100000000)
  region size 1024K, 31 young (31744K), 1 survivors (1024K)
 Metaspace       used 45156K, committed 45632K, reserved 1089536K
  class space    used 5972K, committed 6208K, reserved 1048576K
}
Event: 10.308 GC heap after
{Heap after GC invocations=15 (full 0):
 garbage-first heap   total 71680K, used 23756K [0x0000000084c00000, 0x0000000100000000)
  region size 1024K, 2 young (2048K), 2 survivors (2048K)
 Metaspace       used 45156K, committed 45632K, reserved 1089536K
  class space    used 5972K, committed 6208K, reserved 1048576K
}
Event: 11.199 GC heap before
{Heap before GC invocations=15 (full 0):
 garbage-first heap   total 71680K, used 54476K [0x0000000084c00000, 0x0000000100000000)
  region size 1024K, 32 young (32768K), 2 survivors (2048K)
 Metaspace       used 52758K, committed 53312K, reserved 1097728K
  class space    used 7059K, committed 7296K, reserved 1048576K
}
Event: 11.205 GC heap after
{Heap after GC invocations=16 (full 0):
 garbage-first heap   total 71680K, used 26034K [0x0000000084c00000, 0x0000000100000000)
  region size 1024K, 4 young (4096K), 4 survivors (4096K)
 Metaspace       used 52758K, committed 53312K, reserved 1097728K
  class space    used 7059K, committed 7296K, reserved 1048576K
}
Event: 12.009 GC heap before
{Heap before GC invocations=16 (full 0):
 garbage-first heap   total 71680K, used 48562K [0x0000000084c00000, 0x0000000100000000)
  region size 1024K, 27 young (27648K), 4 survivors (4096K)
 Metaspace       used 59621K, committed 60096K, reserved 1105920K
  class space    used 7979K, committed 8256K, reserved 1048576K
}
Event: 12.016 GC heap after
{Heap after GC invocations=17 (full 0):
 garbage-first heap   total 71680K, used 27710K [0x0000000084c00000, 0x0000000100000000)
  region size 1024K, 4 young (4096K), 4 survivors (4096K)
 Metaspace       used 59621K, committed 60096K, reserved 1105920K
  class space    used 7979K, committed 8256K, reserved 1048576K
}
Event: 12.797 GC heap before
{Heap before GC invocations=18 (full 0):
 garbage-first heap   total 71680K, used 56382K [0x0000000084c00000, 0x0000000100000000)
  region size 1024K, 32 young (32768K), 4 survivors (4096K)
 Metaspace       used 66707K, committed 67264K, reserved 1114112K
  class space    used 9126K, committed 9408K, reserved 1048576K
}
Event: 12.802 GC heap after
{Heap after GC invocations=19 (full 0):
 garbage-first heap   total 71680K, used 28969K [0x0000000084c00000, 0x0000000100000000)
  region size 1024K, 3 young (3072K), 3 survivors (3072K)
 Metaspace       used 66707K, committed 67264K, reserved 1114112K
  class space    used 9126K, committed 9408K, reserved 1048576K
}
Event: 13.507 GC heap before
{Heap before GC invocations=20 (full 0):
 garbage-first heap   total 71680K, used 57641K [0x0000000084c00000, 0x0000000100000000)
  region size 1024K, 31 young (31744K), 3 survivors (3072K)
 Metaspace       used 72124K, committed 72640K, reserved 1114112K
  class space    used 9913K, committed 10176K, reserved 1048576K
}
Event: 13.512 GC heap after
{Heap after GC invocations=21 (full 0):
 garbage-first heap   total 71680K, used 30815K [0x0000000084c00000, 0x0000000100000000)
  region size 1024K, 3 young (3072K), 3 survivors (3072K)
 Metaspace       used 72124K, committed 72640K, reserved 1114112K
  class space    used 9913K, committed 10176K, reserved 1048576K
}
Event: 13.995 GC heap before
{Heap before GC invocations=21 (full 0):
 garbage-first heap   total 71680K, used 57439K [0x0000000084c00000, 0x0000000100000000)
  region size 1024K, 29 young (29696K), 3 survivors (3072K)
 Metaspace       used 75004K, committed 75584K, reserved 1114112K
  class space    used 10427K, committed 10688K, reserved 1048576K
}
Event: 14.000 GC heap after
{Heap after GC invocations=22 (full 0):
 garbage-first heap   total 71680K, used 32659K [0x0000000084c00000, 0x0000000100000000)
  region size 1024K, 4 young (4096K), 4 survivors (4096K)
 Metaspace       used 75004K, committed 75584K, reserved 1114112K
  class space    used 10427K, committed 10688K, reserved 1048576K
}
Event: 14.186 GC heap before
{Heap before GC invocations=22 (full 0):
 garbage-first heap   total 71680K, used 56211K [0x0000000084c00000, 0x0000000100000000)
  region size 1024K, 28 young (28672K), 4 survivors (4096K)
 Metaspace       used 76310K, committed 76864K, reserved 1122304K
  class space    used 10728K, committed 11008K, reserved 1048576K
}
Event: 14.192 GC heap after
{Heap after GC invocations=23 (full 0):
 garbage-first heap   total 71680K, used 33784K [0x0000000084c00000, 0x0000000100000000)
  region size 1024K, 3 young (3072K), 3 survivors (3072K)
 Metaspace       used 76310K, committed 76864K, reserved 1122304K
  class space    used 10728K, committed 11008K, reserved 1048576K
}

