# JRE version: OpenJDK Runtime Environment Temurin-17.0.6+10 (17.0.6+10) (build 17.0.6+10)
# Java VM: OpenJDK 64-Bit Server VM Temurin-17.0.6+10 (17.0.6+10, mixed mode, emulated-client, tiered, compressed oops, compressed class ptrs, g1 gc, windows-amd64)
GC Precious Log:
 CPUs: 4 total, 4 available
 Memory: 7880M
 Large Page Support: Disabled
 NUMA Support: Disabled
 Compressed Oops: Enabled (32-bit)
 Heap Region Size: 1M
 Heap Min Capacity: 8M
 Heap Initial Capacity: 124M
 Heap Max Capacity: 1972M
 Pre-touch: Disabled
 Parallel Workers: 4
 Concurrent Workers: 1
 Concurrent Refinement Workers: 4
 Periodic GC: Disabled
Heap:
 garbage-first heap   total 76800K, used 46295K [0x0000000084c00000, 0x0000000100000000)
  region size 1024K, 4 young (4096K), 2 survivors (2048K)
 Metaspace       used 92791K, committed 93632K, reserved 1130496K
  class space    used 13112K, committed 13440K, reserved 1048576K
GC Heap History (20 events):
Event: 32.447 GC heap before
{Heap before GC invocations=19 (full 0):
 garbage-first heap   total 71680K, used 56581K [0x0000000084c00000, 0x0000000100000000)
  region size 1024K, 29 young (29696K), 4 survivors (4096K)
 Metaspace       used 77776K, committed 78336K, reserved 1122304K
  class space    used 10962K, committed 11200K, reserved 1048576K
}
Event: 32.454 GC heap after
{Heap after GC invocations=20 (full 0):
 garbage-first heap   total 71680K, used 34205K [0x0000000084c00000, 0x0000000100000000)
  region size 1024K, 4 young (4096K), 4 survivors (4096K)
 Metaspace       used 77776K, committed 78336K, reserved 1122304K
  class space    used 10962K, committed 11200K, reserved 1048576K
}
Event: 33.457 GC heap before
{Heap before GC invocations=20 (full 0):
 garbage-first heap   total 71680K, used 55709K [0x0000000084c00000, 0x0000000100000000)
  region size 1024K, 26 young (26624K), 4 survivors (4096K)
 Metaspace       used 79786K, committed 80384K, reserved 1122304K
  class space    used 11236K, committed 11520K, reserved 1048576K
}
Event: 33.464 GC heap after
{Heap after GC invocations=21 (full 0):
 garbage-first heap   total 71680K, used 35974K [0x0000000084c00000, 0x0000000100000000)
  region size 1024K, 2 young (2048K), 2 survivors (2048K)
 Metaspace       used 79786K, committed 80384K, reserved 1122304K
  class space    used 11236K, committed 11520K, reserved 1048576K
}
Event: 34.628 GC heap before
{Heap before GC invocations=21 (full 0):
 garbage-first heap   total 71680K, used 57478K [0x0000000084c00000, 0x0000000100000000)
  region size 1024K, 23 young (23552K), 2 survivors (2048K)
 Metaspace       used 81168K, committed 81728K, reserved 1122304K
  class space    used 11424K, committed 11712K, reserved 1048576K
}
Event: 34.634 GC heap after
{Heap after GC invocations=22 (full 0):
 garbage-first heap   total 71680K, used 36738K [0x0000000084c00000, 0x0000000100000000)
  region size 1024K, 3 young (3072K), 3 survivors (3072K)
 Metaspace       used 81168K, committed 81728K, reserved 1122304K
  class space    used 11424K, committed 11712K, reserved 1048576K
}
Event: 36.287 GC heap before
{Heap before GC invocations=23 (full 0):
 garbage-first heap   total 71680K, used 57218K [0x0000000084c00000, 0x0000000100000000)
  region size 1024K, 23 young (23552K), 3 survivors (3072K)
 Metaspace       used 82241K, committed 82816K, reserved 1122304K
  class space    used 11618K, committed 11904K, reserved 1048576K
}
Event: 36.293 GC heap after
{Heap after GC invocations=24 (full 0):
 garbage-first heap   total 71680K, used 38232K [0x0000000084c00000, 0x0000000100000000)
  region size 1024K, 3 young (3072K), 3 survivors (3072K)
 Metaspace       used 82241K, committed 82816K, reserved 1122304K
  class space    used 11618K, committed 11904K, reserved 1048576K
}
Event: 37.276 GC heap before
{Heap before GC invocations=24 (full 0):
 garbage-first heap   total 71680K, used 57688K [0x0000000084c00000, 0x0000000100000000)
  region size 1024K, 22 young (22528K), 3 survivors (3072K)
 Metaspace       used 83537K, committed 84096K, reserved 1122304K
  class space    used 11790K, committed 12032K, reserved 1048576K
}
Event: 37.284 GC heap after
{Heap after GC invocations=25 (full 0):
 garbage-first heap   total 71680K, used 39819K [0x0000000084c00000, 0x0000000100000000)
  region size 1024K, 2 young (2048K), 2 survivors (2048K)
 Metaspace       used 83537K, committed 84096K, reserved 1122304K
  class space    used 11790K, committed 12032K, reserved 1048576K
}
Event: 39.071 GC heap before
{Heap before GC invocations=26 (full 0):
 garbage-first heap   total 73728K, used 57227K [0x0000000084c00000, 0x0000000100000000)
  region size 1024K, 19 young (19456K), 2 survivors (2048K)
 Metaspace       used 84294K, committed 84864K, reserved 1122304K
  class space    used 11918K, committed 12160K, reserved 1048576K
}
Event: 39.076 GC heap after
{Heap after GC invocations=27 (full 0):
 garbage-first heap   total 73728K, used 40877K [0x0000000084c00000, 0x0000000100000000)
  region size 1024K, 3 young (3072K), 3 survivors (3072K)
 Metaspace       used 84294K, committed 84864K, reserved 1122304K
  class space    used 11918K, committed 12160K, reserved 1048576K
}
Event: 40.883 GC heap before
{Heap before GC invocations=27 (full 0):
 garbage-first heap   total 73728K, used 59309K [0x0000000084c00000, 0x0000000100000000)
  region size 1024K, 21 young (21504K), 3 survivors (3072K)
 Metaspace       used 86327K, committed 86912K, reserved 1130496K
  class space    used 12222K, committed 12480K, reserved 1048576K
}
Event: 40.890 GC heap after
{Heap after GC invocations=28 (full 0):
 garbage-first heap   total 73728K, used 43261K [0x0000000084c00000, 0x0000000100000000)
  region size 1024K, 3 young (3072K), 3 survivors (3072K)
 Metaspace       used 86327K, committed 86912K, reserved 1130496K
  class space    used 12222K, committed 12480K, reserved 1048576K
}
Event: 42.958 GC heap before
{Heap before GC invocations=29 (full 0):
 garbage-first heap   total 76800K, used 58621K [0x0000000084c00000, 0x0000000100000000)
  region size 1024K, 18 young (18432K), 3 survivors (3072K)
 Metaspace       used 89487K, committed 90048K, reserved 1130496K
  class space    used 12672K, committed 12928K, reserved 1048576K
}
Event: 42.966 GC heap after
{Heap after GC invocations=30 (full 0):
 garbage-first heap   total 76800K, used 44878K [0x0000000084c00000, 0x0000000100000000)
  region size 1024K, 2 young (2048K), 2 survivors (2048K)
 Metaspace       used 89487K, committed 90048K, reserved 1130496K
  class space    used 12672K, committed 12928K, reserved 1048576K
}
Event: 44.134 GC heap before
{Heap before GC invocations=30 (full 0):
 garbage-first heap   total 76800K, used 45902K [0x0000000084c00000, 0x0000000100000000)
  region size 1024K, 3 young (3072K), 2 survivors (2048K)
 Metaspace       used 89827K, committed 90368K, reserved 1130496K
  class space    used 12715K, committed 12928K, reserved 1048576K
}
Event: 44.138 GC heap after
{Heap after GC invocations=31 (full 0):
 garbage-first heap   total 76800K, used 44347K [0x0000000084c00000, 0x0000000100000000)
  region size 1024K, 1 young (1024K), 1 survivors (1024K)
 Metaspace       used 89827K, committed 90368K, reserved 1130496K
  class space    used 12715K, committed 12928K, reserved 1048576K
}
Event: 660.149 GC heap before
{Heap before GC invocations=31 (full 0):
 garbage-first heap   total 76800K, used 60731K [0x0000000084c00000, 0x0000000100000000)
  region size 1024K, 18 young (18432K), 1 survivors (1024K)
 Metaspace       used 92634K, committed 93248K, reserved 1130496K
  class space    used 13113K, committed 13376K, reserved 1048576K
}
Event: 660.170 GC heap after
{Heap after GC invocations=32 (full 0):
 garbage-first heap   total 76800K, used 45271K [0x0000000084c00000, 0x0000000100000000)
  region size 1024K, 2 young (2048K), 2 survivors (2048K)
 Metaspace       used 92634K, committed 93248K, reserved 1130496K
  class space    used 13113K, committed 13376K, reserved 1048576K
}

