# JRE version: OpenJDK Runtime Environment Temurin-17.0.6+10 (17.0.6+10) (build 17.0.6+10)
# Java VM: OpenJDK 64-Bit Server VM Temurin-17.0.6+10 (17.0.6+10, mixed mode, emulated-client, tiered, compressed oops, compressed class ptrs, g1 gc, windows-amd64)
GC Precious Log:
 CPUs: 4 total, 4 available
 Memory: 7880M
 Large Page Support: Disabled
 NUMA Support: Disabled
 Compressed Oops: Enabled (32-bit)
 Heap Region Size: 1M
 Heap Min Capacity: 8M
 Heap Initial Capacity: 124M
 Heap Max Capacity: 1972M
 Pre-touch: Disabled
 Parallel Workers: 4
 Concurrent Workers: 1
 Concurrent Refinement Workers: 4
 Periodic GC: Disabled
Heap:
 garbage-first heap   total 50176K, used 35690K [0x0000000084c00000, 0x0000000100000000)
  region size 1024K, 10 young (10240K), 2 survivors (2048K)
 Metaspace       used 58310K, committed 58752K, reserved 1105920K
  class space    used 7829K, committed 8064K, reserved 1048576K
GC Heap History (20 events):
Event: 10.426 GC heap before
{Heap before GC invocations=10 (full 0):
 garbage-first heap   total 48128K, used 35648K [0x0000000084c00000, 0x0000000100000000)
  region size 1024K, 20 young (20480K), 3 survivors (3072K)
 Metaspace       used 34642K, committed 34944K, reserved 1081344K
  class space    used 4338K, committed 4480K, reserved 1048576K
}
Event: 10.433 GC heap after
{Heap after GC invocations=11 (full 0):
 garbage-first heap   total 48128K, used 19761K [0x0000000084c00000, 0x0000000100000000)
  region size 1024K, 3 young (3072K), 3 survivors (3072K)
 Metaspace       used 34642K, committed 34944K, reserved 1081344K
  class space    used 4338K, committed 4480K, reserved 1048576K
}
Event: 11.370 GC heap before
{Heap before GC invocations=11 (full 0):
 garbage-first heap   total 48128K, used 28977K [0x0000000084c00000, 0x0000000100000000)
  region size 1024K, 13 young (13312K), 3 survivors (3072K)
 Metaspace       used 35844K, committed 36096K, reserved 1081344K
  class space    used 4511K, committed 4608K, reserved 1048576K
}
Event: 11.377 GC heap after
{Heap after GC invocations=12 (full 0):
 garbage-first heap   total 48128K, used 20129K [0x0000000084c00000, 0x0000000100000000)
  region size 1024K, 2 young (2048K), 2 survivors (2048K)
 Metaspace       used 35844K, committed 36096K, reserved 1081344K
  class space    used 4511K, committed 4608K, reserved 1048576K
}
Event: 12.183 GC heap before
{Heap before GC invocations=13 (full 0):
 garbage-first heap   total 48128K, used 37537K [0x0000000084c00000, 0x0000000100000000)
  region size 1024K, 19 young (19456K), 2 survivors (2048K)
 Metaspace       used 37884K, committed 38208K, reserved 1089536K
  class space    used 4943K, committed 5120K, reserved 1048576K
}
Event: 12.188 GC heap after
{Heap after GC invocations=14 (full 0):
 garbage-first heap   total 48128K, used 21242K [0x0000000084c00000, 0x0000000100000000)
  region size 1024K, 2 young (2048K), 2 survivors (2048K)
 Metaspace       used 37884K, committed 38208K, reserved 1089536K
  class space    used 4943K, committed 5120K, reserved 1048576K
}
Event: 12.902 GC heap before
{Heap before GC invocations=14 (full 0):
 garbage-first heap   total 48128K, used 37626K [0x0000000084c00000, 0x0000000100000000)
  region size 1024K, 18 young (18432K), 2 survivors (2048K)
 Metaspace       used 40144K, committed 40576K, reserved 1089536K
  class space    used 5300K, committed 5504K, reserved 1048576K
}
Event: 12.910 GC heap after
{Heap after GC invocations=15 (full 0):
 garbage-first heap   total 48128K, used 22584K [0x0000000084c00000, 0x0000000100000000)
  region size 1024K, 3 young (3072K), 3 survivors (3072K)
 Metaspace       used 40144K, committed 40576K, reserved 1089536K
  class space    used 5300K, committed 5504K, reserved 1048576K
}
Event: 13.513 GC heap before
{Heap before GC invocations=15 (full 0):
 garbage-first heap   total 48128K, used 36920K [0x0000000084c00000, 0x0000000100000000)
  region size 1024K, 17 young (17408K), 3 survivors (3072K)
 Metaspace       used 41839K, committed 42240K, reserved 1089536K
  class space    used 5596K, committed 5760K, reserved 1048576K
}
Event: 13.521 GC heap after
{Heap after GC invocations=16 (full 0):
 garbage-first heap   total 48128K, used 24044K [0x0000000084c00000, 0x0000000100000000)
  region size 1024K, 3 young (3072K), 3 survivors (3072K)
 Metaspace       used 41839K, committed 42240K, reserved 1089536K
  class space    used 5596K, committed 5760K, reserved 1048576K
}
Event: 14.303 GC heap before
{Heap before GC invocations=16 (full 0):
 garbage-first heap   total 48128K, used 34284K [0x0000000084c00000, 0x0000000100000000)
  region size 1024K, 14 young (14336K), 3 survivors (3072K)
 Metaspace       used 43561K, committed 44032K, reserved 1089536K
  class space    used 5780K, committed 6016K, reserved 1048576K
}
Event: 14.310 GC heap after
{Heap after GC invocations=17 (full 0):
 garbage-first heap   total 48128K, used 25780K [0x0000000084c00000, 0x0000000100000000)
  region size 1024K, 3 young (3072K), 3 survivors (3072K)
 Metaspace       used 43561K, committed 44032K, reserved 1089536K
  class space    used 5780K, committed 6016K, reserved 1048576K
}
Event: 15.671 GC heap before
{Heap before GC invocations=18 (full 0):
 garbage-first heap   total 50176K, used 39092K [0x0000000084c00000, 0x0000000100000000)
  region size 1024K, 15 young (15360K), 3 survivors (3072K)
 Metaspace       used 44432K, committed 44864K, reserved 1089536K
  class space    used 5918K, committed 6144K, reserved 1048576K
}
Event: 15.674 GC heap after
{Heap after GC invocations=19 (full 0):
 garbage-first heap   total 50176K, used 25796K [0x0000000084c00000, 0x0000000100000000)
  region size 1024K, 1 young (1024K), 1 survivors (1024K)
 Metaspace       used 44432K, committed 44864K, reserved 1089536K
  class space    used 5918K, committed 6144K, reserved 1048576K
}
Event: 16.213 GC heap before
{Heap before GC invocations=19 (full 0):
 garbage-first heap   total 50176K, used 40132K [0x0000000084c00000, 0x0000000100000000)
  region size 1024K, 15 young (15360K), 1 survivors (1024K)
 Metaspace       used 47214K, committed 47680K, reserved 1097728K
  class space    used 6305K, committed 6528K, reserved 1048576K
}
Event: 16.216 GC heap after
{Heap after GC invocations=20 (full 0):
 garbage-first heap   total 50176K, used 26203K [0x0000000084c00000, 0x0000000100000000)
  region size 1024K, 2 young (2048K), 2 survivors (2048K)
 Metaspace       used 47214K, committed 47680K, reserved 1097728K
  class space    used 6305K, committed 6528K, reserved 1048576K
}
Event: 16.750 GC heap before
{Heap before GC invocations=21 (full 0):
 garbage-first heap   total 50176K, used 39515K [0x0000000084c00000, 0x0000000100000000)
  region size 1024K, 15 young (15360K), 2 survivors (2048K)
 Metaspace       used 50029K, committed 50496K, reserved 1097728K
  class space    used 6798K, committed 7040K, reserved 1048576K
}
Event: 16.753 GC heap after
{Heap after GC invocations=22 (full 0):
 garbage-first heap   total 50176K, used 26881K [0x0000000084c00000, 0x0000000100000000)
  region size 1024K, 2 young (2048K), 2 survivors (2048K)
 Metaspace       used 50029K, committed 50496K, reserved 1097728K
  class space    used 6798K, committed 7040K, reserved 1048576K
}
Event: 17.754 GC heap before
{Heap before GC invocations=22 (full 0):
 garbage-first heap   total 50176K, used 41217K [0x0000000084c00000, 0x0000000100000000)
  region size 1024K, 16 young (16384K), 2 survivors (2048K)
 Metaspace       used 56689K, committed 57152K, reserved 1105920K
  class space    used 7590K, committed 7808K, reserved 1048576K
}
Event: 17.759 GC heap after
{Heap after GC invocations=23 (full 0):
 garbage-first heap   total 50176K, used 28522K [0x0000000084c00000, 0x0000000100000000)
  region size 1024K, 2 young (2048K), 2 survivors (2048K)
 Metaspace       used 56689K, committed 57152K, reserved 1105920K
  class space    used 7590K, committed 7808K, reserved 1048576K
}

