# JRE version: OpenJDK Runtime Environment Temurin-17.0.6+10 (17.0.6+10) (build 17.0.6+10)
# Java VM: OpenJDK 64-Bit Server VM Temurin-17.0.6+10 (17.0.6+10, mixed mode, emulated-client, tiered, compressed oops, compressed class ptrs, g1 gc, windows-amd64)
GC Precious Log:
 CPUs: 4 total, 4 available
 Memory: 7880M
 Large Page Support: Disabled
 NUMA Support: Disabled
 Compressed Oops: Enabled (32-bit)
 Heap Region Size: 1M
 Heap Min Capacity: 8M
 Heap Initial Capacity: 124M
 Heap Max Capacity: 1972M
 Pre-touch: Disabled
 Parallel Workers: 4
 Concurrent Workers: 1
 Concurrent Refinement Workers: 4
 Periodic GC: Disabled
Heap:
 garbage-first heap   total 58368K, used 39095K [0x0000000084c00000, 0x0000000100000000)
  region size 1024K, 23 young (23552K), 3 survivors (3072K)
 Metaspace       used 38378K, committed 38720K, reserved 1089536K
  class space    used 5001K, committed 5184K, reserved 1048576K
GC Heap History (18 events):
Event: 0.745 GC heap before
{Heap before GC invocations=0 (full 0):
 garbage-first heap   total 126976K, used 16384K [0x0000000084c00000, 0x0000000100000000)
  region size 1024K, 13 young (13312K), 0 survivors (0K)
 Metaspace       used 10741K, committed 10944K, reserved 1064960K
  class space    used 1061K, committed 1152K, reserved 1048576K
}
Event: 0.751 GC heap after
{Heap after GC invocations=1 (full 0):
 garbage-first heap   total 126976K, used 8752K [0x0000000084c00000, 0x0000000100000000)
  region size 1024K, 2 young (2048K), 2 survivors (2048K)
 Metaspace       used 10741K, committed 10944K, reserved 1064960K
  class space    used 1061K, committed 1152K, reserved 1048576K
}
Event: 1.070 GC heap before
{Heap before GC invocations=1 (full 0):
 garbage-first heap   total 126976K, used 17968K [0x0000000084c00000, 0x0000000100000000)
  region size 1024K, 11 young (11264K), 2 survivors (2048K)
 Metaspace       used 15354K, committed 15552K, reserved 1064960K
  class space    used 1615K, committed 1728K, reserved 1048576K
}
Event: 1.075 GC heap after
{Heap after GC invocations=2 (full 0):
 garbage-first heap   total 126976K, used 10384K [0x0000000084c00000, 0x0000000100000000)
  region size 1024K, 2 young (2048K), 2 survivors (2048K)
 Metaspace       used 15354K, committed 15552K, reserved 1064960K
  class space    used 1615K, committed 1728K, reserved 1048576K
}
Event: 1.891 GC heap before
{Heap before GC invocations=2 (full 0):
 garbage-first heap   total 126976K, used 29840K [0x0000000084c00000, 0x0000000100000000)
  region size 1024K, 21 young (21504K), 2 survivors (2048K)
 Metaspace       used 19466K, committed 19776K, reserved 1073152K
  class space    used 2220K, committed 2368K, reserved 1048576K
}
Event: 1.896 GC heap after
{Heap after GC invocations=3 (full 0):
 garbage-first heap   total 126976K, used 11584K [0x0000000084c00000, 0x0000000100000000)
  region size 1024K, 3 young (3072K), 3 survivors (3072K)
 Metaspace       used 19466K, committed 19776K, reserved 1073152K
  class space    used 2220K, committed 2368K, reserved 1048576K
}
Event: 2.076 GC heap before
{Heap before GC invocations=3 (full 0):
 garbage-first heap   total 126976K, used 21824K [0x0000000084c00000, 0x0000000100000000)
  region size 1024K, 14 young (14336K), 3 survivors (3072K)
 Metaspace       used 21251K, committed 21504K, reserved 1073152K
  class space    used 2493K, committed 2624K, reserved 1048576K
}
Event: 2.079 GC heap after
{Heap after GC invocations=4 (full 0):
 garbage-first heap   total 126976K, used 12537K [0x0000000084c00000, 0x0000000100000000)
  region size 1024K, 4 young (4096K), 4 survivors (4096K)
 Metaspace       used 21251K, committed 21504K, reserved 1073152K
  class space    used 2493K, committed 2624K, reserved 1048576K
}
Event: 2.442 GC heap before
{Heap before GC invocations=5 (full 0):
 garbage-first heap   total 48128K, used 37113K [0x0000000084c00000, 0x0000000100000000)
  region size 1024K, 29 young (29696K), 4 survivors (4096K)
 Metaspace       used 25260K, committed 25600K, reserved 1073152K
  class space    used 3168K, committed 3328K, reserved 1048576K
}
Event: 2.447 GC heap after
{Heap after GC invocations=6 (full 0):
 garbage-first heap   total 48128K, used 13290K [0x0000000084c00000, 0x0000000100000000)
  region size 1024K, 5 young (5120K), 5 survivors (5120K)
 Metaspace       used 25260K, committed 25600K, reserved 1073152K
  class space    used 3168K, committed 3328K, reserved 1048576K
}
Event: 2.685 GC heap before
{Heap before GC invocations=6 (full 0):
 garbage-first heap   total 48128K, used 31722K [0x0000000084c00000, 0x0000000100000000)
  region size 1024K, 24 young (24576K), 5 survivors (5120K)
 Metaspace       used 29359K, committed 29632K, reserved 1081344K
  class space    used 3594K, committed 3712K, reserved 1048576K
}
Event: 2.692 GC heap after
{Heap after GC invocations=7 (full 0):
 garbage-first heap   total 48128K, used 14997K [0x0000000084c00000, 0x0000000100000000)
  region size 1024K, 3 young (3072K), 3 survivors (3072K)
 Metaspace       used 29359K, committed 29632K, reserved 1081344K
  class space    used 3594K, committed 3712K, reserved 1048576K
}
Event: 2.968 GC heap before
{Heap before GC invocations=7 (full 0):
 garbage-first heap   total 48128K, used 34453K [0x0000000084c00000, 0x0000000100000000)
  region size 1024K, 22 young (22528K), 3 survivors (3072K)
 Metaspace       used 31884K, committed 32128K, reserved 1081344K
  class space    used 3955K, committed 4096K, reserved 1048576K
}
Event: 2.974 GC heap after
{Heap after GC invocations=8 (full 0):
 garbage-first heap   total 58368K, used 17299K [0x0000000084c00000, 0x0000000100000000)
  region size 1024K, 3 young (3072K), 3 survivors (3072K)
 Metaspace       used 31884K, committed 32128K, reserved 1081344K
  class space    used 3955K, committed 4096K, reserved 1048576K
}
Event: 4.302 GC heap before
{Heap before GC invocations=8 (full 0):
 garbage-first heap   total 58368K, used 41875K [0x0000000084c00000, 0x0000000100000000)
  region size 1024K, 28 young (28672K), 3 survivors (3072K)
 Metaspace       used 33869K, committed 34240K, reserved 1081344K
  class space    used 4230K, committed 4416K, reserved 1048576K
}
Event: 4.311 GC heap after
{Heap after GC invocations=9 (full 0):
 garbage-first heap   total 58368K, used 18826K [0x0000000084c00000, 0x0000000100000000)
  region size 1024K, 4 young (4096K), 4 survivors (4096K)
 Metaspace       used 33869K, committed 34240K, reserved 1081344K
  class space    used 4230K, committed 4416K, reserved 1048576K
}
Event: 4.941 GC heap before
{Heap before GC invocations=9 (full 0):
 garbage-first heap   total 58368K, used 31114K [0x0000000084c00000, 0x0000000100000000)
  region size 1024K, 17 young (17408K), 4 survivors (4096K)
 Metaspace       used 35789K, committed 36096K, reserved 1081344K
  class space    used 4519K, committed 4672K, reserved 1048576K
}
Event: 4.950 GC heap after
{Heap after GC invocations=10 (full 0):
 garbage-first heap   total 58368K, used 19639K [0x0000000084c00000, 0x0000000100000000)
  region size 1024K, 3 young (3072K), 3 survivors (3072K)
 Metaspace       used 35789K, committed 36096K, reserved 1081344K
  class space    used 4519K, committed 4672K, reserved 1048576K
}

