# JRE version: OpenJDK Runtime Environment Temurin-17.0.6+10 (17.0.6+10) (build 17.0.6+10)
# Java VM: OpenJDK 64-Bit Server VM Temurin-17.0.6+10 (17.0.6+10, mixed mode, emulated-client, tiered, compressed oops, compressed class ptrs, g1 gc, windows-amd64)
GC Precious Log:
 CPUs: 4 total, 4 available
 Memory: 7880M
 Large Page Support: Disabled
 NUMA Support: Disabled
 Compressed Oops: Enabled (32-bit)
 Heap Region Size: 1M
 Heap Min Capacity: 8M
 Heap Initial Capacity: 124M
 Heap Max Capacity: 1972M
 Pre-touch: Disabled
 Parallel Workers: 4
 Concurrent Workers: 1
 Concurrent Refinement Workers: 4
 Periodic GC: Disabled
Heap:
 garbage-first heap   total 68608K, used 28125K [0x0000000084c00000, 0x0000000100000000)
  region size 1024K, 5 young (5120K), 5 survivors (5120K)
 Metaspace       used 53690K, committed 54208K, reserved 1097728K
  class space    used 7344K, committed 7616K, reserved 1048576K
GC Heap History (20 events):
Event: 1.824 GC heap after
{Heap after GC invocations=4 (full 0):
 garbage-first heap   total 126976K, used 10263K [0x0000000084c00000, 0x0000000100000000)
  region size 1024K, 4 young (4096K), 4 survivors (4096K)
 Metaspace       used 21271K, committed 21504K, reserved 1073152K
  class space    used 2514K, committed 2624K, reserved 1048576K
}
Event: 2.065 GC heap before
{Heap before GC invocations=5 (full 0):
 garbage-first heap   total 40960K, used 29719K [0x0000000084c00000, 0x0000000100000000)
  region size 1024K, 25 young (25600K), 4 survivors (4096K)
 Metaspace       used 24965K, committed 25280K, reserved 1073152K
  class space    used 3139K, committed 3264K, reserved 1048576K
}
Event: 2.069 GC heap after
{Heap after GC invocations=6 (full 0):
 garbage-first heap   total 40960K, used 11479K [0x0000000084c00000, 0x0000000100000000)
  region size 1024K, 5 young (5120K), 5 survivors (5120K)
 Metaspace       used 24965K, committed 25280K, reserved 1073152K
  class space    used 3139K, committed 3264K, reserved 1048576K
}
Event: 2.081 GC heap before
{Heap before GC invocations=6 (full 0):
 garbage-first heap   total 40960K, used 12503K [0x0000000084c00000, 0x0000000100000000)
  region size 1024K, 6 young (6144K), 5 survivors (5120K)
 Metaspace       used 25187K, committed 25536K, reserved 1073152K
  class space    used 3165K, committed 3328K, reserved 1048576K
}
Event: 2.086 GC heap after
{Heap after GC invocations=7 (full 0):
 garbage-first heap   total 40960K, used 11723K [0x0000000084c00000, 0x0000000100000000)
  region size 1024K, 1 young (1024K), 1 survivors (1024K)
 Metaspace       used 25187K, committed 25536K, reserved 1073152K
  class space    used 3165K, committed 3328K, reserved 1048576K
}
Event: 2.187 GC heap before
{Heap before GC invocations=7 (full 0):
 garbage-first heap   total 40960K, used 27083K [0x0000000084c00000, 0x0000000100000000)
  region size 1024K, 17 young (17408K), 1 survivors (1024K)
 Metaspace       used 27894K, committed 28224K, reserved 1081344K
  class space    used 3409K, committed 3584K, reserved 1048576K
}
Event: 2.189 GC heap after
{Heap after GC invocations=8 (full 0):
 garbage-first heap   total 79872K, used 12880K [0x0000000084c00000, 0x0000000100000000)
  region size 1024K, 2 young (2048K), 2 survivors (2048K)
 Metaspace       used 27894K, committed 28224K, reserved 1081344K
  class space    used 3409K, committed 3584K, reserved 1048576K
}
Event: 2.758 GC heap before
{Heap before GC invocations=8 (full 0):
 garbage-first heap   total 79872K, used 56912K [0x0000000084c00000, 0x0000000100000000)
  region size 1024K, 46 young (47104K), 2 survivors (2048K)
 Metaspace       used 32110K, committed 32448K, reserved 1081344K
  class space    used 4030K, committed 4224K, reserved 1048576K
}
Event: 2.762 GC heap after
{Heap after GC invocations=9 (full 0):
 garbage-first heap   total 79872K, used 15246K [0x0000000084c00000, 0x0000000100000000)
  region size 1024K, 5 young (5120K), 5 survivors (5120K)
 Metaspace       used 32110K, committed 32448K, reserved 1081344K
  class space    used 4030K, committed 4224K, reserved 1048576K
}
Event: 3.344 GC heap before
{Heap before GC invocations=9 (full 0):
 garbage-first heap   total 79872K, used 50062K [0x0000000084c00000, 0x0000000100000000)
  region size 1024K, 40 young (40960K), 5 survivors (5120K)
 Metaspace       used 35809K, committed 36160K, reserved 1081344K
  class space    used 4628K, committed 4800K, reserved 1048576K
}
Event: 3.354 GC heap after
{Heap after GC invocations=10 (full 0):
 garbage-first heap   total 79872K, used 18131K [0x0000000084c00000, 0x0000000100000000)
  region size 1024K, 6 young (6144K), 6 survivors (6144K)
 Metaspace       used 35809K, committed 36160K, reserved 1081344K
  class space    used 4628K, committed 4800K, reserved 1048576K
}
Event: 4.140 GC heap before
{Heap before GC invocations=11 (full 0):
 garbage-first heap   total 68608K, used 52947K [0x0000000084c00000, 0x0000000100000000)
  region size 1024K, 40 young (40960K), 6 survivors (6144K)
 Metaspace       used 41013K, committed 41408K, reserved 1089536K
  class space    used 5416K, committed 5568K, reserved 1048576K
}
Event: 4.149 GC heap after
{Heap after GC invocations=12 (full 0):
 garbage-first heap   total 68608K, used 20577K [0x0000000084c00000, 0x0000000100000000)
  region size 1024K, 3 young (3072K), 3 survivors (3072K)
 Metaspace       used 41013K, committed 41408K, reserved 1089536K
  class space    used 5416K, committed 5568K, reserved 1048576K
}
Event: 4.164 GC heap before
{Heap before GC invocations=12 (full 0):
 garbage-first heap   total 68608K, used 20577K [0x0000000084c00000, 0x0000000100000000)
  region size 1024K, 4 young (4096K), 3 survivors (3072K)
 Metaspace       used 41157K, committed 41536K, reserved 1089536K
  class space    used 5440K, committed 5632K, reserved 1048576K
}
Event: 4.169 GC heap after
{Heap after GC invocations=13 (full 0):
 garbage-first heap   total 68608K, used 21129K [0x0000000084c00000, 0x0000000100000000)
  region size 1024K, 1 young (1024K), 1 survivors (1024K)
 Metaspace       used 41157K, committed 41536K, reserved 1089536K
  class space    used 5440K, committed 5632K, reserved 1048576K
}
Event: 4.874 GC heap before
{Heap before GC invocations=13 (full 0):
 garbage-first heap   total 68608K, used 51849K [0x0000000084c00000, 0x0000000100000000)
  region size 1024K, 31 young (31744K), 1 survivors (1024K)
 Metaspace       used 44151K, committed 44608K, reserved 1089536K
  class space    used 5943K, committed 6144K, reserved 1048576K
}
Event: 4.880 GC heap after
{Heap after GC invocations=14 (full 0):
 garbage-first heap   total 68608K, used 22528K [0x0000000084c00000, 0x0000000100000000)
  region size 1024K, 2 young (2048K), 2 survivors (2048K)
 Metaspace       used 44151K, committed 44608K, reserved 1089536K
  class space    used 5943K, committed 6144K, reserved 1048576K
}
Event: 5.608 GC heap before
{Heap before GC invocations=14 (full 0):
 garbage-first heap   total 68608K, used 53248K [0x0000000084c00000, 0x0000000100000000)
  region size 1024K, 32 young (32768K), 2 survivors (2048K)
 Metaspace       used 47879K, committed 48320K, reserved 1097728K
  class space    used 6558K, committed 6784K, reserved 1048576K
}
Event: 5.617 GC heap after
{Heap after GC invocations=15 (full 0):
 garbage-first heap   total 68608K, used 24568K [0x0000000084c00000, 0x0000000100000000)
  region size 1024K, 4 young (4096K), 4 survivors (4096K)
 Metaspace       used 47879K, committed 48320K, reserved 1097728K
  class space    used 6558K, committed 6784K, reserved 1048576K
}
Event: 6.089 GC heap before
{Heap before GC invocations=15 (full 0):
 garbage-first heap   total 68608K, used 54264K [0x0000000084c00000, 0x0000000100000000)
  region size 1024K, 33 young (33792K), 4 survivors (4096K)
 Metaspace       used 53690K, committed 54208K, reserved 1097728K
  class space    used 7344K, committed 7616K, reserved 1048576K
}

