# JRE version: OpenJDK Runtime Environment Temurin-17.0.6+10 (17.0.6+10) (build 17.0.6+10)
# Java VM: OpenJDK 64-Bit Server VM Temurin-17.0.6+10 (17.0.6+10, mixed mode, tiered, compressed oops, compressed class ptrs, g1 gc, windows-amd64)
GC Precious Log:
 CPUs: 4 total, 4 available
 Memory: 7880M
 Large Page Support: Disabled
 NUMA Support: Disabled
 Compressed Oops: Enabled (32-bit)
 Heap Region Size: 1M
 Heap Min Capacity: 8M
 Heap Initial Capacity: 124M
 Heap Max Capacity: 1972M
 Pre-touch: Disabled
 Parallel Workers: 4
 Concurrent Workers: 1
 Concurrent Refinement Workers: 4
 Periodic GC: Disabled
Heap:
 garbage-first heap   total 72704K, used 34360K [0x0000000084c00000, 0x0000000100000000)
  region size 1024K, 6 young (6144K), 1 survivors (1024K)
 Metaspace       used 62759K, committed 63232K, reserved 1105920K
  class space    used 8037K, committed 8256K, reserved 1048576K
GC Heap History (20 events):
Event: 4.189 GC heap before
{Heap before GC invocations=10 (full 0):
 garbage-first heap   total 40960K, used 30710K [0x0000000084c00000, 0x0000000100000000)
  region size 1024K, 16 young (16384K), 1 survivors (1024K)
 Metaspace       used 32315K, committed 32576K, reserved 1081344K
  class space    used 3820K, committed 3968K, reserved 1048576K
}
Event: 4.195 GC heap after
{Heap after GC invocations=11 (full 0):
 garbage-first heap   total 60416K, used 16597K [0x0000000084c00000, 0x0000000100000000)
  region size 1024K, 2 young (2048K), 2 survivors (2048K)
 Metaspace       used 32315K, committed 32576K, reserved 1081344K
  class space    used 3820K, committed 3968K, reserved 1048576K
}
Event: 4.862 GC heap before
{Heap before GC invocations=11 (full 0):
 garbage-first heap   total 60416K, used 32981K [0x0000000084c00000, 0x0000000100000000)
  region size 1024K, 19 young (19456K), 2 survivors (2048K)
 Metaspace       used 35738K, committed 36096K, reserved 1081344K
  class space    used 4302K, committed 4480K, reserved 1048576K
}
Event: 4.869 GC heap after
{Heap after GC invocations=12 (full 0):
 garbage-first heap   total 60416K, used 18333K [0x0000000084c00000, 0x0000000100000000)
  region size 1024K, 4 young (4096K), 4 survivors (4096K)
 Metaspace       used 35738K, committed 36096K, reserved 1081344K
  class space    used 4302K, committed 4480K, reserved 1048576K
}
Event: 5.887 GC heap before
{Heap before GC invocations=13 (full 0):
 garbage-first heap   total 60416K, used 43933K [0x0000000084c00000, 0x0000000100000000)
  region size 1024K, 29 young (29696K), 4 survivors (4096K)
 Metaspace       used 40165K, committed 40576K, reserved 1089536K
  class space    used 4932K, committed 5120K, reserved 1048576K
}
Event: 5.894 GC heap after
{Heap after GC invocations=14 (full 0):
 garbage-first heap   total 60416K, used 20425K [0x0000000084c00000, 0x0000000100000000)
  region size 1024K, 4 young (4096K), 4 survivors (4096K)
 Metaspace       used 40165K, committed 40576K, reserved 1089536K
  class space    used 4932K, committed 5120K, reserved 1048576K
}
Event: 6.833 GC heap before
{Heap before GC invocations=14 (full 0):
 garbage-first heap   total 60416K, used 45001K [0x0000000084c00000, 0x0000000100000000)
  region size 1024K, 28 young (28672K), 4 survivors (4096K)
 Metaspace       used 43385K, committed 43776K, reserved 1089536K
  class space    used 5392K, committed 5568K, reserved 1048576K
}
Event: 6.840 GC heap after
{Heap after GC invocations=15 (full 0):
 garbage-first heap   total 60416K, used 22322K [0x0000000084c00000, 0x0000000100000000)
  region size 1024K, 2 young (2048K), 2 survivors (2048K)
 Metaspace       used 43385K, committed 43776K, reserved 1089536K
  class space    used 5392K, committed 5568K, reserved 1048576K
}
Event: 8.201 GC heap before
{Heap before GC invocations=15 (full 0):
 garbage-first heap   total 60416K, used 46898K [0x0000000084c00000, 0x0000000100000000)
  region size 1024K, 26 young (26624K), 2 survivors (2048K)
 Metaspace       used 46637K, committed 47040K, reserved 1097728K
  class space    used 5887K, committed 6080K, reserved 1048576K
}
Event: 8.210 GC heap after
{Heap after GC invocations=16 (full 0):
 garbage-first heap   total 60416K, used 23740K [0x0000000084c00000, 0x0000000100000000)
  region size 1024K, 4 young (4096K), 4 survivors (4096K)
 Metaspace       used 46637K, committed 47040K, reserved 1097728K
  class space    used 5887K, committed 6080K, reserved 1048576K
}
Event: 9.135 GC heap before
{Heap before GC invocations=16 (full 0):
 garbage-first heap   total 60416K, used 46268K [0x0000000084c00000, 0x0000000100000000)
  region size 1024K, 26 young (26624K), 4 survivors (4096K)
 Metaspace       used 51651K, committed 52096K, reserved 1097728K
  class space    used 6518K, committed 6720K, reserved 1048576K
}
Event: 9.145 GC heap after
{Heap after GC invocations=17 (full 0):
 garbage-first heap   total 60416K, used 26929K [0x0000000084c00000, 0x0000000100000000)
  region size 1024K, 4 young (4096K), 4 survivors (4096K)
 Metaspace       used 51651K, committed 52096K, reserved 1097728K
  class space    used 6518K, committed 6720K, reserved 1048576K
}
Event: 9.705 GC heap before
{Heap before GC invocations=17 (full 0):
 garbage-first heap   total 60416K, used 46385K [0x0000000084c00000, 0x0000000100000000)
  region size 1024K, 23 young (23552K), 4 survivors (4096K)
 Metaspace       used 56029K, committed 56512K, reserved 1105920K
  class space    used 7124K, committed 7360K, reserved 1048576K
}
Event: 9.716 GC heap after
{Heap after GC invocations=18 (full 0):
 garbage-first heap   total 60416K, used 28822K [0x0000000084c00000, 0x0000000100000000)
  region size 1024K, 2 young (2048K), 2 survivors (2048K)
 Metaspace       used 56029K, committed 56512K, reserved 1105920K
  class space    used 7124K, committed 7360K, reserved 1048576K
}
Event: 340.387 GC heap before
{Heap before GC invocations=18 (full 0):
 garbage-first heap   total 60416K, used 47254K [0x0000000084c00000, 0x0000000100000000)
  region size 1024K, 20 young (20480K), 2 survivors (2048K)
 Metaspace       used 58413K, committed 58880K, reserved 1105920K
  class space    used 7429K, committed 7616K, reserved 1048576K
}
Event: 340.423 GC heap after
{Heap after GC invocations=19 (full 0):
 garbage-first heap   total 72704K, used 30039K [0x0000000084c00000, 0x0000000100000000)
  region size 1024K, 1 young (1024K), 1 survivors (1024K)
 Metaspace       used 58413K, committed 58880K, reserved 1105920K
  class space    used 7429K, committed 7616K, reserved 1048576K
}
Event: 686.812 GC heap before
{Heap before GC invocations=20 (full 0):
 garbage-first heap   total 72704K, used 55639K [0x0000000084c00000, 0x0000000100000000)
  region size 1024K, 26 young (26624K), 1 survivors (1024K)
 Metaspace       used 61329K, committed 61824K, reserved 1105920K
  class space    used 7834K, committed 8064K, reserved 1048576K
}
Event: 686.830 GC heap after
{Heap after GC invocations=21 (full 0):
 garbage-first heap   total 72704K, used 31661K [0x0000000084c00000, 0x0000000100000000)
  region size 1024K, 3 young (3072K), 3 survivors (3072K)
 Metaspace       used 61329K, committed 61824K, reserved 1105920K
  class space    used 7834K, committed 8064K, reserved 1048576K
}
Event: 687.066 GC heap before
{Heap before GC invocations=21 (full 0):
 garbage-first heap   total 72704K, used 32685K [0x0000000084c00000, 0x0000000100000000)
  region size 1024K, 4 young (4096K), 3 survivors (3072K)
 Metaspace       used 61733K, committed 62208K, reserved 1105920K
  class space    used 7888K, committed 8128K, reserved 1048576K
}
Event: 687.083 GC heap after
{Heap after GC invocations=22 (full 0):
 garbage-first heap   total 72704K, used 31288K [0x0000000084c00000, 0x0000000100000000)
  region size 1024K, 1 young (1024K), 1 survivors (1024K)
 Metaspace       used 61733K, committed 62208K, reserved 1105920K
  class space    used 7888K, committed 8128K, reserved 1048576K
}

