# JRE version: OpenJDK Runtime Environment Temurin-17.0.6+10 (17.0.6+10) (build 17.0.6+10)
# Java VM: OpenJDK 64-Bit Server VM Temurin-17.0.6+10 (17.0.6+10, mixed mode, emulated-client, tiered, compressed oops, compressed class ptrs, g1 gc, windows-amd64)
GC Precious Log:
 CPUs: 4 total, 4 available
 Memory: 7880M
 Large Page Support: Disabled
 NUMA Support: Disabled
 Compressed Oops: Enabled (32-bit)
 Heap Region Size: 1M
 Heap Min Capacity: 8M
 Heap Initial Capacity: 124M
 Heap Max Capacity: 1972M
 Pre-touch: Disabled
 Parallel Workers: 4
 Concurrent Workers: 1
 Concurrent Refinement Workers: 4
 Periodic GC: Disabled
Heap:
 garbage-first heap   total 56320K, used 37154K [0x0000000084c00000, 0x0000000100000000)
  region size 1024K, 3 young (3072K), 1 survivors (1024K)
 Metaspace       used 64564K, committed 65216K, reserved 1105920K
  class space    used 8832K, committed 9152K, reserved 1048576K
GC Heap History (20 events):
Event: 2310.956 GC heap before
{Heap before GC invocations=53 (full 0):
 garbage-first heap   total 56320K, used 48348K [0x0000000084c00000, 0x0000000100000000)
  region size 1024K, 13 young (13312K), 1 survivors (1024K)
 Metaspace       used 64564K, committed 65216K, reserved 1105920K
  class space    used 8832K, committed 9152K, reserved 1048576K
}
Event: 2310.959 GC heap after
{Heap after GC invocations=54 (full 0):
 garbage-first heap   total 56320K, used 36079K [0x0000000084c00000, 0x0000000100000000)
  region size 1024K, 1 young (1024K), 1 survivors (1024K)
 Metaspace       used 64564K, committed 65216K, reserved 1105920K
  class space    used 8832K, committed 9152K, reserved 1048576K
}
Event: 2503.987 GC heap before
{Heap before GC invocations=54 (full 0):
 garbage-first heap   total 56320K, used 48367K [0x0000000084c00000, 0x0000000100000000)
  region size 1024K, 13 young (13312K), 1 survivors (1024K)
 Metaspace       used 64564K, committed 65216K, reserved 1105920K
  class space    used 8832K, committed 9152K, reserved 1048576K
}
Event: 2503.992 GC heap after
{Heap after GC invocations=55 (full 0):
 garbage-first heap   total 56320K, used 36015K [0x0000000084c00000, 0x0000000100000000)
  region size 1024K, 1 young (1024K), 1 survivors (1024K)
 Metaspace       used 64564K, committed 65216K, reserved 1105920K
  class space    used 8832K, committed 9152K, reserved 1048576K
}
Event: 2714.100 GC heap before
{Heap before GC invocations=55 (full 0):
 garbage-first heap   total 56320K, used 48303K [0x0000000084c00000, 0x0000000100000000)
  region size 1024K, 13 young (13312K), 1 survivors (1024K)
 Metaspace       used 64564K, committed 65216K, reserved 1105920K
  class space    used 8832K, committed 9152K, reserved 1048576K
}
Event: 2714.103 GC heap after
{Heap after GC invocations=56 (full 0):
 garbage-first heap   total 56320K, used 36088K [0x0000000084c00000, 0x0000000100000000)
  region size 1024K, 1 young (1024K), 1 survivors (1024K)
 Metaspace       used 64564K, committed 65216K, reserved 1105920K
  class space    used 8832K, committed 9152K, reserved 1048576K
}
Event: 2924.082 GC heap before
{Heap before GC invocations=56 (full 0):
 garbage-first heap   total 56320K, used 48376K [0x0000000084c00000, 0x0000000100000000)
  region size 1024K, 13 young (13312K), 1 survivors (1024K)
 Metaspace       used 64564K, committed 65216K, reserved 1105920K
  class space    used 8832K, committed 9152K, reserved 1048576K
}
Event: 2924.087 GC heap after
{Heap after GC invocations=57 (full 0):
 garbage-first heap   total 56320K, used 36108K [0x0000000084c00000, 0x0000000100000000)
  region size 1024K, 1 young (1024K), 1 survivors (1024K)
 Metaspace       used 64564K, committed 65216K, reserved 1105920K
  class space    used 8832K, committed 9152K, reserved 1048576K
}
Event: 3134.784 GC heap before
{Heap before GC invocations=57 (full 0):
 garbage-first heap   total 56320K, used 47372K [0x0000000084c00000, 0x0000000100000000)
  region size 1024K, 13 young (13312K), 1 survivors (1024K)
 Metaspace       used 64564K, committed 65216K, reserved 1105920K
  class space    used 8832K, committed 9152K, reserved 1048576K
}
Event: 3134.790 GC heap after
{Heap after GC invocations=58 (full 0):
 garbage-first heap   total 56320K, used 36104K [0x0000000084c00000, 0x0000000100000000)
  region size 1024K, 1 young (1024K), 1 survivors (1024K)
 Metaspace       used 64564K, committed 65216K, reserved 1105920K
  class space    used 8832K, committed 9152K, reserved 1048576K
}
Event: 3349.923 GC heap before
{Heap before GC invocations=58 (full 0):
 garbage-first heap   total 56320K, used 48392K [0x0000000084c00000, 0x0000000100000000)
  region size 1024K, 13 young (13312K), 1 survivors (1024K)
 Metaspace       used 64564K, committed 65216K, reserved 1105920K
  class space    used 8832K, committed 9152K, reserved 1048576K
}
Event: 3349.929 GC heap after
{Heap after GC invocations=59 (full 0):
 garbage-first heap   total 56320K, used 36188K [0x0000000084c00000, 0x0000000100000000)
  region size 1024K, 1 young (1024K), 1 survivors (1024K)
 Metaspace       used 64564K, committed 65216K, reserved 1105920K
  class space    used 8832K, committed 9152K, reserved 1048576K
}
Event: 3549.391 GC heap before
{Heap before GC invocations=59 (full 0):
 garbage-first heap   total 56320K, used 47452K [0x0000000084c00000, 0x0000000100000000)
  region size 1024K, 13 young (13312K), 1 survivors (1024K)
 Metaspace       used 64564K, committed 65216K, reserved 1105920K
  class space    used 8832K, committed 9152K, reserved 1048576K
}
Event: 3549.397 GC heap after
{Heap after GC invocations=60 (full 0):
 garbage-first heap   total 56320K, used 36207K [0x0000000084c00000, 0x0000000100000000)
  region size 1024K, 1 young (1024K), 1 survivors (1024K)
 Metaspace       used 64564K, committed 65216K, reserved 1105920K
  class space    used 8832K, committed 9152K, reserved 1048576K
}
Event: 3753.441 GC heap before
{Heap before GC invocations=60 (full 0):
 garbage-first heap   total 56320K, used 47471K [0x0000000084c00000, 0x0000000100000000)
  region size 1024K, 13 young (13312K), 1 survivors (1024K)
 Metaspace       used 64564K, committed 65216K, reserved 1105920K
  class space    used 8832K, committed 9152K, reserved 1048576K
}
Event: 3753.446 GC heap after
{Heap after GC invocations=61 (full 0):
 garbage-first heap   total 56320K, used 36156K [0x0000000084c00000, 0x0000000100000000)
  region size 1024K, 1 young (1024K), 1 survivors (1024K)
 Metaspace       used 64564K, committed 65216K, reserved 1105920K
  class space    used 8832K, committed 9152K, reserved 1048576K
}
Event: 3938.673 GC heap before
{Heap before GC invocations=61 (full 0):
 garbage-first heap   total 56320K, used 47420K [0x0000000084c00000, 0x0000000100000000)
  region size 1024K, 13 young (13312K), 1 survivors (1024K)
 Metaspace       used 64564K, committed 65216K, reserved 1105920K
  class space    used 8832K, committed 9152K, reserved 1048576K
}
Event: 3938.678 GC heap after
{Heap after GC invocations=62 (full 0):
 garbage-first heap   total 56320K, used 36187K [0x0000000084c00000, 0x0000000100000000)
  region size 1024K, 1 young (1024K), 1 survivors (1024K)
 Metaspace       used 64564K, committed 65216K, reserved 1105920K
  class space    used 8832K, committed 9152K, reserved 1048576K
}
Event: 4121.293 GC heap before
{Heap before GC invocations=62 (full 0):
 garbage-first heap   total 56320K, used 47451K [0x0000000084c00000, 0x0000000100000000)
  region size 1024K, 13 young (13312K), 1 survivors (1024K)
 Metaspace       used 64564K, committed 65216K, reserved 1105920K
  class space    used 8832K, committed 9152K, reserved 1048576K
}
Event: 4121.298 GC heap after
{Heap after GC invocations=63 (full 0):
 garbage-first heap   total 56320K, used 36130K [0x0000000084c00000, 0x0000000100000000)
  region size 1024K, 1 young (1024K), 1 survivors (1024K)
 Metaspace       used 64564K, committed 65216K, reserved 1105920K
  class space    used 8832K, committed 9152K, reserved 1048576K
}

