# JRE version: OpenJDK Runtime Environment Temurin-17.0.6+10 (17.0.6+10) (build 17.0.6+10)
# Java VM: OpenJDK 64-Bit Server VM Temurin-17.0.6+10 (17.0.6+10, mixed mode, emulated-client, tiered, compressed oops, compressed class ptrs, g1 gc, windows-amd64)
GC Precious Log:
 CPUs: 4 total, 4 available
 Memory: 7880M
 Large Page Support: Disabled
 NUMA Support: Disabled
 Compressed Oops: Enabled (32-bit)
 Heap Region Size: 1M
 Heap Min Capacity: 8M
 Heap Initial Capacity: 124M
 Heap Max Capacity: 1972M
 Pre-touch: Disabled
 Parallel Workers: 4
 Concurrent Workers: 1
 Concurrent Refinement Workers: 4
 Periodic GC: Disabled
Heap:
 garbage-first heap   total 70656K, used 41965K [0x0000000084c00000, 0x0000000100000000)
  region size 1024K, 2 young (2048K), 2 survivors (2048K)
 Metaspace       used 79874K, committed 80448K, reserved 1122304K
  class space    used 11009K, committed 11264K, reserved 1048576K
GC Heap History (20 events):
Event: 8.467 GC heap after
{Heap after GC invocations=16 (full 0):
 garbage-first heap   total 67584K, used 26631K [0x0000000084c00000, 0x0000000100000000)
  region size 1024K, 3 young (3072K), 3 survivors (3072K)
 Metaspace       used 40955K, committed 41472K, reserved 1089536K
  class space    used 5282K, committed 5504K, reserved 1048576K
}
Event: 9.104 GC heap before
{Heap before GC invocations=16 (full 0):
 garbage-first heap   total 67584K, used 52231K [0x0000000084c00000, 0x0000000100000000)
  region size 1024K, 27 young (27648K), 3 survivors (3072K)
 Metaspace       used 45454K, committed 45888K, reserved 1089536K
  class space    used 5959K, committed 6144K, reserved 1048576K
}
Event: 9.108 GC heap after
{Heap after GC invocations=17 (full 0):
 garbage-first heap   total 67584K, used 27066K [0x0000000084c00000, 0x0000000100000000)
  region size 1024K, 2 young (2048K), 2 survivors (2048K)
 Metaspace       used 45454K, committed 45888K, reserved 1089536K
  class space    used 5959K, committed 6144K, reserved 1048576K
}
Event: 9.690 GC heap before
{Heap before GC invocations=17 (full 0):
 garbage-first heap   total 67584K, used 50618K [0x0000000084c00000, 0x0000000100000000)
  region size 1024K, 26 young (26624K), 2 survivors (2048K)
 Metaspace       used 52619K, committed 53120K, reserved 1097728K
  class space    used 6956K, committed 7232K, reserved 1048576K
}
Event: 9.694 GC heap after
{Heap after GC invocations=18 (full 0):
 garbage-first heap   total 67584K, used 29296K [0x0000000084c00000, 0x0000000100000000)
  region size 1024K, 4 young (4096K), 4 survivors (4096K)
 Metaspace       used 52619K, committed 53120K, reserved 1097728K
  class space    used 6956K, committed 7232K, reserved 1048576K
}
Event: 10.231 GC heap before
{Heap before GC invocations=18 (full 0):
 garbage-first heap   total 67584K, used 50800K [0x0000000084c00000, 0x0000000100000000)
  region size 1024K, 26 young (26624K), 4 survivors (4096K)
 Metaspace       used 58401K, committed 58944K, reserved 1105920K
  class space    used 7777K, committed 8000K, reserved 1048576K
}
Event: 10.235 GC heap after
{Heap after GC invocations=19 (full 0):
 garbage-first heap   total 67584K, used 30705K [0x0000000084c00000, 0x0000000100000000)
  region size 1024K, 2 young (2048K), 2 survivors (2048K)
 Metaspace       used 58401K, committed 58944K, reserved 1105920K
  class space    used 7777K, committed 8000K, reserved 1048576K
}
Event: 10.947 GC heap before
{Heap before GC invocations=19 (full 0):
 garbage-first heap   total 67584K, used 52209K [0x0000000084c00000, 0x0000000100000000)
  region size 1024K, 23 young (23552K), 2 survivors (2048K)
 Metaspace       used 64458K, committed 64960K, reserved 1105920K
  class space    used 8719K, committed 8960K, reserved 1048576K
}
Event: 10.950 GC heap after
{Heap after GC invocations=20 (full 0):
 garbage-first heap   total 67584K, used 31588K [0x0000000084c00000, 0x0000000100000000)
  region size 1024K, 3 young (3072K), 3 survivors (3072K)
 Metaspace       used 64458K, committed 64960K, reserved 1105920K
  class space    used 8719K, committed 8960K, reserved 1048576K
}
Event: 11.414 GC heap before
{Heap before GC invocations=21 (full 0):
 garbage-first heap   total 67584K, used 53092K [0x0000000084c00000, 0x0000000100000000)
  region size 1024K, 24 young (24576K), 3 survivors (3072K)
 Metaspace       used 68640K, committed 69248K, reserved 1114112K
  class space    used 9383K, committed 9664K, reserved 1048576K
}
Event: 11.419 GC heap after
{Heap after GC invocations=22 (full 0):
 garbage-first heap   total 67584K, used 33149K [0x0000000084c00000, 0x0000000100000000)
  region size 1024K, 3 young (3072K), 3 survivors (3072K)
 Metaspace       used 68640K, committed 69248K, reserved 1114112K
  class space    used 9383K, committed 9664K, reserved 1048576K
}
Event: 11.769 GC heap before
{Heap before GC invocations=22 (full 0):
 garbage-first heap   total 67584K, used 52605K [0x0000000084c00000, 0x0000000100000000)
  region size 1024K, 23 young (23552K), 3 survivors (3072K)
 Metaspace       used 71727K, committed 72256K, reserved 1114112K
  class space    used 9803K, committed 10048K, reserved 1048576K
}
Event: 11.774 GC heap after
{Heap after GC invocations=23 (full 0):
 garbage-first heap   total 67584K, used 34800K [0x0000000084c00000, 0x0000000100000000)
  region size 1024K, 3 young (3072K), 3 survivors (3072K)
 Metaspace       used 71727K, committed 72256K, reserved 1114112K
  class space    used 9803K, committed 10048K, reserved 1048576K
}
Event: 12.081 GC heap before
{Heap before GC invocations=24 (full 0):
 garbage-first heap   total 67584K, used 53232K [0x0000000084c00000, 0x0000000100000000)
  region size 1024K, 21 young (21504K), 3 survivors (3072K)
 Metaspace       used 73442K, committed 73984K, reserved 1114112K
  class space    used 10064K, committed 10304K, reserved 1048576K
}
Event: 12.086 GC heap after
{Heap after GC invocations=25 (full 0):
 garbage-first heap   total 67584K, used 36674K [0x0000000084c00000, 0x0000000100000000)
  region size 1024K, 2 young (2048K), 2 survivors (2048K)
 Metaspace       used 73442K, committed 73984K, reserved 1114112K
  class space    used 10064K, committed 10304K, reserved 1048576K
}
Event: 12.762 GC heap before
{Heap before GC invocations=25 (full 0):
 garbage-first heap   total 67584K, used 54082K [0x0000000084c00000, 0x0000000100000000)
  region size 1024K, 19 young (19456K), 2 survivors (2048K)
 Metaspace       used 74520K, committed 75072K, reserved 1114112K
  class space    used 10250K, committed 10496K, reserved 1048576K
}
Event: 12.766 GC heap after
{Heap after GC invocations=26 (full 0):
 garbage-first heap   total 67584K, used 38021K [0x0000000084c00000, 0x0000000100000000)
  region size 1024K, 2 young (2048K), 2 survivors (2048K)
 Metaspace       used 74520K, committed 75072K, reserved 1114112K
  class space    used 10250K, committed 10496K, reserved 1048576K
}
Event: 13.073 GC heap before
{Heap before GC invocations=27 (full 0):
 garbage-first heap   total 70656K, used 54405K [0x0000000084c00000, 0x0000000100000000)
  region size 1024K, 18 young (18432K), 2 survivors (2048K)
 Metaspace       used 76564K, committed 77120K, reserved 1122304K
  class space    used 10553K, committed 10816K, reserved 1048576K
}
Event: 13.078 GC heap after
{Heap after GC invocations=28 (full 0):
 garbage-first heap   total 70656K, used 40478K [0x0000000084c00000, 0x0000000100000000)
  region size 1024K, 3 young (3072K), 3 survivors (3072K)
 Metaspace       used 76564K, committed 77120K, reserved 1122304K
  class space    used 10553K, committed 10816K, reserved 1048576K
}
Event: 13.449 GC heap before
{Heap before GC invocations=28 (full 0):
 garbage-first heap   total 70656K, used 55838K [0x0000000084c00000, 0x0000000100000000)
  region size 1024K, 18 young (18432K), 3 survivors (3072K)
 Metaspace       used 79874K, committed 80448K, reserved 1122304K
  class space    used 11009K, committed 11264K, reserved 1048576K
}

