# JRE version: OpenJDK Runtime Environment Temurin-17.0.6+10 (17.0.6+10) (build 17.0.6+10)
# Java VM: OpenJDK 64-Bit Server VM Temurin-17.0.6+10 (17.0.6+10, mixed mode, tiered, compressed oops, compressed class ptrs, g1 gc, windows-amd64)
GC Precious Log:
 CPUs: 4 total, 4 available
 Memory: 7880M
 Large Page Support: Disabled
 NUMA Support: Disabled
 Compressed Oops: Enabled (32-bit)
 Heap Region Size: 1M
 Heap Min Capacity: 8M
 Heap Initial Capacity: 124M
 Heap Max Capacity: 1972M
 Pre-touch: Disabled
 Parallel Workers: 4
 Concurrent Workers: 1
 Concurrent Refinement Workers: 4
 Periodic GC: Disabled
Heap:
 garbage-first heap   total 84992K, used 47304K [0x0000000084c00000, 0x0000000100000000)
  region size 1024K, 2 young (2048K), 1 survivors (1024K)
 Metaspace       used 86647K, committed 87168K, reserved 1130496K
  class space    used 11498K, committed 11712K, reserved 1048576K
GC Heap History (20 events):
Event: 11.456 GC heap before
{Heap before GC invocations=20 (full 0):
 garbage-first heap   total 70656K, used 57336K [0x0000000084c00000, 0x0000000100000000)
  region size 1024K, 23 young (23552K), 2 survivors (2048K)
 Metaspace       used 52189K, committed 52672K, reserved 1097728K
  class space    used 6362K, committed 6592K, reserved 1048576K
}
Event: 11.460 GC heap after
{Heap after GC invocations=21 (full 0):
 garbage-first heap   total 70656K, used 36609K [0x0000000084c00000, 0x0000000100000000)
  region size 1024K, 2 young (2048K), 2 survivors (2048K)
 Metaspace       used 52189K, committed 52672K, reserved 1097728K
  class space    used 6362K, committed 6592K, reserved 1048576K
}
Event: 11.728 GC heap before
{Heap before GC invocations=22 (full 0):
 garbage-first heap   total 70656K, used 58113K [0x0000000084c00000, 0x0000000100000000)
  region size 1024K, 23 young (23552K), 2 survivors (2048K)
 Metaspace       used 52847K, committed 53248K, reserved 1097728K
  class space    used 6460K, committed 6656K, reserved 1048576K
}
Event: 11.732 GC heap after
{Heap after GC invocations=23 (full 0):
 garbage-first heap   total 70656K, used 37411K [0x0000000084c00000, 0x0000000100000000)
  region size 1024K, 2 young (2048K), 2 survivors (2048K)
 Metaspace       used 52847K, committed 53248K, reserved 1097728K
  class space    used 6460K, committed 6656K, reserved 1048576K
}
Event: 13.079 GC heap before
{Heap before GC invocations=23 (full 0):
 garbage-first heap   total 70656K, used 58915K [0x0000000084c00000, 0x0000000100000000)
  region size 1024K, 23 young (23552K), 2 survivors (2048K)
 Metaspace       used 56530K, committed 56960K, reserved 1105920K
  class space    used 7005K, committed 7232K, reserved 1048576K
}
Event: 13.086 GC heap after
{Heap after GC invocations=24 (full 0):
 garbage-first heap   total 84992K, used 38438K [0x0000000084c00000, 0x0000000100000000)
  region size 1024K, 2 young (2048K), 2 survivors (2048K)
 Metaspace       used 56530K, committed 56960K, reserved 1105920K
  class space    used 7005K, committed 7232K, reserved 1048576K
}
Event: 15.709 GC heap before
{Heap before GC invocations=25 (full 0):
 garbage-first heap   total 84992K, used 69158K [0x0000000084c00000, 0x0000000100000000)
  region size 1024K, 32 young (32768K), 2 survivors (2048K)
 Metaspace       used 66455K, committed 66944K, reserved 1114112K
  class space    used 8336K, committed 8576K, reserved 1048576K
}
Event: 15.717 GC heap after
{Heap after GC invocations=26 (full 0):
 garbage-first heap   total 84992K, used 40719K [0x0000000084c00000, 0x0000000100000000)
  region size 1024K, 4 young (4096K), 4 survivors (4096K)
 Metaspace       used 66455K, committed 66944K, reserved 1114112K
  class space    used 8336K, committed 8576K, reserved 1048576K
}
Event: 17.039 GC heap before
{Heap before GC invocations=26 (full 0):
 garbage-first heap   total 84992K, used 69391K [0x0000000084c00000, 0x0000000100000000)
  region size 1024K, 32 young (32768K), 4 survivors (4096K)
 Metaspace       used 73847K, committed 74240K, reserved 1114112K
  class space    used 9399K, committed 9600K, reserved 1048576K
}
Event: 17.046 GC heap after
{Heap after GC invocations=27 (full 0):
 garbage-first heap   total 84992K, used 42132K [0x0000000084c00000, 0x0000000100000000)
  region size 1024K, 2 young (2048K), 2 survivors (2048K)
 Metaspace       used 73847K, committed 74240K, reserved 1114112K
  class space    used 9399K, committed 9600K, reserved 1048576K
}
Event: 18.605 GC heap before
{Heap before GC invocations=27 (full 0):
 garbage-first heap   total 84992K, used 69780K [0x0000000084c00000, 0x0000000100000000)
  region size 1024K, 29 young (29696K), 2 survivors (2048K)
 Metaspace       used 78820K, committed 79296K, reserved 1122304K
  class space    used 10196K, committed 10432K, reserved 1048576K
}
Event: 18.610 GC heap after
{Heap after GC invocations=28 (full 0):
 garbage-first heap   total 84992K, used 43564K [0x0000000084c00000, 0x0000000100000000)
  region size 1024K, 3 young (3072K), 3 survivors (3072K)
 Metaspace       used 78820K, committed 79296K, reserved 1122304K
  class space    used 10196K, committed 10432K, reserved 1048576K
}
Event: 19.047 GC heap before
{Heap before GC invocations=29 (full 0):
 garbage-first heap   total 84992K, used 69164K [0x0000000084c00000, 0x0000000100000000)
  region size 1024K, 29 young (29696K), 3 survivors (3072K)
 Metaspace       used 80160K, committed 80704K, reserved 1122304K
  class space    used 10349K, committed 10624K, reserved 1048576K
}
Event: 19.052 GC heap after
{Heap after GC invocations=30 (full 0):
 garbage-first heap   total 84992K, used 44943K [0x0000000084c00000, 0x0000000100000000)
  region size 1024K, 3 young (3072K), 3 survivors (3072K)
 Metaspace       used 80160K, committed 80704K, reserved 1122304K
  class space    used 10349K, committed 10624K, reserved 1048576K
}
Event: 19.073 GC heap before
{Heap before GC invocations=30 (full 0):
 garbage-first heap   total 84992K, used 45967K [0x0000000084c00000, 0x0000000100000000)
  region size 1024K, 4 young (4096K), 3 survivors (3072K)
 Metaspace       used 80285K, committed 80832K, reserved 1122304K
  class space    used 10371K, committed 10624K, reserved 1048576K
}
Event: 19.078 GC heap after
{Heap after GC invocations=31 (full 0):
 garbage-first heap   total 84992K, used 44635K [0x0000000084c00000, 0x0000000100000000)
  region size 1024K, 1 young (1024K), 1 survivors (1024K)
 Metaspace       used 80285K, committed 80832K, reserved 1122304K
  class space    used 10371K, committed 10624K, reserved 1048576K
}
Event: 19.634 GC heap before
{Heap before GC invocations=31 (full 0):
 garbage-first heap   total 84992K, used 68187K [0x0000000084c00000, 0x0000000100000000)
  region size 1024K, 25 young (25600K), 1 survivors (1024K)
 Metaspace       used 83496K, committed 84032K, reserved 1122304K
  class space    used 10904K, committed 11136K, reserved 1048576K
}
Event: 19.641 GC heap after
{Heap after GC invocations=32 (full 0):
 garbage-first heap   total 84992K, used 45736K [0x0000000084c00000, 0x0000000100000000)
  region size 1024K, 2 young (2048K), 2 survivors (2048K)
 Metaspace       used 83496K, committed 84032K, reserved 1122304K
  class space    used 10904K, committed 11136K, reserved 1048576K
}
Event: 20.488 GC heap before
{Heap before GC invocations=33 (full 0):
 garbage-first heap   total 84992K, used 68264K [0x0000000084c00000, 0x0000000100000000)
  region size 1024K, 25 young (25600K), 2 survivors (2048K)
 Metaspace       used 86591K, committed 87104K, reserved 1130496K
  class space    used 11494K, committed 11712K, reserved 1048576K
}
Event: 20.494 GC heap after
{Heap after GC invocations=34 (full 0):
 garbage-first heap   total 84992K, used 47284K [0x0000000084c00000, 0x0000000100000000)
  region size 1024K, 4 young (4096K), 4 survivors (4096K)
 Metaspace       used 86591K, committed 87104K, reserved 1130496K
  class space    used 11494K, committed 11712K, reserved 1048576K
}

