# JRE version: OpenJDK Runtime Environment Temurin-17.0.6+10 (17.0.6+10) (build 17.0.6+10)
# Java VM: OpenJDK 64-Bit Server VM Temurin-17.0.6+10 (17.0.6+10, mixed mode, emulated-client, tiered, compressed oops, compressed class ptrs, g1 gc, windows-amd64)
GC Precious Log:
 CPUs: 4 total, 4 available
 Memory: 7880M
 Large Page Support: Disabled
 NUMA Support: Disabled
 Compressed Oops: Enabled (32-bit)
 Heap Region Size: 1M
 Heap Min Capacity: 8M
 Heap Initial Capacity: 124M
 Heap Max Capacity: 1972M
 Pre-touch: Disabled
 Parallel Workers: 4
 Concurrent Workers: 1
 Concurrent Refinement Workers: 4
 Periodic GC: Disabled
Heap:
 garbage-first heap   total 51200K, used 22843K [0x0000000084c00000, 0x0000000100000000)
  region size 1024K, 7 young (7168K), 2 survivors (2048K)
 Metaspace       used 36639K, committed 36992K, reserved 1081344K
  class space    used 4694K, committed 4864K, reserved 1048576K
GC Heap History (20 events):
Event: 3.129 GC heap before
{Heap before GC invocations=1 (full 0):
 garbage-first heap   total 126976K, used 18862K [0x0000000084c00000, 0x0000000100000000)
  region size 1024K, 12 young (12288K), 2 survivors (2048K)
 Metaspace       used 15602K, committed 15872K, reserved 1064960K
  class space    used 1654K, committed 1792K, reserved 1048576K
}
Event: 3.136 GC heap after
{Heap after GC invocations=2 (full 0):
 garbage-first heap   total 126976K, used 10149K [0x0000000084c00000, 0x0000000100000000)
  region size 1024K, 2 young (2048K), 2 survivors (2048K)
 Metaspace       used 15602K, committed 15872K, reserved 1064960K
  class space    used 1654K, committed 1792K, reserved 1048576K
}
Event: 5.241 GC heap before
{Heap before GC invocations=2 (full 0):
 garbage-first heap   total 126976K, used 30629K [0x0000000084c00000, 0x0000000100000000)
  region size 1024K, 21 young (21504K), 2 survivors (2048K)
 Metaspace       used 18038K, committed 18304K, reserved 1073152K
  class space    used 1992K, committed 2112K, reserved 1048576K
}
Event: 5.247 GC heap after
{Heap after GC invocations=3 (full 0):
 garbage-first heap   total 126976K, used 10844K [0x0000000084c00000, 0x0000000100000000)
  region size 1024K, 3 young (3072K), 3 survivors (3072K)
 Metaspace       used 18038K, committed 18304K, reserved 1073152K
  class space    used 1992K, committed 2112K, reserved 1048576K
}
Event: 9.701 GC heap before
{Heap before GC invocations=3 (full 0):
 garbage-first heap   total 126976K, used 28252K [0x0000000084c00000, 0x0000000100000000)
  region size 1024K, 21 young (21504K), 3 survivors (3072K)
 Metaspace       used 21298K, committed 21504K, reserved 1073152K
  class space    used 2516K, committed 2624K, reserved 1048576K
}
Event: 9.705 GC heap after
{Heap after GC invocations=4 (full 0):
 garbage-first heap   total 126976K, used 12052K [0x0000000084c00000, 0x0000000100000000)
  region size 1024K, 4 young (4096K), 4 survivors (4096K)
 Metaspace       used 21298K, committed 21504K, reserved 1073152K
  class space    used 2516K, committed 2624K, reserved 1048576K
}
Event: 10.376 GC heap before
{Heap before GC invocations=5 (full 0):
 garbage-first heap   total 51200K, used 37652K [0x0000000084c00000, 0x0000000100000000)
  region size 1024K, 30 young (30720K), 4 survivors (4096K)
 Metaspace       used 27210K, committed 27584K, reserved 1073152K
  class space    used 3238K, committed 3392K, reserved 1048576K
}
Event: 10.381 GC heap after
{Heap after GC invocations=6 (full 0):
 garbage-first heap   total 51200K, used 13516K [0x0000000084c00000, 0x0000000100000000)
  region size 1024K, 4 young (4096K), 4 survivors (4096K)
 Metaspace       used 27210K, committed 27584K, reserved 1073152K
  class space    used 3238K, committed 3392K, reserved 1048576K
}
Event: 10.415 GC heap before
{Heap before GC invocations=6 (full 0):
 garbage-first heap   total 51200K, used 14540K [0x0000000084c00000, 0x0000000100000000)
  region size 1024K, 5 young (5120K), 4 survivors (4096K)
 Metaspace       used 27375K, committed 27776K, reserved 1073152K
  class space    used 3270K, committed 3456K, reserved 1048576K
}
Event: 10.420 GC heap after
{Heap after GC invocations=7 (full 0):
 garbage-first heap   total 51200K, used 13729K [0x0000000084c00000, 0x0000000100000000)
  region size 1024K, 1 young (1024K), 1 survivors (1024K)
 Metaspace       used 27375K, committed 27776K, reserved 1073152K
  class space    used 3270K, committed 3456K, reserved 1048576K
}
Event: 11.475 GC heap before
{Heap before GC invocations=7 (full 0):
 garbage-first heap   total 51200K, used 34209K [0x0000000084c00000, 0x0000000100000000)
  region size 1024K, 22 young (22528K), 1 survivors (1024K)
 Metaspace       used 29902K, committed 30208K, reserved 1081344K
  class space    used 3601K, committed 3712K, reserved 1048576K
}
Event: 11.478 GC heap after
{Heap after GC invocations=8 (full 0):
 garbage-first heap   total 51200K, used 15746K [0x0000000084c00000, 0x0000000100000000)
  region size 1024K, 3 young (3072K), 3 survivors (3072K)
 Metaspace       used 29902K, committed 30208K, reserved 1081344K
  class space    used 3601K, committed 3712K, reserved 1048576K
}
Event: 12.618 GC heap before
{Heap before GC invocations=8 (full 0):
 garbage-first heap   total 51200K, used 36226K [0x0000000084c00000, 0x0000000100000000)
  region size 1024K, 23 young (23552K), 3 survivors (3072K)
 Metaspace       used 30567K, committed 30848K, reserved 1081344K
  class space    used 3715K, committed 3840K, reserved 1048576K
}
Event: 12.622 GC heap after
{Heap after GC invocations=9 (full 0):
 garbage-first heap   total 51200K, used 17333K [0x0000000084c00000, 0x0000000100000000)
  region size 1024K, 2 young (2048K), 2 survivors (2048K)
 Metaspace       used 30567K, committed 30848K, reserved 1081344K
  class space    used 3715K, committed 3840K, reserved 1048576K
}
Event: 13.778 GC heap before
{Heap before GC invocations=9 (full 0):
 garbage-first heap   total 51200K, used 36789K [0x0000000084c00000, 0x0000000100000000)
  region size 1024K, 21 young (21504K), 2 survivors (2048K)
 Metaspace       used 32983K, committed 33280K, reserved 1081344K
  class space    used 4029K, committed 4160K, reserved 1048576K
}
Event: 13.781 GC heap after
{Heap after GC invocations=10 (full 0):
 garbage-first heap   total 51200K, used 18370K [0x0000000084c00000, 0x0000000100000000)
  region size 1024K, 3 young (3072K), 3 survivors (3072K)
 Metaspace       used 32983K, committed 33280K, reserved 1081344K
  class space    used 4029K, committed 4160K, reserved 1048576K
}
Event: 14.653 GC heap before
{Heap before GC invocations=10 (full 0):
 garbage-first heap   total 51200K, used 37826K [0x0000000084c00000, 0x0000000100000000)
  region size 1024K, 22 young (22528K), 3 survivors (3072K)
 Metaspace       used 35561K, committed 36032K, reserved 1081344K
  class space    used 4517K, committed 4736K, reserved 1048576K
}
Event: 14.657 GC heap after
{Heap after GC invocations=11 (full 0):
 garbage-first heap   total 51200K, used 19412K [0x0000000084c00000, 0x0000000100000000)
  region size 1024K, 3 young (3072K), 3 survivors (3072K)
 Metaspace       used 35561K, committed 36032K, reserved 1081344K
  class space    used 4517K, committed 4736K, reserved 1048576K
}
Event: 14.818 GC heap before
{Heap before GC invocations=11 (full 0):
 garbage-first heap   total 51200K, used 22484K [0x0000000084c00000, 0x0000000100000000)
  region size 1024K, 7 young (7168K), 3 survivors (3072K)
 Metaspace       used 35790K, committed 36160K, reserved 1081344K
  class space    used 4564K, committed 4736K, reserved 1048576K
}
Event: 14.821 GC heap after
{Heap after GC invocations=12 (full 0):
 garbage-first heap   total 51200K, used 19771K [0x0000000084c00000, 0x0000000100000000)
  region size 1024K, 2 young (2048K), 2 survivors (2048K)
 Metaspace       used 35790K, committed 36160K, reserved 1081344K
  class space    used 4564K, committed 4736K, reserved 1048576K
}

