# JRE version: OpenJDK Runtime Environment Temurin-17.0.6+10 (17.0.6+10) (build 17.0.6+10)
# Java VM: OpenJDK 64-Bit Server VM Temurin-17.0.6+10 (17.0.6+10, mixed mode, emulated-client, tiered, compressed oops, compressed class ptrs, g1 gc, windows-amd64)
GC Precious Log:
 CPUs: 4 total, 4 available
 Memory: 7880M
 Large Page Support: Disabled
 NUMA Support: Disabled
 Compressed Oops: Enabled (32-bit)
 Heap Region Size: 1M
 Heap Min Capacity: 8M
 Heap Initial Capacity: 124M
 Heap Max Capacity: 1972M
 Pre-touch: Disabled
 Parallel Workers: 4
 Concurrent Workers: 1
 Concurrent Refinement Workers: 4
 Periodic GC: Disabled
Heap:
 garbage-first heap   total 241664K, used 140296K [0x0000000084c00000, 0x0000000100000000)
  region size 1024K, 94 young (96256K), 1 survivors (1024K)
 Metaspace       used 94233K, committed 94912K, reserved 1130496K
  class space    used 13274K, committed 13568K, reserved 1048576K
GC Heap History (20 events):
Event: 1955.187 GC heap before
{Heap before GC invocations=63 (full 1):
 garbage-first heap   total 90112K, used 65924K [0x0000000084c00000, 0x0000000100000000)
  region size 1024K, 31 young (31744K), 3 survivors (3072K)
 Metaspace       used 93125K, committed 93760K, reserved 1130496K
  class space    used 13159K, committed 13440K, reserved 1048576K
}
Event: 1955.195 GC heap after
{Heap after GC invocations=64 (full 1):
 garbage-first heap   total 90112K, used 41475K [0x0000000084c00000, 0x0000000100000000)
  region size 1024K, 4 young (4096K), 4 survivors (4096K)
 Metaspace       used 93125K, committed 93760K, reserved 1130496K
  class space    used 13159K, committed 13440K, reserved 1048576K
}
Event: 1955.617 GC heap before
{Heap before GC invocations=65 (full 1):
 garbage-first heap   total 90112K, used 71171K [0x0000000084c00000, 0x0000000100000000)
  region size 1024K, 32 young (32768K), 4 survivors (4096K)
 Metaspace       used 93321K, committed 94016K, reserved 1130496K
  class space    used 13175K, committed 13504K, reserved 1048576K
}
Event: 1955.625 GC heap after
{Heap after GC invocations=66 (full 1):
 garbage-first heap   total 90112K, used 43126K [0x0000000084c00000, 0x0000000100000000)
  region size 1024K, 3 young (3072K), 3 survivors (3072K)
 Metaspace       used 93321K, committed 94016K, reserved 1130496K
  class space    used 13175K, committed 13504K, reserved 1048576K
}
Event: 1955.982 GC heap before
{Heap before GC invocations=66 (full 1):
 garbage-first heap   total 90112K, used 70774K [0x0000000084c00000, 0x0000000100000000)
  region size 1024K, 30 young (30720K), 3 survivors (3072K)
 Metaspace       used 93443K, committed 94144K, reserved 1130496K
  class space    used 13184K, committed 13504K, reserved 1048576K
}
Event: 1955.990 GC heap after
{Heap after GC invocations=67 (full 1):
 garbage-first heap   total 90112K, used 45889K [0x0000000084c00000, 0x0000000100000000)
  region size 1024K, 3 young (3072K), 3 survivors (3072K)
 Metaspace       used 93443K, committed 94144K, reserved 1130496K
  class space    used 13184K, committed 13504K, reserved 1048576K
}
Event: 1956.966 GC heap before
{Heap before GC invocations=68 (full 1):
 garbage-first heap   total 91136K, used 70465K [0x0000000084c00000, 0x0000000100000000)
  region size 1024K, 28 young (28672K), 3 survivors (3072K)
 Metaspace       used 93588K, committed 94272K, reserved 1130496K
  class space    used 13211K, committed 13504K, reserved 1048576K
}
Event: 1956.976 GC heap after
{Heap after GC invocations=69 (full 1):
 garbage-first heap   total 91136K, used 49064K [0x0000000084c00000, 0x0000000100000000)
  region size 1024K, 4 young (4096K), 4 survivors (4096K)
 Metaspace       used 93588K, committed 94272K, reserved 1130496K
  class space    used 13211K, committed 13504K, reserved 1048576K
}
Event: 2002.878 GC heap before
{Heap before GC invocations=69 (full 1):
 garbage-first heap   total 91136K, used 53160K [0x0000000084c00000, 0x0000000100000000)
  region size 1024K, 9 young (9216K), 4 survivors (4096K)
 Metaspace       used 93594K, committed 94272K, reserved 1130496K
  class space    used 13213K, committed 13504K, reserved 1048576K
}
Event: 2002.948 GC heap after
{Heap after GC invocations=70 (full 2):
 garbage-first heap   total 91136K, used 39084K [0x0000000084c00000, 0x0000000100000000)
  region size 1024K, 0 young (0K), 0 survivors (0K)
 Metaspace       used 93561K, committed 94272K, reserved 1130496K
  class space    used 13205K, committed 13504K, reserved 1048576K
}
Event: 2003.893 GC heap before
{Heap before GC invocations=70 (full 2):
 garbage-first heap   total 91136K, used 68780K [0x0000000084c00000, 0x0000000100000000)
  region size 1024K, 30 young (30720K), 0 survivors (0K)
 Metaspace       used 93600K, committed 94272K, reserved 1130496K
  class space    used 13211K, committed 13504K, reserved 1048576K
}
Event: 2003.895 GC heap after
{Heap after GC invocations=71 (full 2):
 garbage-first heap   total 91136K, used 41741K [0x0000000084c00000, 0x0000000100000000)
  region size 1024K, 3 young (3072K), 3 survivors (3072K)
 Metaspace       used 93600K, committed 94272K, reserved 1130496K
  class space    used 13211K, committed 13504K, reserved 1048576K
}
Event: 2004.184 GC heap before
{Heap before GC invocations=72 (full 2):
 garbage-first heap   total 91136K, used 70413K [0x0000000084c00000, 0x0000000100000000)
  region size 1024K, 31 young (31744K), 3 survivors (3072K)
 Metaspace       used 93592K, committed 94272K, reserved 1130496K
  class space    used 13203K, committed 13504K, reserved 1048576K
}
Event: 2004.189 GC heap after
{Heap after GC invocations=73 (full 2):
 garbage-first heap   total 91136K, used 43829K [0x0000000084c00000, 0x0000000100000000)
  region size 1024K, 3 young (3072K), 3 survivors (3072K)
 Metaspace       used 93592K, committed 94272K, reserved 1130496K
  class space    used 13203K, committed 13504K, reserved 1048576K
}
Event: 2004.191 GC heap before
{Heap before GC invocations=73 (full 2):
 garbage-first heap   total 91136K, used 43829K [0x0000000084c00000, 0x0000000100000000)
  region size 1024K, 4 young (4096K), 3 survivors (3072K)
 Metaspace       used 93592K, committed 94272K, reserved 1130496K
  class space    used 13203K, committed 13504K, reserved 1048576K
}
Event: 2004.193 GC heap after
{Heap after GC invocations=74 (full 2):
 garbage-first heap   total 91136K, used 44169K [0x0000000084c00000, 0x0000000100000000)
  region size 1024K, 1 young (1024K), 1 survivors (1024K)
 Metaspace       used 93592K, committed 94272K, reserved 1130496K
  class space    used 13203K, committed 13504K, reserved 1048576K
}
Event: 2004.486 GC heap before
{Heap before GC invocations=75 (full 2):
 garbage-first heap   total 91136K, used 66697K [0x0000000084c00000, 0x0000000100000000)
  region size 1024K, 23 young (23552K), 1 survivors (1024K)
 Metaspace       used 93677K, committed 94336K, reserved 1130496K
  class space    used 13204K, committed 13504K, reserved 1048576K
}
Event: 2004.491 GC heap after
{Heap after GC invocations=76 (full 2):
 garbage-first heap   total 91136K, used 46095K [0x0000000084c00000, 0x0000000100000000)
  region size 1024K, 3 young (3072K), 3 survivors (3072K)
 Metaspace       used 93677K, committed 94336K, reserved 1130496K
  class space    used 13204K, committed 13504K, reserved 1048576K
}
Event: 2004.496 GC heap before
{Heap before GC invocations=76 (full 2):
 garbage-first heap   total 91136K, used 47119K [0x0000000084c00000, 0x0000000100000000)
  region size 1024K, 4 young (4096K), 3 survivors (3072K)
 Metaspace       used 93677K, committed 94336K, reserved 1130496K
  class space    used 13204K, committed 13504K, reserved 1048576K
}
Event: 2004.504 GC heap after
{Heap after GC invocations=77 (full 2):
 garbage-first heap   total 241664K, used 46088K [0x0000000084c00000, 0x0000000100000000)
  region size 1024K, 1 young (1024K), 1 survivors (1024K)
 Metaspace       used 93677K, committed 94336K, reserved 1130496K
  class space    used 13204K, committed 13504K, reserved 1048576K
}

