# JRE version: OpenJDK Runtime Environment Temurin-17.0.6+10 (17.0.6+10) (build 17.0.6+10)
# Java VM: OpenJDK 64-Bit Server VM Temurin-17.0.6+10 (17.0.6+10, mixed mode, emulated-client, tiered, compressed oops, compressed class ptrs, g1 gc, windows-amd64)
GC Precious Log:
 CPUs: 4 total, 4 available
 Memory: 7880M
 Large Page Support: Disabled
 NUMA Support: Disabled
 Compressed Oops: Enabled (32-bit)
 Heap Region Size: 1M
 Heap Min Capacity: 8M
 Heap Initial Capacity: 124M
 Heap Max Capacity: 1972M
 Pre-touch: Disabled
 Parallel Workers: 4
 Concurrent Workers: 1
 Concurrent Refinement Workers: 4
 Periodic GC: Disabled
Heap:
 garbage-first heap   total 126976K, used 47091K [0x0000000084c00000, 0x0000000100000000)
  region size 1024K, 3 young (3072K), 3 survivors (3072K)
 Metaspace       used 92562K, committed 93120K, reserved 1130496K
  class space    used 12966K, committed 13248K, reserved 1048576K
GC Heap History (20 events):
Event: 6731.484 GC heap after
{Heap after GC invocations=56 (full 1):
 garbage-first heap   total 95232K, used 39839K [0x0000000084c00000, 0x0000000100000000)
  region size 1024K, 3 young (3072K), 3 survivors (3072K)
 Metaspace       used 91558K, committed 92288K, reserved 1130496K
  class space    used 12841K, committed 13184K, reserved 1048576K
}
Event: 6732.070 GC heap before
{Heap before GC invocations=57 (full 1):
 garbage-first heap   total 95232K, used 75679K [0x0000000084c00000, 0x0000000100000000)
  region size 1024K, 37 young (37888K), 3 survivors (3072K)
 Metaspace       used 91755K, committed 92352K, reserved 1130496K
  class space    used 12857K, committed 13184K, reserved 1048576K
}
Event: 6732.075 GC heap after
{Heap after GC invocations=58 (full 1):
 garbage-first heap   total 95232K, used 41418K [0x0000000084c00000, 0x0000000100000000)
  region size 1024K, 5 young (5120K), 5 survivors (5120K)
 Metaspace       used 91755K, committed 92352K, reserved 1130496K
  class space    used 12857K, committed 13184K, reserved 1048576K
}
Event: 6732.887 GC heap before
{Heap before GC invocations=58 (full 1):
 garbage-first heap   total 95232K, used 74186K [0x0000000084c00000, 0x0000000100000000)
  region size 1024K, 37 young (37888K), 5 survivors (5120K)
 Metaspace       used 91880K, committed 92480K, reserved 1130496K
  class space    used 12866K, committed 13184K, reserved 1048576K
}
Event: 6732.895 GC heap after
{Heap after GC invocations=59 (full 1):
 garbage-first heap   total 95232K, used 44978K [0x0000000084c00000, 0x0000000100000000)
  region size 1024K, 4 young (4096K), 4 survivors (4096K)
 Metaspace       used 91880K, committed 92480K, reserved 1130496K
  class space    used 12866K, committed 13184K, reserved 1048576K
}
Event: 6795.860 GC heap before
{Heap before GC invocations=60 (full 1):
 garbage-first heap   total 95232K, used 64434K [0x0000000084c00000, 0x0000000100000000)
  region size 1024K, 24 young (24576K), 4 survivors (4096K)
 Metaspace       used 92013K, committed 92544K, reserved 1130496K
  class space    used 12892K, committed 13184K, reserved 1048576K
}
Event: 6795.928 GC heap after
{Heap after GC invocations=61 (full 2):
 garbage-first heap   total 95232K, used 37654K [0x0000000084c00000, 0x0000000100000000)
  region size 1024K, 0 young (0K), 0 survivors (0K)
 Metaspace       used 91985K, committed 92544K, reserved 1130496K
  class space    used 12885K, committed 13184K, reserved 1048576K
}
Event: 6796.778 GC heap before
{Heap before GC invocations=61 (full 2):
 garbage-first heap   total 95232K, used 73494K [0x0000000084c00000, 0x0000000100000000)
  region size 1024K, 35 young (35840K), 0 survivors (0K)
 Metaspace       used 92040K, committed 92608K, reserved 1130496K
  class space    used 12892K, committed 13184K, reserved 1048576K
}
Event: 6796.783 GC heap after
{Heap after GC invocations=62 (full 2):
 garbage-first heap   total 95232K, used 40410K [0x0000000084c00000, 0x0000000100000000)
  region size 1024K, 3 young (3072K), 3 survivors (3072K)
 Metaspace       used 92040K, committed 92608K, reserved 1130496K
  class space    used 12892K, committed 13184K, reserved 1048576K
}
Event: 6797.313 GC heap before
{Heap before GC invocations=63 (full 2):
 garbage-first heap   total 95232K, used 74202K [0x0000000084c00000, 0x0000000100000000)
  region size 1024K, 35 young (35840K), 3 survivors (3072K)
 Metaspace       used 92002K, committed 92608K, reserved 1130496K
  class space    used 12885K, committed 13184K, reserved 1048576K
}
Event: 6797.322 GC heap after
{Heap after GC invocations=64 (full 2):
 garbage-first heap   total 95232K, used 42933K [0x0000000084c00000, 0x0000000100000000)
  region size 1024K, 3 young (3072K), 3 survivors (3072K)
 Metaspace       used 92002K, committed 92608K, reserved 1130496K
  class space    used 12885K, committed 13184K, reserved 1048576K
}
Event: 6797.347 GC heap before
{Heap before GC invocations=64 (full 2):
 garbage-first heap   total 95232K, used 42933K [0x0000000084c00000, 0x0000000100000000)
  region size 1024K, 4 young (4096K), 3 survivors (3072K)
 Metaspace       used 92003K, committed 92608K, reserved 1130496K
  class space    used 12885K, committed 13184K, reserved 1048576K
}
Event: 6797.351 GC heap after
{Heap after GC invocations=65 (full 2):
 garbage-first heap   total 95232K, used 43291K [0x0000000084c00000, 0x0000000100000000)
  region size 1024K, 1 young (1024K), 1 survivors (1024K)
 Metaspace       used 92003K, committed 92608K, reserved 1130496K
  class space    used 12885K, committed 13184K, reserved 1048576K
}
Event: 6879.259 GC heap before
{Heap before GC invocations=65 (full 2):
 garbage-first heap   total 95232K, used 74011K [0x0000000084c00000, 0x0000000100000000)
  region size 1024K, 32 young (32768K), 1 survivors (1024K)
 Metaspace       used 92467K, committed 92992K, reserved 1130496K
  class space    used 12953K, committed 13184K, reserved 1048576K
}
Event: 6879.264 GC heap after
{Heap after GC invocations=66 (full 2):
 garbage-first heap   total 95232K, used 45385K [0x0000000084c00000, 0x0000000100000000)
  region size 1024K, 3 young (3072K), 3 survivors (3072K)
 Metaspace       used 92467K, committed 92992K, reserved 1130496K
  class space    used 12953K, committed 13184K, reserved 1048576K
}
Event: 6879.644 GC heap before
{Heap before GC invocations=67 (full 2):
 garbage-first heap   total 95232K, used 74981K [0x0000000084c00000, 0x0000000100000000)
  region size 1024K, 32 young (32768K), 3 survivors (3072K)
 Metaspace       used 92514K, committed 93056K, reserved 1130496K
  class space    used 12959K, committed 13248K, reserved 1048576K
}
Event: 6879.651 GC heap after
{Heap after GC invocations=68 (full 2):
 garbage-first heap   total 95232K, used 47008K [0x0000000084c00000, 0x0000000100000000)
  region size 1024K, 3 young (3072K), 3 survivors (3072K)
 Metaspace       used 92514K, committed 93056K, reserved 1130496K
  class space    used 12959K, committed 13248K, reserved 1048576K
}
Event: 6879.666 GC heap before
{Heap before GC invocations=68 (full 2):
 garbage-first heap   total 95232K, used 48032K [0x0000000084c00000, 0x0000000100000000)
  region size 1024K, 4 young (4096K), 3 survivors (3072K)
 Metaspace       used 92527K, committed 93056K, reserved 1130496K
  class space    used 12960K, committed 13248K, reserved 1048576K
}
Event: 6879.674 GC heap after
{Heap after GC invocations=69 (full 2):
 garbage-first heap   total 95232K, used 44470K [0x0000000084c00000, 0x0000000100000000)
  region size 1024K, 1 young (1024K), 1 survivors (1024K)
 Metaspace       used 92527K, committed 93056K, reserved 1130496K
  class space    used 12960K, committed 13248K, reserved 1048576K
}
Event: 6879.947 GC heap before
{Heap before GC invocations=69 (full 2):
 garbage-first heap   total 95232K, used 66998K [0x0000000084c00000, 0x0000000100000000)
  region size 1024K, 25 young (25600K), 1 survivors (1024K)
 Metaspace       used 92562K, committed 93120K, reserved 1130496K
  class space    used 12966K, committed 13248K, reserved 1048576K
}

